------Start of DE processing------ = [9/18/19 19:52:19:127 UTC]
Exception = java.lang.ClassNotFoundException
Source = com.ibm.ws.jaxrs20.server.component.JaxRsWebModuleInfoBuilder
probeid = 335
Stack Dump = java.lang.ClassNotFoundException: application.rest.JaxrsApplication
	at com.ibm.ws.classloading.internal.UnifiedClassLoader.findClass(UnifiedClassLoader.java:134)
	at com.ibm.ws.classloading.internal.ThreadContextClassLoader.findClass(ThreadContextClassLoader.java:138)
	at java.lang.ClassLoader.loadClassHelper(ClassLoader.java:935)
	at java.lang.ClassLoader.loadClass(ClassLoader.java:880)
	at com.ibm.ws.classloading.internal.UnifiedClassLoader.loadClass0(UnifiedClassLoader.java:113)
	at com.ibm.ws.classloading.internal.UnifiedClassLoader$Delegation.loadClass(UnifiedClassLoader.java:82)
	at com.ibm.ws.classloading.internal.UnifiedClassLoader.loadClass(UnifiedClassLoader.java:106)
	at com.ibm.ws.classloading.internal.ThreadContextClassLoader.loadClass(ThreadContextClassLoader.java:154)
	at java.lang.ClassLoader.loadClass(ClassLoader.java:863)
	at com.ibm.ws.jaxrs20.server.component.JaxRsWebModuleInfoBuilder.build(JaxRsWebModuleInfoBuilder.java:288)
	at com.ibm.ws.jaxrs20.component.JaxRsModuleMetaDataListener.extendModuleMetaData(JaxRsModuleMetaDataListener.java:109)
	at com.ibm.ws.app.manager.module.internal.SimpleDeployedAppInfoBase$ModuleContainerInfoBase.createModuleMetaData(SimpleDeployedAppInfoBase.java:177)
	at com.ibm.ws.app.manager.module.internal.DeployedAppInfoBase.preDeployApp(DeployedAppInfoBase.java:369)
	at com.ibm.ws.app.manager.module.internal.DeployedAppInfoBase.deployApp(DeployedAppInfoBase.java:413)
	at com.ibm.ws.app.manager.war.internal.WARApplicationHandlerImpl.install(WARApplicationHandlerImpl.java:65)
	at com.ibm.ws.app.manager.internal.statemachine.StartAction.execute(StartAction.java:140)
	at com.ibm.ws.app.manager.internal.statemachine.ApplicationStateMachineImpl.enterState(ApplicationStateMachineImpl.java:1261)
	at com.ibm.ws.app.manager.internal.statemachine.ApplicationStateMachineImpl.performAction(ApplicationStateMachineImpl.java:1129)
	at com.ibm.ws.app.manager.internal.statemachine.ApplicationStateMachineImpl.run(ApplicationStateMachineImpl.java:884)
	at com.ibm.ws.threading.internal.ExecutorServiceImpl$RunnableWrapper.run(ExecutorServiceImpl.java:239)
	at java.util.concurrent.ThreadPoolExecutor.runWorker(ThreadPoolExecutor.java:1160)
	at java.util.concurrent.ThreadPoolExecutor$Worker.run(ThreadPoolExecutor.java:635)
	at java.lang.Thread.run(Thread.java:818)

Dump of callerThis
Object type = com.ibm.ws.jaxrs20.server.component.JaxRsWebModuleInfoBuilder
  tc = class com.ibm.websphere.ras.TraceComponent@3b1ea7f9
    strings[0] = "TraceComponent[com.ibm.ws.jaxrs20.server.component.JaxRsWebModuleInfoBuilder,class com.ibm.ws.jaxrs20.server.component.JaxRsWebModuleInfoBuilder,[JaxRsServer],com.ibm.ws.jaxrs20.server.internal.resources.JaxRsServerMessages,null]"
  serialVersionUID = 5338124954654619531
  extensions = class java.util.concurrent.CopyOnWriteArraySet@8cf0017a
    serialVersionUID = 5457747651344034263
    al = class java.util.concurrent.CopyOnWriteArrayList@446d74e2
      serialVersionUID = 8673264195747942595
      lock = class java.util.concurrent.locks.ReentrantLock@57b0aab2
      array = class java.lang.Object[0]
      UNSAFE = class sun.misc.Unsafe@80b6cc26
      lockOffset = 8
    MAX_ARRAY_SIZE = 2147483639
  supportType = class com.ibm.ws.jaxrs20.metadata.JaxRsModuleType@89048415
    WEB = class com.ibm.ws.jaxrs20.metadata.JaxRsModuleType@89048415
    EJB = class com.ibm.ws.jaxrs20.metadata.JaxRsModuleType@7d2d1b52
      WEB = class com.ibm.ws.jaxrs20.metadata.JaxRsModuleType@89048415
      EJB = class com.ibm.ws.jaxrs20.metadata.JaxRsModuleType@7d2d1b52
      $VALUES = class com.ibm.ws.jaxrs20.metadata.JaxRsModuleType[2]
      $$$tc$$$ = class com.ibm.websphere.ras.TraceComponent@fed44378
      name = "EJB"
      ordinal = 1
    $VALUES = class com.ibm.ws.jaxrs20.metadata.JaxRsModuleType[2]
      JaxRsModuleType[0] = class com.ibm.ws.jaxrs20.metadata.JaxRsModuleType@89048415
      JaxRsModuleType[1] = class com.ibm.ws.jaxrs20.metadata.JaxRsModuleType@7d2d1b52
    $$$tc$$$ = class com.ibm.websphere.ras.TraceComponent@fed44378
      strings[0] = "TraceComponent[com.ibm.ws.jaxrs20.metadata.JaxRsModuleType,class com.ibm.ws.jaxrs20.metadata.JaxRsModuleType,[],null,null]"
    name = "WEB"
    ordinal = 0
  serialVersionUID = 2385029802901215889
  $$$tc$$$ = class com.ibm.websphere.ras.TraceComponent@5b1d8e5
    strings[0] = "TraceComponent[com.ibm.ws.jaxrs20.metadata.builder.AbstractJaxRsModuleInfoBuilder,class com.ibm.ws.jaxrs20.metadata.builder.AbstractJaxRsModuleInfoBuilder,[],null,null]"

Dump of objectArray[0]
Object type = com.ibm.ws.webcontainer.osgi.metadata.WebModuleMetaDataImpl
  applicationMetaData = class com.ibm.ws.container.service.app.deploy.internal.ApplicationMetaDataImpl@efb0b586
    j2eeName = class com.ibm.ws.container.service.metadata.internal.J2EENameImpl@b7271c9b
      serialVersionUID = 7488184044073147667
      application = "gameclient"
      module = null
      component = null
      string = null
      j2eeNameBytes = null
      $$$tc$$$ = class com.ibm.websphere.ras.TraceComponent@8d3ad0df
    serialVersionUID = -7906531148367236579
    $$$tc$$$ = class com.ibm.websphere.ras.TraceComponent@4d4af8a8
      strings[0] = "TraceComponent[com.ibm.ws.container.service.app.deploy.internal.ApplicationMetaDataImpl,class com.ibm.ws.container.service.app.deploy.internal.ApplicationMetaDataImpl,[container.service],com.ibm.ws.container.service.resources.Messages,null]"
    tc = class com.ibm.websphere.ras.TraceComponent@f7362773
    NUM_STATIC_SLOTS = 4
    ID_UNINITIALIZED = -1
    id = 2
    metaDataInterface = class java.lang.Class@992fad58
      serialVersionUID = 3206093459760846163
      AllPermissionsPD = null
      SYNTHETIC = 4096
      ANNOTATION = 8192
      ENUM = 16384
      MEMBER_INVALID_TYPE = -1
      EmptyParameters = class java.lang.Class[0]
      vmRef = 16412672
      protectionDomain = class org.eclipse.osgi.internal.loader.ModuleClassLoader$GenerationProtectionDomain@d26de0d0
      classNameString = null
      annotationVars = null
      annotationVarsOffset = 28
      classValueMap = null
      enumVars = null
      enumVarsOffset = 36
      initializationLock = class java.lang.J9VMInternals$ClassInitializationLock@dabea59c
      methodHandleCache = null
      classRepoHolder = null
      annotationCache = null
      annotationCacheOffset = 52
      reflectCacheEnabled = true
      reflectCacheDebug = false
      reflectCacheAppOnly = false
      cachedInterfaces = null
      cachedInterfacesOffset = 56
      cachedDeclaringClass = null
      cachedDeclaringClassOffset = 60
      cachedEnclosingClass = null
      cachedEnclosingClassOffset = 64
      EMPTY_ANNOTATION_ARRAY = interface java.lang.annotation.Annotation[0]
      implLookup = null
      unsafe = class sun.misc.Unsafe@80b6cc26
      copyMethod = class java.lang.reflect.Method@7ec6f047
      copyField = class java.lang.reflect.Method@9c208ac3
      copyConstructor = class java.lang.reflect.Method@a58effee
      methodParameterTypesField = class java.lang.reflect.Field@da30e77c
      constructorParameterTypesField = class java.lang.reflect.Field@f4c28cc3
      NoArgs = class java.lang.Object[0]
      reflectCache = null
      reflectCacheOffset = 68
    staticSlots = class java.lang.Object[4]
      Object[0] = null
      Object[1] = class com.ibm.ws.injectionengine.osgi.internal.OSGiInjectionScopeData@3c20035c
      Object[2] = "gameclient-1.0-SNAPSHOT"
      Object[3] = null
    dynamicSlots = null
  j2eeName = class com.ibm.ws.container.service.metadata.internal.J2EENameImpl@7ea0256d
    serialVersionUID = 7488184044073147667
    application = "gameclient"
    module = "gameclient-1.0-SNAPSHOT.war"
    component = null
    string = null
    j2eeNameBytes = null
    $$$tc$$$ = class com.ibm.websphere.ras.TraceComponent@8d3ad0df
      strings[0] = "TraceComponent[com.ibm.ws.container.service.metadata.internal.J2EENameImpl,class com.ibm.ws.container.service.metadata.internal.J2EENameImpl,[Runtime],,null]"
  wccmd = class com.ibm.ws.webcontainer.osgi.metadata.WebCollaboratorComponentMetaDataImpl@dc07ae52
    j2eeName = null
    webModuleMetaData = class com.ibm.ws.webcontainer.osgi.metadata.WebModuleMetaDataImpl@46654c3d
    tc = class com.ibm.websphere.ras.TraceComponent@f7362773
    NUM_STATIC_SLOTS = 4
    ID_UNINITIALIZED = -1
    id = -1
    metaDataInterface = class java.lang.Class@4311c60
      serialVersionUID = 3206093459760846163
      AllPermissionsPD = null
      SYNTHETIC = 4096
      ANNOTATION = 8192
      ENUM = 16384
      MEMBER_INVALID_TYPE = -1
      EmptyParameters = class java.lang.Class[0]
      vmRef = 16414464
      protectionDomain = class org.eclipse.osgi.internal.loader.ModuleClassLoader$GenerationProtectionDomain@d26de0d0
      classNameString = null
      annotationVars = null
      annotationVarsOffset = 28
      classValueMap = null
      enumVars = null
      enumVarsOffset = 36
      initializationLock = class java.lang.J9VMInternals$ClassInitializationLock@3e970e79
      methodHandleCache = null
      classRepoHolder = null
      annotationCache = null
      annotationCacheOffset = 52
      reflectCacheEnabled = true
      reflectCacheDebug = false
      reflectCacheAppOnly = false
      cachedInterfaces = null
      cachedInterfacesOffset = 56
      cachedDeclaringClass = null
      cachedDeclaringClassOffset = 60
      cachedEnclosingClass = null
      cachedEnclosingClassOffset = 64
      EMPTY_ANNOTATION_ARRAY = interface java.lang.annotation.Annotation[0]
      implLookup = null
      unsafe = class sun.misc.Unsafe@80b6cc26
      copyMethod = class java.lang.reflect.Method@7ec6f047
      copyField = class java.lang.reflect.Method@9c208ac3
      copyConstructor = class java.lang.reflect.Method@a58effee
      methodParameterTypesField = class java.lang.reflect.Field@da30e77c
      constructorParameterTypesField = class java.lang.reflect.Field@f4c28cc3
      NoArgs = class java.lang.Object[0]
      reflectCache = null
      reflectCacheOffset = 68
    staticSlots = class java.lang.Object[4]
      Object[0] = null
      Object[1] = null
      Object[2] = null
      Object[3] = null
    dynamicSlots = null
  securityMetaData = class com.ibm.ws.webcontainer.security.metadata.SecurityServletConfiguratorHelper@5e7dc542
    AUTH_METHOD_KEY = "auth-method"
    FORM_LOGIN_CONFIG_KEY = "form-login-config"
    REALM_NAME_KEY = "realm-name"
    LOGIN_CONFIG_KEY = "login-config"
    RUN_AS_KEY = "run-as"
    SERVLET_NAME_KEY = "servlet-name"
    SERVLET_KEY = "servlet"
    SECURITY_CONSTRAINT_KEY = "security-constraint"
    AUTH_CONSTRAINT_KEY = "auth-constraint"
    USER_DATA_CONSTRAINT_KEY = "user-data-constraint"
    DENY_UNCOVERED_HTTP_METHODS_KEY = "deny-uncovered-http-methods"
    SYNC_TO_OS_THREAD_ENV_ENTRY_KEY = "com.ibm.websphere.security.SyncToOSThread"
    ROLES_ALLOWED = "javax.annotation.security.RolesAllowed"
    tc = class com.ibm.websphere.ras.TraceComponent@32ceb059
      strings[0] = "TraceComponent[com.ibm.ws.webcontainer.security.metadata.SecurityServletConfiguratorHelper,class com.ibm.ws.webcontainer.security.metadata.SecurityServletConfiguratorHelper,[WebAppSecurity],com.ibm.ws.webcontainer.security.resources.WebAppSecurityMessages,null]"
    configurator = null
    ALL_ROLES_MARKER = "*"
    securityConstraintCollection = null
    loginConfiguration = class com.ibm.ws.webcontainer.security.metadata.LoginConfigurationImpl@d030ba93
      CLIENT_CERT_AUTH_METHOD = "CLIENT-CERT"
      authenticationMethod = "BASIC"
      realmName = null
      formLoginConfiguration = null
      authenticationMethodDefaulted = true
      serialVersionUID = 8487943836946016313
      $$$tc$$$ = class com.ibm.websphere.ras.TraceComponent@e4b72cf7
    allRoles = class java.util.ArrayList@8fc9aab0
      serialVersionUID = 8683452581122892189
      DEFAULT_CAPACITY = 10
      EMPTY_ELEMENTDATA = class java.lang.Object[0]
      DEFAULTCAPACITY_EMPTY_ELEMENTDATA = class java.lang.Object[0]
      elementData = class java.lang.Object[0]
      size = 0
      MAX_ARRAY_SIZE = 2147483639
      modCount = 0
      MAX_ARRAY_SIZE = 2147483639
    securityRoleRefsByServlet = class java.util.HashMap@260d27ec
      serialVersionUID = 362498820763181265
      DEFAULT_INITIAL_CAPACITY = 16
      MAXIMUM_CAPACITY = 1073741824
      DEFAULT_LOAD_FACTOR = 0.75
      TREEIFY_THRESHOLD = 8
      UNTREEIFY_THRESHOLD = 6
      MIN_TREEIFY_CAPACITY = 64
      table = null
      entrySet = null
      size = 0
      modCount = 0
      threshold = 0
      loadFactor = 0.75
      keySet = null
      values = null
    urlPatternToServletName = class java.util.HashMap@64068588
      serialVersionUID = 362498820763181265
      DEFAULT_INITIAL_CAPACITY = 16
      MAXIMUM_CAPACITY = 1073741824
      DEFAULT_LOAD_FACTOR = 0.75
      TREEIFY_THRESHOLD = 8
      UNTREEIFY_THRESHOLD = 6
      MIN_TREEIFY_CAPACITY = 64
      table = null
      entrySet = null
      size = 0
      modCount = 0
      threshold = 0
      loadFactor = 0.75
      keySet = null
      values = null
    servletNameToRunAsRole = class java.util.HashMap@a0f380ef
      serialVersionUID = 362498820763181265
      DEFAULT_INITIAL_CAPACITY = 16
      MAXIMUM_CAPACITY = 1073741824
      DEFAULT_LOAD_FACTOR = 0.75
      TREEIFY_THRESHOLD = 8
      UNTREEIFY_THRESHOLD = 6
      MIN_TREEIFY_CAPACITY = 64
      table = null
      entrySet = null
      size = 0
      modCount = 0
      threshold = 0
      loadFactor = 0.75
      keySet = null
      values = null
    syncToOSThread = false
    denyUncoveredHttpMethods = false
    serialVersionUID = 3937804347548930695
  annotatedSecurityMetaData = null
  webAppConfig = class com.ibm.ws.webcontainer.osgi.webapp.WebAppConfiguration@fde36061
    webModuleMetaData = class com.ibm.ws.webcontainer.osgi.metadata.WebModuleMetaDataImpl@46654c3d
    webComponentMetaData = class com.ibm.ws.webcontainer.osgi.metadata.WebComponentMetaDataImpl@a7c3012e
      j2eeName = null
      webModuleMetaData = class com.ibm.ws.webcontainer.osgi.metadata.WebModuleMetaDataImpl@46654c3d
      mBeanServiceReg = null
      tc = class com.ibm.websphere.ras.TraceComponent@f7362773
      NUM_STATIC_SLOTS = 4
      ID_UNINITIALIZED = -1
      id = -1
      metaDataInterface = class java.lang.Class@4311c60
      staticSlots = class java.lang.Object[4]
      dynamicSlots = null
    dVirtualHost = null
    orderedLibPaths = class java.util.Collections$UnmodifiableRandomAccessList@618f3223
      serialVersionUID = -2542308836966382001
      serialVersionUID = -283967356065247728
      list = class java.util.ArrayList@ed4da47a
      serialVersionUID = 1820017752578914078
      c = class java.util.ArrayList@ed4da47a
    bundleHeaders = null
    cdiEnabled = false
    CLASS_NAME = "com.ibm.ws.webcontainer.webapp.WebAppConfiguration"
    logger = class com.ibm.ws.logging.internal.WsLogger@ddccb569
      tc = class com.ibm.websphere.ras.TraceComponent@b9ed77c0
      ivCachedResourceBundleName = "com.ibm.ws.webcontainer.resources.Messages"
      ivCachedResourceBundle = class com.ibm.ws.webcontainer.resources.Messages@d09f9cc
      ivComponent = null
      ivOrganization = null
      ivProduct = null
      ivMinimumLocalizationLevelIntValue = 625
      ivTC = class com.ibm.websphere.ras.TraceComponent@2b935553
      loggerRegistrationComponent = class java.lang.ThreadLocal@c0f21221
      emptyHandlers = class java.util.logging.Handler[0]
      offValue = 2147483647
      SYSTEM_LOGGER_RB_NAME = "sun.util.logging.resources.logging"
      SYSTEM_BUNDLE = class java.util.logging.Logger$LoggerBundle@2aab01be
      NO_RESOURCE_BUNDLE = class java.util.logging.Logger$LoggerBundle@6e1355ae
      manager = class com.ibm.ws.kernel.boot.logging.WsLogManager@94aa9383
      name = "com.ibm.ws.webcontainer.webapp"
      handlers = class java.util.concurrent.CopyOnWriteArrayList@bd84b317
      loggerBundle = class java.util.logging.Logger$LoggerBundle@8739931a
      useParentHandlers = true
      filter = null
      anonymous = false
      catalog = class com.ibm.ws.webcontainer.resources.Messages@d09f9cc
      catalogName = "com.ibm.ws.webcontainer.resources.Messages"
      catalogLocale = class java.util.Locale@d286a98c
      treeLock = class java.lang.Object@2f529020
      parent = class com.ibm.ws.logging.internal.WsLogger@7f2409b9
      kids = null
      levelObject = class java.util.logging.Level@c24e521b
      levelValue = 800
      callersClassLoaderRef = class java.lang.ref.WeakReference@f2a9080c
      isSystemLogger = false
      GLOBAL_LOGGER_NAME = "global"
      global = class java.util.logging.Logger@7aa95b2e
      $assertionsDisabled = true
    tc = class com.ibm.websphere.ras.TraceComponent@b1f1a67e
      strings[0] = "TraceComponent[com.ibm.ws.webcontainer.webapp.WebAppConfiguration,class com.ibm.ws.webcontainer.webapp.WebAppConfiguration,[webcontainer],com.ibm.ws.webcontainer.resources.LShimMessages,null]"
    nls = class com.ibm.ejs.ras.TraceNLS@84380c18
      resolver = class com.ibm.ws.logging.internal.TraceNLSResolver@ab4aed18
      finder = null
      ivBundleName = "com.ibm.ws.webcontainer.resources.Messages"
      caller = class java.lang.Class@6e7ba598
    version = 30
    contextRoot = "/"
    isDefaultContextRootUsed = false
    sessionTimeout = 0
    moduleSessionTimeoutSet = false
    moduleSessionTrackingModeSet = false
    sessionCookieConfig = null
    hasProgrammaticCookieConfig = false
    sessionDefaultTrackingModeSet = null
    sessionManagerConfig = null
    displayName = "gameclient-1.0-SNAPSHOT"
    description = null
    reloadInterval = 0
    distributable = false
    denyUncoveredHttpMethods = false
    reloadingEnabled = false
    serveServletsByClassnameEnabled = null
    defaultErrorPage = null
    additionalClassPath = null
    fileServingEnabled = null
    directoryBrowsingEnabled = null
    autoRequestEncoding = false
    autoResponseEncoding = false
    autoLoadFilters = false
    requestListeners = null
    requestAttributeListeners = null
    sessionListeners = null
    localeMap = null
    moduleName = "gameclient-1.0-SNAPSHOT"
    j2eeModuleName = "gameclient-1.0-SNAPSHOT.war"
    moduleId = null
    isSyncToThreadEnabled = false
    encodeDispatchedRequestURI = false
    isSystemApp = false
    ardEnabled = false
    ardDispatchType = null
    listeners = class java.util.ArrayList@8fbcec11
      serialVersionUID = 8683452581122892189
      DEFAULT_CAPACITY = 10
      EMPTY_ELEMENTDATA = class java.lang.Object[0]
      DEFAULTCAPACITY_EMPTY_ELEMENTDATA = class java.lang.Object[0]
      elementData = class java.lang.Object[0]
      size = 0
      MAX_ARRAY_SIZE = 2147483639
      modCount = 0
      MAX_ARRAY_SIZE = 2147483639
    welcomeFileList = class java.util.ArrayList@2218f06f
      serialVersionUID = 8683452581122892189
      DEFAULT_CAPACITY = 10
      EMPTY_ELEMENTDATA = class java.lang.Object[0]
      DEFAULTCAPACITY_EMPTY_ELEMENTDATA = class java.lang.Object[0]
      elementData = class java.lang.Object[10]
      size = 3
      MAX_ARRAY_SIZE = 2147483639
      modCount = 1
      MAX_ARRAY_SIZE = 2147483639
    servletMappings = class java.util.HashMap@adda9923
      serialVersionUID = 362498820763181265
      DEFAULT_INITIAL_CAPACITY = 16
      MAXIMUM_CAPACITY = 1073741824
      DEFAULT_LOAD_FACTOR = 0.75
      TREEIFY_THRESHOLD = 8
      UNTREEIFY_THRESHOLD = 6
      MIN_TREEIFY_CAPACITY = 64
      table = null
      entrySet = null
      size = 0
      modCount = 0
      threshold = 0
      loadFactor = 0.75
      keySet = null
      values = null
    lastIndexBeforeDeclaredFilters = 0
    filterMappings = class java.util.ArrayList@b2bc900d
      serialVersionUID = 8683452581122892189
      DEFAULT_CAPACITY = 10
      EMPTY_ELEMENTDATA = class java.lang.Object[0]
      DEFAULTCAPACITY_EMPTY_ELEMENTDATA = class java.lang.Object[0]
      elementData = class java.lang.Object[0]
      size = 0
      MAX_ARRAY_SIZE = 2147483639
      modCount = 0
      MAX_ARRAY_SIZE = 2147483639
    servletInfo = class java.util.concurrent.ConcurrentHashMap@bbef20ec
      serialVersionUID = 7249069246763182397
      MAXIMUM_CAPACITY = 1073741824
      DEFAULT_CAPACITY = 16
      MAX_ARRAY_SIZE = 2147483639
      DEFAULT_CONCURRENCY_LEVEL = 16
      LOAD_FACTOR = 0.75
      TREEIFY_THRESHOLD = 8
      UNTREEIFY_THRESHOLD = 6
      MIN_TREEIFY_CAPACITY = 64
      MIN_TRANSFER_STRIDE = 16
      RESIZE_STAMP_BITS = 16
      MAX_RESIZERS = 65535
      RESIZE_STAMP_SHIFT = 16
      MOVED = -1
      TREEBIN = -2
      RESERVED = -3
      HASH_BITS = 2147483647
      NCPU = 10
      serialPersistentFields = class java.io.ObjectStreamField[3]
      table = null
      nextTable = null
      baseCount = 0
      sizeCtl = 0
      transferIndex = 0
      cellsBusy = 0
      counterCells = null
      keySet = null
      values = class java.util.concurrent.ConcurrentHashMap$ValuesView@1a12ce71
      entrySet = null
      U = class sun.misc.Unsafe@80b6cc26
      SIZECTL = 48
      TRANSFERINDEX = 52
      BASECOUNT = 16
      CELLSBUSY = 56
      CELLVALUE = 72
      ABASE = 8
      ASHIFT = 2
      keySet = null
      values = null
    filterInfo = class java.util.HashMap@dc555af4
      serialVersionUID = 362498820763181265
      DEFAULT_INITIAL_CAPACITY = 16
      MAXIMUM_CAPACITY = 1073741824
      DEFAULT_LOAD_FACTOR = 0.75
      TREEIFY_THRESHOLD = 8
      UNTREEIFY_THRESHOLD = 6
      MIN_TREEIFY_CAPACITY = 64
      table = null
      entrySet = null
      size = 0
      modCount = 0
      threshold = 0
      loadFactor = 0.75
      keySet = null
      values = null
    mimeMappings = class java.util.HashMap@1e3f43f1
      serialVersionUID = 362498820763181265
      DEFAULT_INITIAL_CAPACITY = 16
      MAXIMUM_CAPACITY = 1073741824
      DEFAULT_LOAD_FACTOR = 0.75
      TREEIFY_THRESHOLD = 8
      UNTREEIFY_THRESHOLD = 6
      MIN_TREEIFY_CAPACITY = 64
      table = null
      entrySet = null
      size = 0
      modCount = 0
      threshold = 0
      loadFactor = 0.75
      keySet = null
      values = null
    mimeFilters = null
    isMimeFilteringEnabled = false
    theWebGroup = null
    jspAttributes = null
    fileServingAttributes = class java.util.HashMap@62441a39
      serialVersionUID = 362498820763181265
      DEFAULT_INITIAL_CAPACITY = 16
      MAXIMUM_CAPACITY = 1073741824
      DEFAULT_LOAD_FACTOR = 0.75
      TREEIFY_THRESHOLD = 8
      UNTREEIFY_THRESHOLD = 6
      MIN_TREEIFY_CAPACITY = 64
      table = null
      entrySet = null
      size = 0
      modCount = 0
      threshold = 0
      loadFactor = 0.75
      keySet = null
      values = null
    invokerAttributes = class java.util.HashMap@78cfd962
      serialVersionUID = 362498820763181265
      DEFAULT_INITIAL_CAPACITY = 16
      MAXIMUM_CAPACITY = 1073741824
      DEFAULT_LOAD_FACTOR = 0.75
      TREEIFY_THRESHOLD = 8
      UNTREEIFY_THRESHOLD = 6
      MIN_TREEIFY_CAPACITY = 64
      table = null
      entrySet = null
      size = 0
      modCount = 0
      threshold = 0
      loadFactor = 0.75
      keySet = null
      values = null
    contextParams = class java.util.HashMap@b90f362f
      serialVersionUID = 362498820763181265
      DEFAULT_INITIAL_CAPACITY = 16
      MAXIMUM_CAPACITY = 1073741824
      DEFAULT_LOAD_FACTOR = 0.75
      TREEIFY_THRESHOLD = 8
      UNTREEIFY_THRESHOLD = 6
      MIN_TREEIFY_CAPACITY = 64
      table = null
      entrySet = null
      size = 0
      modCount = 0
      threshold = 0
      loadFactor = 0.75
      keySet = null
      values = null
    virtualHost = null
    exceptionErrorPages = class java.util.HashMap@c3f5baf0
      serialVersionUID = 362498820763181265
      DEFAULT_INITIAL_CAPACITY = 16
      MAXIMUM_CAPACITY = 1073741824
      DEFAULT_LOAD_FACTOR = 0.75
      TREEIFY_THRESHOLD = 8
      UNTREEIFY_THRESHOLD = 6
      MIN_TREEIFY_CAPACITY = 64
      table = null
      entrySet = null
      size = 0
      modCount = 0
      threshold = 0
      loadFactor = 0.75
      keySet = null
      values = null
    codeErrorPages = class java.util.HashMap@9c5d7281
      serialVersionUID = 362498820763181265
      DEFAULT_INITIAL_CAPACITY = 16
      MAXIMUM_CAPACITY = 1073741824
      DEFAULT_LOAD_FACTOR = 0.75
      TREEIFY_THRESHOLD = 8
      UNTREEIFY_THRESHOLD = 6
      MIN_TREEIFY_CAPACITY = 64
      table = null
      entrySet = null
      size = 0
      modCount = 0
      threshold = 0
      loadFactor = 0.75
      keySet = null
      values = null
    tagLibList = null
    precompileJsps = false
    webApp = class com.ibm.ws.webcontainer31.osgi.webapp.WebApp31@402a384f
      tc = class com.ibm.websphere.ras.TraceComponent@6e305193
      CLASS_NAME = "com.ibm.ws.webcontainer31.osgi.webapp.WebApp31"
      servlet31NLS = class com.ibm.ejs.ras.TraceNLS@850f431b
      validListenerClasses = class java.lang.Class[7]
      wsocServHandler = null
      tc = class com.ibm.websphere.ras.TraceComponent@52b300e9
      CLASS_NAME = "com.ibm.ws.webcontainer.osgi.webapp.WebApp"
      metaDataService = class com.ibm.ws.container.service.metadata.internal.MetaDataServiceImpl@3f459349
      namespacePopulated = false
      referenceContext = class com.ibm.ws.injectionengine.osgi.internal.OSGiReferenceContextImpl@c5e8877a
      j2eeNameFactory = class com.ibm.ws.container.service.metadata.internal.J2EENameFactoryImpl@55a298ca
      moduleLoader = class com.ibm.ws.classloading.internal.AppClassLoader@499ef2c3
      webAppConfig = class com.ibm.ws.webcontainer.osgi.webapp.WebAppConfiguration@fde36061
      extensionProcessingDisabled = false
      managedObjectService = class com.ibm.ws.managedobject.internal.ManagedObjectServiceImpl@9f526830
      GenPluginCfgMB = null
      internalServletMetaData = interface com.ibm.wsspi.webcontainer.metadata.WebComponentMetaData[2]
      loginProcessor = null
      logoutProcessor = null
      collabHelper = null
      envObject = class com.ibm.ws.util.WSThreadLocal@eff22180
      orderedLibPaths = class java.util.Collections$UnmodifiableRandomAccessList@618f3223
      perm = class com.ibm.websphere.security.WebSphereRuntimePermission@5bfc008f
      WELCOME_FILE_LIST = "com.ibm.ws.webcontainer.config.WelcomeFileList"
      DIR_BROWSING_MAPPING = "__dirBrowsing__1568835633139"
      FILTER_PROXY_MAPPING = "/__filterProxy__1568835633139"
      logger = class com.ibm.ws.logging.internal.WsLogger@ddccb569
      CLASS_NAME = "com.ibm.ws.webcontainer.webapp.WebApp"
      loader = null
      facade = null
      features = class java.util.ArrayList@f8b61bc1
      applicationName = null
      config = class com.ibm.ws.webcontainer.osgi.webapp.WebAppConfiguration@fde36061
      securityEnabledForApp = null
      webExtensionProcessor = null
      production = true
      isServlet23 = false
      contextPath = null
      internalServletList = class [Ljava.lang.String;[2]
      BY_NAME_ONLY = "/_1568836339069_/"
      filterManager = null
      documentRoot = null
      SERVLET_API_VERSION = "Servlet 2.5"
      disableServletAuditLogging = -1
      serverInfo = null
      sessionCtx = null
      eventSource = class com.ibm.ws.webcontainer.webapp.WebAppEventSource@15ad4fd8
      nls = class com.ibm.ejs.ras.TraceNLS@38c56418
      liberty_nls = class com.ibm.ejs.ras.TraceNLS@3beb17bd
      error_nls = class com.ibm.ejs.ras.TraceNLS@84c61840
      sessionListeners = class java.util.ArrayList@7fd07145
      sessionIdListeners = class java.util.ArrayList@f4722841
      sessionAttrListeners = class java.util.ArrayList@bca37423
      addedSessionListeners = class java.util.ArrayList@1b0689be
      addedSessionAttrListeners = class java.util.ArrayList@769c9532
      servletContextListeners = class java.util.ArrayList@4064c171
      servletContextLAttrListeners = class java.util.ArrayList@efbe6bd9
      servletRequestListeners = class java.util.ArrayList@3dabb690
      servletRequestLAttrListeners = class java.util.ArrayList@747c3cb0
      prependSlashToResource = false
      destroyed = false
      webAppNameSpaceCollab = null
      txCollab = null
      sessionActivationListeners = class java.util.ArrayList@19d3e9f2
      sessionBindingListeners = class java.util.ArrayList@468b96e0
      scratchdir = null
      jspClassLoaderLimit = 0
      jspClassLoaderExclusionList = null
      jspClassLoadersMap = null
      jspClassLoaderLimitTrackIF = false
      defaultExtProc = null
      directoryBrowsingServlet = null
      cdiContexts = class java.util.concurrent.ConcurrentHashMap@60175c51
      moduleConfig = null
      extensionFactories = null
      initialized = false
      lock = class com.ibm.ws.webcontainer.webapp.WebApp$1@d8973f76
      afterServletContextCreated = false
      redirectContextRoot = false
      errorExceptionTypeFirst = false
      initFilterBeforeServletInit = false
      SET_400_SC_ON_TOO_MANY_PARENT_DIRS = false
      sortedServletConfigs = null
      effectiveMajorVersion = 0
      effectiveMinorVersion = 0
      canAddServletContextListener = true
      withinContextInitOfProgAddListener = false
      lastProgAddListenerInitialized = null
      webInfLibClassloader = null
      metaInfCache = class com.ibm.ws.webcontainer.webapp.WebApp$2@1dfe4391
      useMetaInfCache = true
      SUN_CONFIGURE_LISTENER_CLASSNAME = "com.sun.faces.config.ConfigureListener"
      MYFACES_LIFECYCLE_LISTENER_CLASSNAME = "org.apache.myfaces.webapp.StartupServletContextListener"
      JSF_IMPL_ENABLED_PARAM = "com.ibm.ws.jsf.JSF_IMPL_ENABLED"
      JSF_IMPL_ENABLED_CUSTOM = "Custom"
      JSF_IMPL_ENABLED_NONE = "None"
      staticDocRoot = null
      jspDocRoot = null
      container = class com.ibm.ws.adaptable.module.internal.AdaptableContainerImpl@b89f83f1
      metaInfResourceFinder = class com.ibm.ws.webcontainer.util.MetaInfResourceFinder@faac3eae
      postConstructMethods = class com.ibm.ws.webcontainer.webapp.WebApp$AnnotatedMethods@f59b9193
      preDestroyMethods = class com.ibm.ws.webcontainer.webapp.WebApp$AnnotatedMethods@b3bf326a
      OBJ_EMPTY = class java.lang.Object[0]
      CLASS_EMPTY = class java.lang.Class[0]
      DEFAULT_JSP_EXTENSIONS = class java.util.ArrayList@2832b148
      DEFER_SERVLET_REQUEST_LISTENER_DESTROY_ON_ERROR = false
      DO_ACCEPT_PARTIAL = true
      DO_NOT_ACCEPT_PARTIAL = false
      DO_ACCEPT_EXCLUDED = true
      DO_NOT_ACCEPT_EXCLUDED = false
      commands = class java.util.ArrayList@8ade2f98
      requestMapper = class com.ibm.wsspi.webcontainer.util.URIMapper@f234fd2b
      parent = null
      name = "gameclient-1.0-SNAPSHOT"
      isAlive = true
      subElements = null
      attributes = class java.util.concurrent.ConcurrentHashMap@7bb1aab7
      config = null
      serialVersionUID = -8271459000149267764
      $$$tc$$$ = class com.ibm.websphere.ras.TraceComponent@3bfa0a4d
    virtualHostList = class java.util.Collections$EmptyList@c381b28f
      serialVersionUID = 8842843931221139166
      modCount = 0
      MAX_ARRAY_SIZE = 2147483639
    appStartupWeight = 0
    moduleStartupWeight = 0
    metaDataComplete = false
    classesToScan = class java.util.ArrayList@2143bb52
      serialVersionUID = 8683452581122892189
      DEFAULT_CAPACITY = 10
      EMPTY_ELEMENTDATA = class java.lang.Object[0]
      DEFAULTCAPACITY_EMPTY_ELEMENTDATA = class java.lang.Object[0]
      elementData = class java.lang.Object[0]
      size = 0
      MAX_ARRAY_SIZE = 2147483639
      modCount = 0
      MAX_ARRAY_SIZE = 2147483639
    uriFilterMappingInfos = null
    servletFilterMappingInfos = null
    dynamicServletRegistrationMap = null
    applicationName = "gameclient"
    libBinPathList = null
    webXmlDefinedListeners = class java.util.HashSet@4898feb0
      serialVersionUID = -5024744406713321676
      map = class java.util.HashMap@3539f49a
      PRESENT = class java.lang.Object@28e3cc5
      MAX_ARRAY_SIZE = 2147483639
    allRefs = class java.util.EnumMap@1d06d6d6
      keyType = class java.lang.Class@a976762e
      keyUniverse = class com.ibm.wsspi.injectionengine.JNDIEnvironmentRefType[14]
      vals = class java.lang.Object[14]
      size = 0
      NULL = class java.util.EnumMap$1@9718a720
      ZERO_LENGTH_ENUM_ARRAY = class java.lang.Enum[0]
      entrySet = null
      serialVersionUID = 458661240069192865
      keySet = null
      values = null
    allRefBindings = class java.util.EnumMap@84caf64a
      keyType = class java.lang.Class@a976762e
      keyUniverse = class com.ibm.wsspi.injectionengine.JNDIEnvironmentRefType[14]
      vals = class java.lang.Object[14]
      size = 6
      NULL = class java.util.EnumMap$1@9718a720
      ZERO_LENGTH_ENUM_ARRAY = class java.lang.Enum[0]
      entrySet = null
      serialVersionUID = 458661240069192865
      keySet = null
      values = null
    envEntryValues = null
    resourceRefConfigList = class com.ibm.ws.resource.internal.ResourceRefConfigListImpl@2cf0dab4
      ivList = class java.util.ArrayList@8180b052
      ivMap = class java.util.HashMap@8b0ab32c
      serialVersionUID = 5502773099641523293
      $$$tc$$$ = class com.ibm.websphere.ras.TraceComponent@59113efd
    disallowAllFileServingProp = "false"
    disallowServeServletsByClassnameProp = "true"
    disableStaticMappingCache = false
    jspCachedLocations = null
    primedSTSHeader = "NoValue"
    enablemultireadofpostdata = false
    requestEncoding = null
    responseEncoding = null
    NULLSERVLETNAME = "com.ibm.ws.webcontainer.NullServletName"
    _id = "WebAppGeneratedId7"
    _attributes = null
    serialVersionUID = 7511545662945734886
    $$$tc$$$ = class com.ibm.websphere.ras.TraceComponent@b6f3567
      strings[0] = "TraceComponent[com.ibm.ws.container.BaseConfiguration,class com.ibm.ws.container.BaseConfiguration,[],null,null]"
  _isServlet23OrHigher = false
  jspComponentMetaData = class com.ibm.ws.jsp.runtime.metadata.JspComponentMetaData@46eb3c36
    looseLibs = null
    servletEngineReloadEnabled = true
    servlet2_2 = false
    servletEngineReloadInterval = 5000
    applicationDisplayName = "gameclient"
    syncToThread = false
    serialVersionUID = -1725832635735780667
    $$$tc$$$ = class com.ibm.websphere.ras.TraceComponent@75435ced
      strings[0] = "TraceComponent[com.ibm.ws.jsp.runtime.metadata.JspComponentMetaData,class com.ibm.ws.jsp.runtime.metadata.JspComponentMetaData,[],null,null]"
    jspPropertyGroups = class java.util.Collections$EmptyList@c381b28f
    jspTaglibs = class java.util.Collections$EmptyMap@8826ab8d
      serialVersionUID = 6428348081105594320
      keySet = null
      values = null
  sessionCookieNameInUse = null
  mBeanServiceReg = null
  tc = class com.ibm.websphere.ras.TraceComponent@f7362773
    strings[0] = "TraceComponent[com.ibm.ws.runtime.metadata.MetaDataImpl,class com.ibm.ws.runtime.metadata.MetaDataImpl,[Runtime],null,null]"
  NUM_STATIC_SLOTS = 4
  ID_UNINITIALIZED = -1
  id = -1
  metaDataInterface = class java.lang.Class@7b4706c3
    serialVersionUID = 3206093459760846163
    AllPermissionsPD = null
    SYNTHETIC = 4096
    ANNOTATION = 8192
    ENUM = 16384
    MEMBER_INVALID_TYPE = -1
    EmptyParameters = class java.lang.Class[0]
    vmRef = 16408576
    protectionDomain = class org.eclipse.osgi.internal.loader.ModuleClassLoader$GenerationProtectionDomain@d26de0d0
      generation = class org.eclipse.osgi.storage.BundleInfo$Generation@6e013c1c
      codesource = class java.security.CodeSource@3b4b3634
      classloader = null
      principals = interface java.security.Principal[0]
      permissions = class java.security.AllPermissionCollection@11b7831f
      hasAllPerm = false
      staticPermissions = true
      key = class java.security.ProtectionDomain$Key@5d17c873
      debug = null
    classNameString = null
    annotationVars = null
    annotationVarsOffset = 28
    classValueMap = null
    enumVars = null
    enumVarsOffset = 36
    initializationLock = class java.lang.J9VMInternals$ClassInitializationLock@a3f64ee
      theClass = class java.lang.Class@7b4706c3
    methodHandleCache = null
    classRepoHolder = null
    annotationCache = null
    annotationCacheOffset = 52
    reflectCacheEnabled = true
    reflectCacheDebug = false
    reflectCacheAppOnly = false
    cachedInterfaces = null
    cachedInterfacesOffset = 56
    cachedDeclaringClass = null
    cachedDeclaringClassOffset = 60
    cachedEnclosingClass = null
    cachedEnclosingClassOffset = 64
    EMPTY_ANNOTATION_ARRAY = interface java.lang.annotation.Annotation[0]
    implLookup = null
    unsafe = class sun.misc.Unsafe@80b6cc26
      theUnsafe = class sun.misc.Unsafe@80b6cc26
      INVALID_FIELD_OFFSET = -1
      ARRAY_BOOLEAN_BASE_OFFSET = 8
      ARRAY_BYTE_BASE_OFFSET = 8
      ARRAY_SHORT_BASE_OFFSET = 8
      ARRAY_CHAR_BASE_OFFSET = 8
      ARRAY_INT_BASE_OFFSET = 8
      ARRAY_LONG_BASE_OFFSET = 8
      ARRAY_FLOAT_BASE_OFFSET = 8
      ARRAY_DOUBLE_BASE_OFFSET = 8
      ARRAY_OBJECT_BASE_OFFSET = 8
      ARRAY_BOOLEAN_INDEX_SCALE = 1
      ARRAY_BYTE_INDEX_SCALE = 1
      ARRAY_SHORT_INDEX_SCALE = 2
      ARRAY_CHAR_INDEX_SCALE = 2
      ARRAY_INT_INDEX_SCALE = 4
      ARRAY_LONG_INDEX_SCALE = 8
      ARRAY_FLOAT_INDEX_SCALE = 4
      ARRAY_DOUBLE_INDEX_SCALE = 8
      ARRAY_OBJECT_INDEX_SCALE = 4
      ADDRESS_SIZE = 8
    copyMethod = class java.lang.reflect.Method@7ec6f047
      clazz = class java.lang.Class@f01ab3e8
      slot = 4
      name = "copy"
      returnType = class java.lang.Class@f01ab3e8
      parameterTypes = class java.lang.Class[0]
      exceptionTypes = class java.lang.Class[0]
      modifiers = 0
      signature = null
      genericInfo = null
      annotations = null
      parameterAnnotations = null
      annotationDefault = null
      methodAccessor = class sun.reflect.DelegatingMethodAccessorImpl@6879b12b
      root = null
      hasRealParameterData = false
      parameters = null
      declaredAnnotations = null
      ACCESS_PERMISSION = class java.lang.reflect.ReflectPermission@f921418b
      override = true
      reflectionFactory = class sun.reflect.ReflectionFactory@91813511
      securityCheckCache = null
    copyField = class java.lang.reflect.Method@9c208ac3
      clazz = class java.lang.Class@ad24a48a
      slot = 4
      name = "copy"
      returnType = class java.lang.Class@ad24a48a
      parameterTypes = class java.lang.Class[0]
      exceptionTypes = class java.lang.Class[0]
      modifiers = 0
      signature = null
      genericInfo = null
      annotations = null
      parameterAnnotations = null
      annotationDefault = null
      methodAccessor = class sun.reflect.DelegatingMethodAccessorImpl@887f48d6
      root = null
      hasRealParameterData = false
      parameters = null
      declaredAnnotations = null
      ACCESS_PERMISSION = class java.lang.reflect.ReflectPermission@f921418b
      override = true
      reflectionFactory = class sun.reflect.ReflectionFactory@91813511
      securityCheckCache = null
    copyConstructor = class java.lang.reflect.Method@a58effee
      clazz = class java.lang.Class@1940aeeb
      slot = 4
      name = "copy"
      returnType = class java.lang.Class@1940aeeb
      parameterTypes = class java.lang.Class[0]
      exceptionTypes = class java.lang.Class[0]
      modifiers = 0
      signature = "()Ljava/lang/reflect/Constructor<TT;>;"
      genericInfo = null
      annotations = null
      parameterAnnotations = null
      annotationDefault = null
      methodAccessor = class sun.reflect.DelegatingMethodAccessorImpl@11c87c3b
      root = null
      hasRealParameterData = false
      parameters = null
      declaredAnnotations = null
      ACCESS_PERMISSION = class java.lang.reflect.ReflectPermission@f921418b
      override = true
      reflectionFactory = class sun.reflect.ReflectionFactory@91813511
      securityCheckCache = null
    methodParameterTypesField = class java.lang.reflect.Field@da30e77c
      clazz = class java.lang.Class@f01ab3e8
      slot = 44
      name = "parameterTypes"
      type = class java.lang.Class@5a40a0a9
      modifiers = 2
      signature = "[Ljava/lang/Class<*>;"
      genericInfo = null
      annotations = null
      fieldAccessor = null
      overrideFieldAccessor = class sun.reflect.UnsafeObjectFieldAccessorImpl@db5ce43d
      root = null
      declaredAnnotations = null
      ACCESS_PERMISSION = class java.lang.reflect.ReflectPermission@f921418b
      override = true
      reflectionFactory = class sun.reflect.ReflectionFactory@91813511
      securityCheckCache = null
    constructorParameterTypesField = class java.lang.reflect.Field@f4c28cc3
      clazz = class java.lang.Class@1940aeeb
      slot = 40
      name = "parameterTypes"
      type = class java.lang.Class@5a40a0a9
      modifiers = 2
      signature = "[Ljava/lang/Class<*>;"
      genericInfo = null
      annotations = null
      fieldAccessor = null
      overrideFieldAccessor = class sun.reflect.UnsafeObjectFieldAccessorImpl@743ad395
      root = null
      declaredAnnotations = null
      ACCESS_PERMISSION = class java.lang.reflect.ReflectPermission@f921418b
      override = true
      reflectionFactory = class sun.reflect.ReflectionFactory@91813511
      securityCheckCache = null
    NoArgs = class java.lang.Object[0]
    reflectCache = null
    reflectCacheOffset = 68
  staticSlots = class java.lang.Object[4]
    Object[0] = class com.ibm.ws.jaxrs20.metadata.JaxRsModuleMetaData@ff9c9f10
      serverMetaData = null
      clientMetaData = null
      name = null
      appContextClassLoader = class com.ibm.ws.classloading.internal.ThreadContextClassLoader@1cf04cb5
      j2EEName = class com.ibm.ws.container.service.metadata.internal.J2EENameImpl@7ea0256d
      moduleContainer = class com.ibm.ws.adaptable.module.internal.AdaptableContainerImpl@b89f83f1
      moduleInfo = class com.ibm.ws.app.manager.module.internal.WebModuleInfoImpl@b60f6028
      referenceContextMap = class java.util.HashMap@731d640c
      jaxRsInstanceManager = class com.ibm.ws.jaxrs20.support.JaxRsInstanceManager@99f515d3
      managedAppRef = null
      enclosingModuleMetaDatas = class java.util.ArrayList@d1addf73
      serialVersionUID = -1319293066774967205
      $$$tc$$$ = class com.ibm.websphere.ras.TraceComponent@ba031b84
    Object[1] = class com.ibm.ws.injectionengine.osgi.internal.OSGiInjectionScopeData@9971f7b9
      tc = class com.ibm.websphere.ras.TraceComponent@d599c6e9
      namespace = class com.ibm.ws.container.service.naming.NamingConstants$JavaColonNamespace@8e7bf1c4
      parent = class com.ibm.ws.injectionengine.osgi.internal.OSGiInjectionScopeData@3c20035c
      compLock = null
      compEnvBindings = null
      compBindings = null
      contributedBindings = null
      nonCompEnvLock = class java.util.concurrent.locks.ReentrantReadWriteLock@63c1d586
      nonCompBindings = null
      savedNonCompEnvBindings = null
      deferredReferenceDataEnabled = false
      deferredReferenceDatas = class java.util.LinkedHashMap@5dc63cc2
      serialVersionUID = 8824531358335413825
      CLASS_NAME = "com.ibm.ws.injectionengine.InjectionScopeData"
      tc = class com.ibm.websphere.ras.TraceComponent@23489864
      ivJ2EEName = class com.ibm.ws.container.service.metadata.internal.J2EENameImpl@7ea0256d
      ivLogicalAppName = null
      ivDestroyed = false
      ivInjectableEnvEntries = null
      ivDefinitionReferences = null
      ivReferenceContext = class com.ibm.ws.injectionengine.osgi.internal.OSGiReferenceContextImpl@c5e8877a
    Object[2] = null
    Object[3] = null
  dynamicSlots = null

Dump of objectArray[1]
Object type = com.ibm.ws.adaptable.module.internal.AdaptableContainerImpl
  root = class com.ibm.ws.adaptable.module.internal.AdaptableContainerImpl@b89f83f1
  rootOverlay = class com.ibm.ws.artifact.overlay.internal.DirectoryBasedOverlayContainerImpl@23e1f207
    base = class com.ibm.ws.artifact.loose.internal.LooseArchive@a2a5a695
      cacheDir = class java.io.File@2c5d62ae
      xmlFile = class java.io.File@bfed931d
      parent = null
      cfh = class com.ibm.ws.artifact.loose.internal.LooseContainerFactoryHelper@ff356d96
      pathInParent = null
      _entries = class java.util.ArrayList@c6e82dcc
      tc = class com.ibm.websphere.ras.TraceComponent@89d786a1
      artifactNotifier = class com.ibm.ws.artifact.loose.internal.LooseArtifactNotifier@d6a741a7
      serialVersionUID = 345486831272892625
    maskSet = class java.util.HashSet@158fc4d
      serialVersionUID = -5024744406713321676
      map = class java.util.HashMap@65498d89
      PRESENT = class java.lang.Object@28e3cc5
      MAX_ARRAY_SIZE = 2147483639
    cfHolder = class com.ibm.ws.artifact.overlay.internal.OverlayContainerFactoryImpl@e0377201
      containerFactory = class com.ibm.ws.artifact.internal.ArtifactContainerFactoryService@876baab4
      serialVersionUID = 6296466117843221178
      $$$tc$$$ = class com.ibm.websphere.ras.TraceComponent@565583fd
    fileOverlayContainer = class com.ibm.ws.artifact.file.internal.FileContainer@ef3b64f7
      containerFactoryHolder = class com.ibm.ws.artifact.file.internal.FileContainerFactory@8f9e197a
      parent = null
      thisInParent = null
      dir = class java.io.File@715ce31a
      cacheDir = class java.io.File@f7d3e528
      isRoot = true
      root = class com.ibm.ws.artifact.file.internal.FileContainer@ef3b64f7
      artifactNotifier = class com.ibm.ws.artifact.file.FileArtifactNotifier@f382fd53
      serialVersionUID = -542248409847968651
      $$$tc$$$ = class com.ibm.websphere.ras.TraceComponent@3859c0a5
    overlayDirectory = class java.io.File@715ce31a
      fs = class java.io.UnixFileSystem@d613f4b6
      path = "/home/default/app/mc-target/liberty/wlp/usr/servers/defaultServer/workarea/org.eclipse.osgi/63/data/cacheAdapt/com.ibm.ws.app.manager_15/.overlay"
      status = class java.io.File$PathStatus@67b3d578
      prefixLength = 1
      separatorChar = /
      separator = "/"
      pathSeparatorChar = :
      pathSeparator = ":"
      PATH_OFFSET = 8
      PREFIX_LENGTH_OFFSET = 20
      UNSAFE = class sun.misc.Unsafe@80b6cc26
      serialVersionUID = 301077366599181567
      filePath = null
      $assertionsDisabled = true
    cacheDirForOverlay = class java.io.File@f7d3e528
      fs = class java.io.UnixFileSystem@d613f4b6
      path = "/home/default/app/mc-target/liberty/wlp/usr/servers/defaultServer/workarea/org.eclipse.osgi/63/data/cacheOverlay/com.ibm.ws.app.manager_15"
      status = class java.io.File$PathStatus@67b3d578
      prefixLength = 1
      separatorChar = /
      separator = "/"
      pathSeparatorChar = :
      pathSeparator = ":"
      PATH_OFFSET = 8
      PREFIX_LENGTH_OFFSET = 20
      UNSAFE = class sun.misc.Unsafe@80b6cc26
      serialVersionUID = 301077366599181567
      filePath = null
      $assertionsDisabled = true
    overlayNotifier = class com.ibm.ws.artifact.overlay.internal.DirectoryBasedOverlayNotifier@8a447664
    enclosingContainer = null
    entryInEnclosingContainer = null
    nestedOverlays = class java.util.concurrent.ConcurrentHashMap@833ff683
      serialVersionUID = 7249069246763182397
      MAXIMUM_CAPACITY = 1073741824
      DEFAULT_CAPACITY = 16
      MAX_ARRAY_SIZE = 2147483639
      DEFAULT_CONCURRENCY_LEVEL = 16
      LOAD_FACTOR = 0.75
      TREEIFY_THRESHOLD = 8
      UNTREEIFY_THRESHOLD = 6
      MIN_TREEIFY_CAPACITY = 64
      MIN_TRANSFER_STRIDE = 16
      RESIZE_STAMP_BITS = 16
      MAX_RESIZERS = 65535
      RESIZE_STAMP_SHIFT = 16
      MOVED = -1
      TREEBIN = -2
      RESERVED = -3
      HASH_BITS = 2147483647
      NCPU = 10
      serialPersistentFields = class java.io.ObjectStreamField[3]
      table = class java.util.concurrent.ConcurrentHashMap$Node[16]
      nextTable = null
      baseCount = 6
      sizeCtl = 12
      transferIndex = 0
      cellsBusy = 0
      counterCells = null
      keySet = null
      values = null
      entrySet = null
      U = class sun.misc.Unsafe@80b6cc26
      SIZECTL = 48
      TRANSFERINDEX = 52
      BASECOUNT = 16
      CELLSBUSY = 56
      CELLVALUE = 72
      ABASE = 8
      ASHIFT = 2
      keySet = null
      values = null
    cacheStore = class com.ibm.ws.artifact.overlay.internal.OverlayCache@a1d8a620
      cache = class java.util.HashMap@a6d7c0c4
      serialVersionUID = -7877512378170016077
      $$$tc$$$ = class com.ibm.websphere.ras.TraceComponent@acbec114
    parentOverlay = null
    isPassThroughMode = true
    serialVersionUID = -1690795617118238166
    $$$tc$$$ = class com.ibm.websphere.ras.TraceComponent@2a06f41
      strings[0] = "TraceComponent[com.ibm.ws.artifact.overlay.internal.DirectoryBasedOverlayContainerImpl,class com.ibm.ws.artifact.overlay.internal.DirectoryBasedOverlayContainerImpl,[archive.overlay],,null]"
  factoryHolder = class com.ibm.ws.adaptable.module.internal.AdaptableModuleFactoryImpl@7b2017b
    adapterFactoryService = class com.ibm.ws.adaptable.module.internal.AdapterFactoryServiceImpl@8fbf6a7b
      toType = "toType"
      priv = class com.ibm.ws.kernel.service.util.SecureAction@4712d7e0
      containerHelperMap = class com.ibm.wsspi.kernel.service.utils.ConcurrentServiceReferenceSetMap@a2325546
      entryHelperMap = class com.ibm.wsspi.kernel.service.utils.ConcurrentServiceReferenceSetMap@b4519923
      containerToTypes = class java.util.Collections$SynchronizedSet@3c8cade8
      entryToTypes = class java.util.Collections$SynchronizedSet@c287433d
      baseProperties = class org.apache.felix.scr.impl.helper.ReadOnlyDictionary@a8e601da
      serialVersionUID = 5945907930609928466
      $$$tc$$$ = class com.ibm.websphere.ras.TraceComponent@591dd75
    containerFactory = class com.ibm.ws.artifact.internal.ArtifactContainerFactoryService@876baab4
      CATEGORY_PROP_NAME = "category"
      ENTRY_KEY = "com.ibm.wsspi.artifact.ArtifactEntry"
      helperMap = class com.ibm.wsspi.kernel.service.utils.ConcurrentServiceReferenceSetMap@dbefbbaa
      contributorMap = class com.ibm.wsspi.kernel.service.utils.ConcurrentServiceReferenceSetMap@536fa72a
      helperCategoryMap = class com.ibm.wsspi.kernel.service.utils.ConcurrentServiceReferenceSetMap@9498ba7e
      contributorCategoryMap = class com.ibm.wsspi.kernel.service.utils.ConcurrentServiceReferenceSetMap@debb376f
      categories = class java.util.Collections$SynchronizedSet@83798b69
      baseProperties = class org.apache.felix.scr.impl.helper.ReadOnlyDictionary@e8df01f2
      serialVersionUID = -3101641399269402013
      $$$tc$$$ = class com.ibm.websphere.ras.TraceComponent@f9022a0a
    overlayContainerFactory = class com.ibm.ws.artifact.overlay.internal.OverlayContainerFactoryImpl@e0377201
    serialVersionUID = 4200251809856292987
    $$$tc$$$ = class com.ibm.websphere.ras.TraceComponent@244b5ed
      strings[0] = "TraceComponent[com.ibm.ws.adaptable.module.internal.AdaptableModuleFactoryImpl,class com.ibm.ws.adaptable.module.internal.AdaptableModuleFactoryImpl,[archive.adaptable],,null]"
  delegate = class com.ibm.ws.artifact.overlay.internal.DirectoryBasedOverlayContainerImpl@23e1f207
  notifier = class com.ibm.ws.adaptable.module.internal.NotifierImpl@4347f6b7
    root = class com.ibm.ws.adaptable.module.internal.AdaptableContainerImpl@b89f83f1
    delegateNotifier = class com.ibm.ws.artifact.overlay.internal.DirectoryBasedOverlayNotifier@8a447664
      root = class com.ibm.ws.artifact.overlay.internal.DirectoryBasedOverlayContainerImpl@23e1f207
      overlayContainer = class com.ibm.ws.artifact.file.internal.FileContainer@ef3b64f7
      overlaidContainer = class com.ibm.ws.artifact.loose.internal.LooseArchive@a2a5a695
      listeningToContainers = true
      listeners = class java.util.concurrent.ConcurrentHashMap@5da40113
      pathsMonitored = class java.util.HashSet@28bcd5f0
      parentNotifier = null
      pathOfEntryInParent = null
      id = null
      serialVersionUID = -5716655730663296309
      $$$tc$$$ = class com.ibm.websphere.ras.TraceComponent@987f011c
    delegateRoot = class com.ibm.ws.artifact.overlay.internal.DirectoryBasedOverlayContainerImpl@23e1f207
    listenerDelegates = class java.util.HashMap@71e39109
      serialVersionUID = 362498820763181265
      DEFAULT_INITIAL_CAPACITY = 16
      MAXIMUM_CAPACITY = 1073741824
      DEFAULT_LOAD_FACTOR = 0.75
      TREEIFY_THRESHOLD = 8
      UNTREEIFY_THRESHOLD = 6
      MIN_TREEIFY_CAPACITY = 64
      table = class java.util.HashMap$Node[16]
      entrySet = null
      size = 3
      modCount = 3
      threshold = 12
      loadFactor = 0.75
      keySet = null
      values = null
    serialVersionUID = 6839382523957017880
    $$$tc$$$ = class com.ibm.websphere.ras.TraceComponent@4431cc8
      strings[0] = "TraceComponent[com.ibm.ws.adaptable.module.internal.NotifierImpl,class com.ibm.ws.adaptable.module.internal.NotifierImpl,[archive.adaptable],,null]"
  serialVersionUID = -5621513278641113667
  $$$tc$$$ = class com.ibm.websphere.ras.TraceComponent@c59c8423
    strings[0] = "TraceComponent[com.ibm.ws.adaptable.module.internal.AdaptableContainerImpl,class com.ibm.ws.adaptable.module.internal.AdaptableContainerImpl,[archive.adaptable],,null]"

Dump of objectArray[2]
Object type = com.ibm.ws.jaxrs20.metadata.JaxRsModuleInfo
  serialVersionUID = -8116043459266953308
  moduleType = class com.ibm.ws.jaxrs20.metadata.JaxRsModuleType@89048415
    WEB = class com.ibm.ws.jaxrs20.metadata.JaxRsModuleType@89048415
    EJB = class com.ibm.ws.jaxrs20.metadata.JaxRsModuleType@7d2d1b52
      WEB = class com.ibm.ws.jaxrs20.metadata.JaxRsModuleType@89048415
      EJB = class com.ibm.ws.jaxrs20.metadata.JaxRsModuleType@7d2d1b52
      $VALUES = class com.ibm.ws.jaxrs20.metadata.JaxRsModuleType[2]
      $$$tc$$$ = class com.ibm.websphere.ras.TraceComponent@fed44378
      name = "EJB"
      ordinal = 1
    $VALUES = class com.ibm.ws.jaxrs20.metadata.JaxRsModuleType[2]
      JaxRsModuleType[0] = class com.ibm.ws.jaxrs20.metadata.JaxRsModuleType@89048415
      JaxRsModuleType[1] = class com.ibm.ws.jaxrs20.metadata.JaxRsModuleType@7d2d1b52
    $$$tc$$$ = class com.ibm.websphere.ras.TraceComponent@fed44378
      strings[0] = "TraceComponent[com.ibm.ws.jaxrs20.metadata.JaxRsModuleType,class com.ibm.ws.jaxrs20.metadata.JaxRsModuleType,[],null,null]"
    name = "WEB"
    ordinal = 0
  endpointInfoMap = class java.util.HashMap@8152543d
    serialVersionUID = 362498820763181265
    DEFAULT_INITIAL_CAPACITY = 16
    MAXIMUM_CAPACITY = 1073741824
    DEFAULT_LOAD_FACTOR = 0.75
    TREEIFY_THRESHOLD = 8
    UNTREEIFY_THRESHOLD = 6
    MIN_TREEIFY_CAPACITY = 64
    table = null
    entrySet = null
    size = 0
    modCount = 0
    threshold = 0
    loadFactor = 0.75
    keySet = null
    values = null
  isShareEJBJarWithJAXWS = false
  $$$tc$$$ = class com.ibm.websphere.ras.TraceComponent@d7cb6c50
    strings[0] = "TraceComponent[com.ibm.ws.jaxrs20.metadata.JaxRsModuleInfo,class com.ibm.ws.jaxrs20.metadata.JaxRsModuleInfo,[],null,null]"

