------Start of DE processing------ = [9/18/19 19:52:16:767 UTC]
Exception = com.ibm.wsspi.anno.classsource.ClassSource_Exception
Source = com.ibm.ws.anno.classsource.internal.ClassSourceImpl_MappedContainer
probeid = 315
Stack Dump = com.ibm.wsspi.anno.classsource.ClassSource_Exception: [ ClassSourceImpl_MappedContainer@1061420515(WEB-INF/classes, com.ibm.ws.adaptable.module.internal.AdaptableContainerImpl@84099683) ] Failed to open [ com/roguecloud/Position.class ] as [ com.ibm.ws.adaptable.module.internal.AdaptableEntryImpl@39324bdd ] under root [ com.ibm.ws.adaptable.module.internal.AdaptableContainerImpl@84099683 ] for class [ com.roguecloud.Position ]
	at com.ibm.ws.anno.classsource.internal.ClassSourceImpl_Factory.newClassSourceException(ClassSourceImpl_Factory.java:85)
	at com.ibm.ws.anno.classsource.internal.ClassSourceImpl_MappedContainer.openResourceStream(ClassSourceImpl_MappedContainer.java:544)
	at com.ibm.ws.anno.classsource.internal.ClassSourceImpl_MappedContainer.process(ClassSourceImpl_MappedContainer.java:380)
	at com.ibm.ws.anno.classsource.internal.ClassSourceImpl_MappedContainer.processClasses(ClassSourceImpl_MappedContainer.java:314)
	at com.ibm.ws.anno.classsource.internal.ClassSourceImpl_MappedContainer.processClasses(ClassSourceImpl_MappedContainer.java:261)
	at com.ibm.ws.anno.classsource.internal.ClassSourceImpl_MappedContainer.processClasses(ClassSourceImpl_MappedContainer.java:261)
	at com.ibm.ws.anno.classsource.internal.ClassSourceImpl_MappedContainer.processFromScratch(ClassSourceImpl_MappedContainer.java:144)
	at com.ibm.ws.anno.classsource.internal.ClassSourceImpl.scanClasses(ClassSourceImpl.java:479)
	at com.ibm.ws.anno.classsource.internal.ClassSourceImpl_Aggregate.scanClasses(ClassSourceImpl_Aggregate.java:415)
	at com.ibm.ws.anno.targets.internal.AnnotationTargetsImpl_Scanner.scanClasses(AnnotationTargetsImpl_Scanner.java:254)
	at com.ibm.ws.anno.targets.internal.AnnotationTargetsImpl_Scanner.scanDirect(AnnotationTargetsImpl_Scanner.java:216)
	at com.ibm.ws.anno.targets.internal.AnnotationTargetsImpl_Targets.doScanDirectClasses(AnnotationTargetsImpl_Targets.java:379)
	at com.ibm.ws.anno.targets.internal.AnnotationTargetsImpl_Targets.scanDirectClasses(AnnotationTargetsImpl_Targets.java:348)
	at com.ibm.ws.anno.targets.internal.AnnotationTargetsImpl_Targets.selectAnnotatedTargets(AnnotationTargetsImpl_Targets.java:1753)
	at com.ibm.ws.anno.targets.internal.AnnotationTargetsImpl_Targets.getAnnotatedClasses(AnnotationTargetsImpl_Targets.java:913)
	at com.ibm.ws.anno.targets.internal.AnnotationTargetsImpl_Targets.getAnnotatedClasses(AnnotationTargetsImpl_Targets.java:983)
	at com.ibm.ws.container.service.annotations.internal.WebAnnotationsImpl$FragmentAnnotationsImpl.selectAnnotatedClasses(WebAnnotationsImpl.java:466)
	at com.ibm.ws.webcontainer.osgi.container.config.WebAppConfiguratorHelper.configureFromAnnotations(WebAppConfiguratorHelper.java:806)
	at com.ibm.ws.webcontainer.osgi.container.config.WebAppConfigurator.configure(WebAppConfigurator.java:422)
	at com.ibm.ws.webcontainer.osgi.container.config.WebAppConfigurationAdapter.adapt(WebAppConfigurationAdapter.java:119)
	at com.ibm.ws.webcontainer.osgi.container.config.WebAppConfigurationAdapter.adapt(WebAppConfigurationAdapter.java:43)
	at com.ibm.ws.adaptable.module.internal.AdapterFactoryServiceImpl.adapt(AdapterFactoryServiceImpl.java:196)
	at com.ibm.ws.adaptable.module.internal.AdaptableContainerImpl.adapt(AdaptableContainerImpl.java:170)
	at com.ibm.ws.webcontainer.osgi.WebContainer.createModuleMetaData(WebContainer.java:835)
	at com.ibm.ws.app.manager.module.internal.ModuleHandlerBase.createModuleMetaData(ModuleHandlerBase.java:63)
	at com.ibm.ws.app.manager.module.internal.SimpleDeployedAppInfoBase$ModuleContainerInfoBase.createModuleMetaData(SimpleDeployedAppInfoBase.java:168)
	at com.ibm.ws.app.manager.module.internal.DeployedAppInfoBase.preDeployApp(DeployedAppInfoBase.java:369)
	at com.ibm.ws.app.manager.module.internal.DeployedAppInfoBase.deployApp(DeployedAppInfoBase.java:413)
	at com.ibm.ws.app.manager.war.internal.WARApplicationHandlerImpl.install(WARApplicationHandlerImpl.java:65)
	at com.ibm.ws.app.manager.internal.statemachine.StartAction.execute(StartAction.java:140)
	at com.ibm.ws.app.manager.internal.statemachine.ApplicationStateMachineImpl.enterState(ApplicationStateMachineImpl.java:1261)
	at com.ibm.ws.app.manager.internal.statemachine.ApplicationStateMachineImpl.performAction(ApplicationStateMachineImpl.java:1129)
	at com.ibm.ws.app.manager.internal.statemachine.ApplicationStateMachineImpl.run(ApplicationStateMachineImpl.java:884)
	at com.ibm.ws.threading.internal.ExecutorServiceImpl$RunnableWrapper.run(ExecutorServiceImpl.java:239)
	at java.util.concurrent.ThreadPoolExecutor.runWorker(ThreadPoolExecutor.java:1160)
	at java.util.concurrent.ThreadPoolExecutor$Worker.run(ThreadPoolExecutor.java:635)
	at java.lang.Thread.run(Thread.java:818)

Dump of callerThis
Object type = com.ibm.ws.anno.classsource.internal.ClassSourceImpl_MappedContainer
  CLASS_NAME = "com.ibm.ws.anno.classsource.internal.ClassSourceImpl_MappedContainer"
  tc = class com.ibm.websphere.ras.TraceComponent@edaaacb
    strings[0] = "TraceComponent[com.ibm.ws.anno.classsource.internal.ClassSourceImpl_MappedContainer,class com.ibm.ws.anno.classsource.internal.ClassSourceImpl_MappedContainer,[com.ibm.ws.anno],com.ibm.ws.anno.resources.internal.AnnoMessages,null]"
  container = class com.ibm.ws.adaptable.module.internal.AdaptableContainerImpl@84099683
    root = class com.ibm.ws.adaptable.module.internal.AdaptableContainerImpl@b89f83f1
      root = class com.ibm.ws.adaptable.module.internal.AdaptableContainerImpl@b89f83f1
      rootOverlay = class com.ibm.ws.artifact.overlay.internal.DirectoryBasedOverlayContainerImpl@23e1f207
      factoryHolder = class com.ibm.ws.adaptable.module.internal.AdaptableModuleFactoryImpl@7b2017b
      delegate = class com.ibm.ws.artifact.overlay.internal.DirectoryBasedOverlayContainerImpl@23e1f207
      notifier = class com.ibm.ws.adaptable.module.internal.NotifierImpl@4347f6b7
      serialVersionUID = -5621513278641113667
      $$$tc$$$ = class com.ibm.websphere.ras.TraceComponent@c59c8423
    rootOverlay = class com.ibm.ws.artifact.overlay.internal.DirectoryBasedOverlayContainerImpl@23e1f207
      base = class com.ibm.ws.artifact.loose.internal.LooseArchive@a2a5a695
      maskSet = class java.util.HashSet@158fc4d
      cfHolder = class com.ibm.ws.artifact.overlay.internal.OverlayContainerFactoryImpl@e0377201
      fileOverlayContainer = class com.ibm.ws.artifact.file.internal.FileContainer@ef3b64f7
      overlayDirectory = class java.io.File@715ce31a
      cacheDirForOverlay = class java.io.File@f7d3e528
      overlayNotifier = class com.ibm.ws.artifact.overlay.internal.DirectoryBasedOverlayNotifier@8a447664
      enclosingContainer = null
      entryInEnclosingContainer = null
      nestedOverlays = class java.util.concurrent.ConcurrentHashMap@833ff683
      cacheStore = class com.ibm.ws.artifact.overlay.internal.OverlayCache@a1d8a620
      parentOverlay = null
      isPassThroughMode = true
      serialVersionUID = -1690795617118238166
      $$$tc$$$ = class com.ibm.websphere.ras.TraceComponent@2a06f41
    factoryHolder = class com.ibm.ws.adaptable.module.internal.AdaptableModuleFactoryImpl@7b2017b
      adapterFactoryService = class com.ibm.ws.adaptable.module.internal.AdapterFactoryServiceImpl@8fbf6a7b
      containerFactory = class com.ibm.ws.artifact.internal.ArtifactContainerFactoryService@876baab4
      overlayContainerFactory = class com.ibm.ws.artifact.overlay.internal.OverlayContainerFactoryImpl@e0377201
      serialVersionUID = 4200251809856292987
      $$$tc$$$ = class com.ibm.websphere.ras.TraceComponent@244b5ed
    delegate = class com.ibm.ws.artifact.overlay.internal.DirectoryBasedOverlayContainerImpl$OverlayDelegatingContainer@27bb0913
      owner = class com.ibm.ws.artifact.overlay.internal.DirectoryBasedOverlayContainerImpl@23e1f207
      delegate = class com.ibm.ws.artifact.loose.internal.LooseContainer@557de094
      path = "/WEB-INF/classes"
      name = "classes"
      fileContainer = class com.ibm.ws.artifact.file.internal.FileContainer@ef3b64f7
      serialVersionUID = 4238962217055258374
      $$$tc$$$ = class com.ibm.websphere.ras.TraceComponent@c94b1b5b
    notifier = null
    serialVersionUID = -5621513278641113667
    $$$tc$$$ = class com.ibm.websphere.ras.TraceComponent@c59c8423
      strings[0] = "TraceComponent[com.ibm.ws.adaptable.module.internal.AdaptableContainerImpl,class com.ibm.ws.adaptable.module.internal.AdaptableContainerImpl,[archive.adaptable],,null]"
  startTime = 0
  endTime = 0
  streamTime = 0
  jandexTime = 0
  EMPTY_PREFIX = ""
  serialVersionUID = -3433985981669448401
  tc = class com.ibm.websphere.ras.TraceComponent@20b73e32
    strings[0] = "TraceComponent[com.ibm.ws.anno.classsource.internal.ClassSourceImpl,class com.ibm.ws.anno.classsource.internal.ClassSourceImpl,[com.ibm.ws.anno],com.ibm.ws.anno.resources.internal.AnnoMessages,null]"
  CLASS_NAME = "com.ibm.ws.anno.classsource.internal.ClassSourceImpl"
  hashText = "ClassSourceImpl_MappedContainer@1061420515(WEB-INF/classes, com.ibm.ws.adaptable.module.internal.AdaptableContainerImpl@84099683)"
  factory = class com.ibm.ws.anno.classsource.internal.ClassSourceImpl_Factory@14927bdb
    CLASS_NAME = "com.ibm.ws.anno.classsource.internal.ClassSourceImpl_Factory"
    tc = class com.ibm.websphere.ras.TraceComponent@6f5ed42b
      strings[0] = "TraceComponent[com.ibm.ws.anno.classsource.internal.ClassSourceImpl_Factory,class com.ibm.ws.anno.classsource.internal.ClassSourceImpl_Factory,[com.ibm.ws.anno],com.ibm.ws.anno.resources.internal.AnnoMessages,null]"
    hashText = "ClassSourceImpl_Factory@572438615"
    utilFactory = class com.ibm.ws.anno.util.internal.UtilImpl_Factory@11e9482
      tc = class com.ibm.websphere.ras.TraceComponent@36908273
      CLASS_NAME = "com.ibm.ws.anno.util.internal.UtilImpl_Factory"
      hashText = "UtilImpl_Factory@-1204430640"
      serialVersionUID = -7802370278509421821
    serialVersionUID = 3317868353121069113
  name = "WEB-INF/classes"
  canonicalName = "WEB-INF/classes"
  parentSource = null
  options = class com.ibm.ws.anno.classsource.internal.ClassSourceImpl_Options@f8124a1f
    CLASS_NAME = "ClassSourceImpl_Options"
    JANDEX_OVERRIDE_PROPERTY_NAME = "com.ibm.ws.jandex.enable"
    JANDEX_OVERRIDE_DEFAULT_VALUE = false
    JANDEX_OVERRIDE = false
    USE_JANDEX_DEFAULT = false
    isSetUseJandex = true
    useJandex = false
    serialVersionUID = -2300964024836545367
    $$$tc$$$ = class com.ibm.websphere.ras.TraceComponent@fbb59f38
      strings[0] = "TraceComponent[com.ibm.ws.anno.classsource.internal.ClassSourceImpl_Options,class com.ibm.ws.anno.classsource.internal.ClassSourceImpl_Options,[com.ibm.ws.anno],com.ibm.ws.anno.resources.internal.AnnoMessages,null]"
  internMap = class com.ibm.ws.anno.util.internal.UtilImpl_InternMap@e5ddd876
    tc = class com.ibm.websphere.ras.TraceComponent@66885e7d
      strings[0] = "TraceComponent[com.ibm.ws.anno.util.internal.UtilImpl_InternMap,class com.ibm.ws.anno.util.internal.UtilImpl_InternMap,[com.ibm.ws.anno],com.ibm.ws.anno.resources.internal.AnnoMessages,null]"
    CLASS_NAME = "com.ibm.ws.anno.util.internal.UtilImpl_InternMap"
    hashText = "UtilImpl_InternMap@-2014256659(classes and packages)"
    DEFAULT_LOG_THRESHHOLD = 4096
    logThreshHold = 4096
    factory = class com.ibm.ws.anno.util.internal.UtilImpl_Factory@11e9482
    valueType = class com.ibm.wsspi.anno.util.Util_InternMap$ValueType@11134dbb
      VT_CLASS_RESOURCE = class com.ibm.wsspi.anno.util.Util_InternMap$ValueType@41e70f12
      VT_CLASS_REFERENCE = class com.ibm.wsspi.anno.util.Util_InternMap$ValueType@1c2541d5
      VT_CLASS_NAME = class com.ibm.wsspi.anno.util.Util_InternMap$ValueType@11134dbb
      VT_FIELD_NAME = class com.ibm.wsspi.anno.util.Util_InternMap$ValueType@68e5cf3
      VT_METHOD_NAME = class com.ibm.wsspi.anno.util.Util_InternMap$ValueType@4074429b
      VT_OTHER = class com.ibm.wsspi.anno.util.Util_InternMap$ValueType@bb6a37ef
      $VALUES = class com.ibm.wsspi.anno.util.Util_InternMap$ValueType[6]
      $$$tc$$$ = class com.ibm.websphere.ras.TraceComponent@ffd626bd
      name = "VT_CLASS_NAME"
      ordinal = 2
    checkValues = false
    name = "classes and packages"
    internMap = class java.util.HashMap@fdecb1d2
      serialVersionUID = 362498820763181265
      DEFAULT_INITIAL_CAPACITY = 16
      MAXIMUM_CAPACITY = 1073741824
      DEFAULT_LOAD_FACTOR = 0.75
      TREEIFY_THRESHOLD = 8
      UNTREEIFY_THRESHOLD = 6
      MIN_TREEIFY_CAPACITY = 64
      table = class java.util.HashMap$Node[256]
      entrySet = null
      size = 135
      modCount = 135
      threshold = 192
      loadFactor = 0.75
      keySet = null
      values = null
    lastReportedLength = 4132
    totalLength = 5548
    serialVersionUID = -5461277679491511795
  scanCounts = class com.ibm.ws.anno.classsource.internal.ClassSourceImpl_ScanCounts@46fcadbb
    results = {6,3,0,3,0,0,3,0,0,3} /* array length = 10 */
    serialVersionUID = -8917709647280336091
    $$$tc$$$ = class com.ibm.websphere.ras.TraceComponent@57ba9abd
      strings[0] = "TraceComponent[com.ibm.ws.anno.classsource.internal.ClassSourceImpl_ScanCounts,class com.ibm.ws.anno.classsource.internal.ClassSourceImpl_ScanCounts,[com.ibm.ws.anno],com.ibm.ws.anno.resources.internal.AnnoMessages,null]"
  resourceExclusionCount = 330
  classExclusionCount = 0
  classInclusionCount = 135
  processedUsingJandex = false
  META_INF_LENGTH = 8
  serialVersionUID = -4933721197625310422

Dump of objectArray[0]
Object type = com.ibm.ws.adaptable.module.internal.AdaptableContainerImpl
  root = class com.ibm.ws.adaptable.module.internal.AdaptableContainerImpl@b89f83f1
    root = class com.ibm.ws.adaptable.module.internal.AdaptableContainerImpl@b89f83f1
    rootOverlay = class com.ibm.ws.artifact.overlay.internal.DirectoryBasedOverlayContainerImpl@23e1f207
    factoryHolder = class com.ibm.ws.adaptable.module.internal.AdaptableModuleFactoryImpl@7b2017b
    delegate = class com.ibm.ws.artifact.overlay.internal.DirectoryBasedOverlayContainerImpl@23e1f207
    notifier = class com.ibm.ws.adaptable.module.internal.NotifierImpl@4347f6b7
      root = class com.ibm.ws.adaptable.module.internal.AdaptableContainerImpl@b89f83f1
      delegateNotifier = class com.ibm.ws.artifact.overlay.internal.DirectoryBasedOverlayNotifier@8a447664
      delegateRoot = class com.ibm.ws.artifact.overlay.internal.DirectoryBasedOverlayContainerImpl@23e1f207
      listenerDelegates = class java.util.HashMap@71e39109
      serialVersionUID = 6839382523957017880
      $$$tc$$$ = class com.ibm.websphere.ras.TraceComponent@4431cc8
    serialVersionUID = -5621513278641113667
    $$$tc$$$ = class com.ibm.websphere.ras.TraceComponent@c59c8423
  rootOverlay = class com.ibm.ws.artifact.overlay.internal.DirectoryBasedOverlayContainerImpl@23e1f207
    base = class com.ibm.ws.artifact.loose.internal.LooseArchive@a2a5a695
      cacheDir = class java.io.File@2c5d62ae
      xmlFile = class java.io.File@bfed931d
      parent = null
      cfh = class com.ibm.ws.artifact.loose.internal.LooseContainerFactoryHelper@ff356d96
      pathInParent = null
      _entries = class java.util.ArrayList@c6e82dcc
      tc = class com.ibm.websphere.ras.TraceComponent@89d786a1
      artifactNotifier = class com.ibm.ws.artifact.loose.internal.LooseArtifactNotifier@d6a741a7
      serialVersionUID = 345486831272892625
    maskSet = class java.util.HashSet@158fc4d
      serialVersionUID = -5024744406713321676
      map = class java.util.HashMap@65498d89
      PRESENT = class java.lang.Object@28e3cc5
      MAX_ARRAY_SIZE = 2147483639
    cfHolder = class com.ibm.ws.artifact.overlay.internal.OverlayContainerFactoryImpl@e0377201
      containerFactory = class com.ibm.ws.artifact.internal.ArtifactContainerFactoryService@876baab4
      serialVersionUID = 6296466117843221178
      $$$tc$$$ = class com.ibm.websphere.ras.TraceComponent@565583fd
    fileOverlayContainer = class com.ibm.ws.artifact.file.internal.FileContainer@ef3b64f7
      containerFactoryHolder = class com.ibm.ws.artifact.file.internal.FileContainerFactory@8f9e197a
      parent = null
      thisInParent = null
      dir = class java.io.File@715ce31a
      cacheDir = class java.io.File@f7d3e528
      isRoot = true
      root = class com.ibm.ws.artifact.file.internal.FileContainer@ef3b64f7
      artifactNotifier = class com.ibm.ws.artifact.file.FileArtifactNotifier@f382fd53
      serialVersionUID = -542248409847968651
      $$$tc$$$ = class com.ibm.websphere.ras.TraceComponent@3859c0a5
    overlayDirectory = class java.io.File@715ce31a
      fs = class java.io.UnixFileSystem@d613f4b6
      path = "/home/default/app/mc-target/liberty/wlp/usr/servers/defaultServer/workarea/org.eclipse.osgi/63/data/cacheAdapt/com.ibm.ws.app.manager_15/.overlay"
      status = class java.io.File$PathStatus@67b3d578
      prefixLength = 1
      separatorChar = /
      separator = "/"
      pathSeparatorChar = :
      pathSeparator = ":"
      PATH_OFFSET = 8
      PREFIX_LENGTH_OFFSET = 20
      UNSAFE = class sun.misc.Unsafe@80b6cc26
      serialVersionUID = 301077366599181567
      filePath = null
      $assertionsDisabled = true
    cacheDirForOverlay = class java.io.File@f7d3e528
      fs = class java.io.UnixFileSystem@d613f4b6
      path = "/home/default/app/mc-target/liberty/wlp/usr/servers/defaultServer/workarea/org.eclipse.osgi/63/data/cacheOverlay/com.ibm.ws.app.manager_15"
      status = class java.io.File$PathStatus@67b3d578
      prefixLength = 1
      separatorChar = /
      separator = "/"
      pathSeparatorChar = :
      pathSeparator = ":"
      PATH_OFFSET = 8
      PREFIX_LENGTH_OFFSET = 20
      UNSAFE = class sun.misc.Unsafe@80b6cc26
      serialVersionUID = 301077366599181567
      filePath = null
      $assertionsDisabled = true
    overlayNotifier = class com.ibm.ws.artifact.overlay.internal.DirectoryBasedOverlayNotifier@8a447664
      root = class com.ibm.ws.artifact.overlay.internal.DirectoryBasedOverlayContainerImpl@23e1f207
      overlayContainer = class com.ibm.ws.artifact.file.internal.FileContainer@ef3b64f7
      overlaidContainer = class com.ibm.ws.artifact.loose.internal.LooseArchive@a2a5a695
      listeningToContainers = true
      listeners = class java.util.concurrent.ConcurrentHashMap@5da40113
      pathsMonitored = class java.util.HashSet@28bcd5f0
      parentNotifier = null
      pathOfEntryInParent = null
      id = null
      serialVersionUID = -5716655730663296309
      $$$tc$$$ = class com.ibm.websphere.ras.TraceComponent@987f011c
    enclosingContainer = null
    entryInEnclosingContainer = null
    nestedOverlays = class java.util.concurrent.ConcurrentHashMap@833ff683
      serialVersionUID = 7249069246763182397
      MAXIMUM_CAPACITY = 1073741824
      DEFAULT_CAPACITY = 16
      MAX_ARRAY_SIZE = 2147483639
      DEFAULT_CONCURRENCY_LEVEL = 16
      LOAD_FACTOR = 0.75
      TREEIFY_THRESHOLD = 8
      UNTREEIFY_THRESHOLD = 6
      MIN_TREEIFY_CAPACITY = 64
      MIN_TRANSFER_STRIDE = 16
      RESIZE_STAMP_BITS = 16
      MAX_RESIZERS = 65535
      RESIZE_STAMP_SHIFT = 16
      MOVED = -1
      TREEBIN = -2
      RESERVED = -3
      HASH_BITS = 2147483647
      NCPU = 10
      serialPersistentFields = class java.io.ObjectStreamField[3]
      table = class java.util.concurrent.ConcurrentHashMap$Node[16]
      nextTable = null
      baseCount = 6
      sizeCtl = 12
      transferIndex = 0
      cellsBusy = 0
      counterCells = null
      keySet = null
      values = null
      entrySet = null
      U = class sun.misc.Unsafe@80b6cc26
      SIZECTL = 48
      TRANSFERINDEX = 52
      BASECOUNT = 16
      CELLSBUSY = 56
      CELLVALUE = 72
      ABASE = 8
      ASHIFT = 2
      keySet = null
      values = null
    cacheStore = class com.ibm.ws.artifact.overlay.internal.OverlayCache@a1d8a620
      cache = class java.util.HashMap@a6d7c0c4
      serialVersionUID = -7877512378170016077
      $$$tc$$$ = class com.ibm.websphere.ras.TraceComponent@acbec114
    parentOverlay = null
    isPassThroughMode = true
    serialVersionUID = -1690795617118238166
    $$$tc$$$ = class com.ibm.websphere.ras.TraceComponent@2a06f41
      strings[0] = "TraceComponent[com.ibm.ws.artifact.overlay.internal.DirectoryBasedOverlayContainerImpl,class com.ibm.ws.artifact.overlay.internal.DirectoryBasedOverlayContainerImpl,[archive.overlay],,null]"
  factoryHolder = class com.ibm.ws.adaptable.module.internal.AdaptableModuleFactoryImpl@7b2017b
    adapterFactoryService = class com.ibm.ws.adaptable.module.internal.AdapterFactoryServiceImpl@8fbf6a7b
      toType = "toType"
      priv = class com.ibm.ws.kernel.service.util.SecureAction@4712d7e0
      containerHelperMap = class com.ibm.wsspi.kernel.service.utils.ConcurrentServiceReferenceSetMap@a2325546
      entryHelperMap = class com.ibm.wsspi.kernel.service.utils.ConcurrentServiceReferenceSetMap@b4519923
      containerToTypes = class java.util.Collections$SynchronizedSet@3c8cade8
      entryToTypes = class java.util.Collections$SynchronizedSet@c287433d
      baseProperties = class org.apache.felix.scr.impl.helper.ReadOnlyDictionary@a8e601da
      serialVersionUID = 5945907930609928466
      $$$tc$$$ = class com.ibm.websphere.ras.TraceComponent@591dd75
    containerFactory = class com.ibm.ws.artifact.internal.ArtifactContainerFactoryService@876baab4
      CATEGORY_PROP_NAME = "category"
      ENTRY_KEY = "com.ibm.wsspi.artifact.ArtifactEntry"
      helperMap = class com.ibm.wsspi.kernel.service.utils.ConcurrentServiceReferenceSetMap@dbefbbaa
      contributorMap = class com.ibm.wsspi.kernel.service.utils.ConcurrentServiceReferenceSetMap@536fa72a
      helperCategoryMap = class com.ibm.wsspi.kernel.service.utils.ConcurrentServiceReferenceSetMap@9498ba7e
      contributorCategoryMap = class com.ibm.wsspi.kernel.service.utils.ConcurrentServiceReferenceSetMap@debb376f
      categories = class java.util.Collections$SynchronizedSet@83798b69
      baseProperties = class org.apache.felix.scr.impl.helper.ReadOnlyDictionary@e8df01f2
      serialVersionUID = -3101641399269402013
      $$$tc$$$ = class com.ibm.websphere.ras.TraceComponent@f9022a0a
    overlayContainerFactory = class com.ibm.ws.artifact.overlay.internal.OverlayContainerFactoryImpl@e0377201
    serialVersionUID = 4200251809856292987
    $$$tc$$$ = class com.ibm.websphere.ras.TraceComponent@244b5ed
      strings[0] = "TraceComponent[com.ibm.ws.adaptable.module.internal.AdaptableModuleFactoryImpl,class com.ibm.ws.adaptable.module.internal.AdaptableModuleFactoryImpl,[archive.adaptable],,null]"
  delegate = class com.ibm.ws.artifact.overlay.internal.DirectoryBasedOverlayContainerImpl$OverlayDelegatingContainer@bed1d599
    owner = class com.ibm.ws.artifact.overlay.internal.DirectoryBasedOverlayContainerImpl@23e1f207
    delegate = class com.ibm.ws.artifact.loose.internal.LooseContainer@55a4d360
      serialVersionUID = 3553424461302059963
      $$$tc$$$ = class com.ibm.websphere.ras.TraceComponent@951c8686
      root = class com.ibm.ws.artifact.loose.internal.LooseArchive@a2a5a695
      path = "/WEB-INF/classes/com/roguecloud"
      name = null
      entry = class com.ibm.ws.artifact.loose.internal.LooseArchive$DirEntryInfo@64764d2d
      serialVersionUID = 6613550807796544970
      $$$tc$$$ = class com.ibm.websphere.ras.TraceComponent@2b004884
    path = "/WEB-INF/classes/com/roguecloud"
    name = "roguecloud"
    fileContainer = class com.ibm.ws.artifact.file.internal.FileContainer@ef3b64f7
    serialVersionUID = 4238962217055258374
    $$$tc$$$ = class com.ibm.websphere.ras.TraceComponent@c94b1b5b
      strings[0] = "TraceComponent[com.ibm.ws.artifact.overlay.internal.DirectoryBasedOverlayContainerImpl$OverlayDelegatingContainer,class com.ibm.ws.artifact.overlay.internal.DirectoryBasedOverlayContainerImpl$OverlayDelegatingContainer,[archive.overlay],,null]"
  notifier = null
  serialVersionUID = -5621513278641113667
  $$$tc$$$ = class com.ibm.websphere.ras.TraceComponent@c59c8423
    strings[0] = "TraceComponent[com.ibm.ws.adaptable.module.internal.AdaptableContainerImpl,class com.ibm.ws.adaptable.module.internal.AdaptableContainerImpl,[archive.adaptable],,null]"

Dump of objectArray[1]
Object type = java.lang.String
  String value = "com/roguecloud"

Dump of objectArray[2]
Object type = com.ibm.ws.anno.targets.internal.AnnotationTargetsImpl_Streamer
  tc = class com.ibm.websphere.ras.TraceComponent@d708d4d2
    strings[0] = "TraceComponent[com.ibm.ws.anno.targets.internal.AnnotationTargetsImpl_Streamer,class com.ibm.ws.anno.targets.internal.AnnotationTargetsImpl_Streamer,[com.ibm.ws.anno],com.ibm.ws.anno.resources.internal.AnnoMessages,null]"
  CLASS_NAME = "com.ibm.ws.anno.targets.internal.AnnotationTargetsImpl_Streamer"
  hashText = "AnnotationTargetsImpl_Streamer@-2105859777"
  scanner = class com.ibm.ws.anno.targets.internal.AnnotationTargetsImpl_Scanner@bee947d9
    tc = class com.ibm.websphere.ras.TraceComponent@dad99064
      strings[0] = "TraceComponent[com.ibm.ws.anno.targets.internal.AnnotationTargetsImpl_Scanner,class com.ibm.ws.anno.targets.internal.AnnotationTargetsImpl_Scanner,[com.ibm.ws.anno],com.ibm.ws.anno.resources.internal.AnnoMessages,null]"
    CLASS_NAME = "com.ibm.ws.anno.targets.internal.AnnotationTargetsImpl_Scanner"
    hashText = "AnnotationTargetsImpl_Scanner@-681963796"
    factory = class com.ibm.ws.anno.targets.internal.AnnotationTargetsImpl_Factory@aee23e04
      tc = class com.ibm.websphere.ras.TraceComponent@c914e112
      CLASS_NAME = "com.ibm.ws.anno.targets.internal.AnnotationTargetsImpl_Factory"
      hashText = "AnnotationTargetsImpl_Factory@-1776185483"
      utilFactory = class com.ibm.ws.anno.util.internal.UtilImpl_Factory@11e9482
      serialVersionUID = 1959719964121563663
    classSource = class com.ibm.ws.anno.classsource.internal.ClassSourceImpl_Aggregate@cb0af7ac
      CLASS_NAME = "com.ibm.ws.anno.classsource.internal.ClassSourceImpl_Aggregate"
      tc = class com.ibm.websphere.ras.TraceComponent@c8b3f444
      openCount = 2
      successfulOpens = class java.util.ArrayList@b708bd4f
      failedOpens = class java.util.HashSet@1c66ab8f
      classSources = class java.util.ArrayList@54e90e3e
      classSourceNames = class java.util.HashMap@13ee2087
      seedClassSources = class java.util.HashSet@1168bea3
      partialClassSources = class java.util.HashSet@2c15d637
      excludedClassSources = class java.util.HashSet@3d924b7f
      externalClassSources = class java.util.HashSet@6b3af4e9
      totalLookups = 0
      repeatLookups = 0
      i_lookupCounts = class java.util.IdentityHashMap@cb312c91
      i_globalResults = class java.util.IdentityHashMap@1d8d8e6
      i_failedLookups = class java.util.IdentityHashMap@850e77e1
      i_firstSuccesses = class java.util.IdentityHashMap@983ddebd
      serialVersionUID = 8833672715963184110
      tc = class com.ibm.websphere.ras.TraceComponent@20b73e32
      CLASS_NAME = "com.ibm.ws.anno.classsource.internal.ClassSourceImpl"
      hashText = "ClassSourceImpl_Aggregate@-653308380(gameclient-1.0-SNAPSHOT gameclient-1.0-SNAPSHOT)"
      factory = class com.ibm.ws.anno.classsource.internal.ClassSourceImpl_Factory@14927bdb
      name = "gameclient-1.0-SNAPSHOT gameclient-1.0-SNAPSHOT"
      canonicalName = "gameclient-1.0-SNAPSHOT gameclient-1.0-SNAPSHOT"
      parentSource = null
      options = class com.ibm.ws.anno.classsource.internal.ClassSourceImpl_Options@f8124a1f
      internMap = class com.ibm.ws.anno.util.internal.UtilImpl_InternMap@e5ddd876
      scanCounts = class com.ibm.ws.anno.classsource.internal.ClassSourceImpl_ScanCounts@1394919d
      resourceExclusionCount = 0
      classExclusionCount = 0
      classInclusionCount = 0
      processedUsingJandex = false
      META_INF_LENGTH = 8
      serialVersionUID = -4933721197625310422
    annotationTargets = class com.ibm.ws.anno.targets.internal.AnnotationTargetsImpl_Targets@48346633
    streamer = class com.ibm.ws.anno.targets.internal.AnnotationTargetsImpl_Streamer@a90b150c
    timeSpentInDeclaredScan = 0
    timeSpentInReferenceScan = 0
    serialVersionUID = 5563159421940803944
  targets = class com.ibm.ws.anno.targets.internal.AnnotationTargetsImpl_Targets@48346633
    tc = class com.ibm.websphere.ras.TraceComponent@f4e8ad90
      strings[0] = "TraceComponent[com.ibm.ws.anno.targets.internal.AnnotationTargetsImpl_Targets,class com.ibm.ws.anno.targets.internal.AnnotationTargetsImpl_Targets,[com.ibm.ws.anno],com.ibm.ws.anno.resources.internal.AnnoMessages,null]"
    CLASS_NAME = "com.ibm.ws.anno.targets.internal.AnnotationTargetsImpl_Targets"
    hashText = "AnnotationTargetsImpl_Targets@-707503694"
    factory = class com.ibm.ws.anno.targets.internal.AnnotationTargetsImpl_Factory@aee23e04
    classSourceInternMap = class com.ibm.ws.anno.util.internal.UtilImpl_InternMap@27e79a72
      tc = class com.ibm.websphere.ras.TraceComponent@66885e7d
      CLASS_NAME = "com.ibm.ws.anno.util.internal.UtilImpl_InternMap"
      hashText = "UtilImpl_InternMap@-1267199002(class sources)"
      DEFAULT_LOG_THRESHHOLD = 4096
      logThreshHold = 4096
      factory = class com.ibm.ws.anno.util.internal.UtilImpl_Factory@11e9482
      valueType = class com.ibm.wsspi.anno.util.Util_InternMap$ValueType@bb6a37ef
      checkValues = false
      name = "class sources"
      internMap = class java.util.HashMap@dd861253
      lastReportedLength = 0
      totalLength = 15
      serialVersionUID = -5461277679491511795
    rootClassSource = class com.ibm.ws.anno.classsource.internal.ClassSourceImpl_Aggregate@cb0af7ac
    directClassSourceCount = 7
    haveScannedDirectClasses = true
    externalClassSourceCount = 1
    haveScannedReferencedClasses = false
    classInternMap = class com.ibm.ws.anno.util.internal.UtilImpl_InternMap@84c9b904
      tc = class com.ibm.websphere.ras.TraceComponent@66885e7d
      CLASS_NAME = "com.ibm.ws.anno.util.internal.UtilImpl_InternMap"
      hashText = "UtilImpl_InternMap@-184664534(classes and package names)"
      DEFAULT_LOG_THRESHHOLD = 4096
      logThreshHold = 4096
      factory = class com.ibm.ws.anno.util.internal.UtilImpl_Factory@11e9482
      valueType = class com.ibm.wsspi.anno.util.Util_InternMap$ValueType@11134dbb
      checkValues = false
      name = "classes and package names"
      internMap = class java.util.HashMap@3b698eec
      lastReportedLength = 4143
      totalLength = 5818
      serialVersionUID = -5461277679491511795
    visitor = class com.ibm.ws.anno.targets.internal.AnnotationTargetsVisitor@5de70265
      tc = class com.ibm.websphere.ras.TraceComponent@d78c4cc8
      CLASS_NAME = "com.ibm.ws.anno.targets.internal.AnnotationTargetsVisitor"
      PACKAGE_INFO_CLASS_NAME = "package-info"
      hashText = "AnnotationTargetsVisitor@-798996275"
      annotationTargets = class com.ibm.ws.anno.targets.internal.AnnotationTargetsImpl_Targets@48346633
      isDetailEnabled = true
      i_classSourceName = "WEB-INF/classes"
      scanPolicy = class com.ibm.wsspi.anno.classsource.ClassSource_Aggregate$ScanPolicy@f245bfc5
      scanPolicyIsExternal = false
      externalName = "com.roguecloud.actions.IActionResponse"
      isClass = true
      i_className = "com.roguecloud.actions.IActionResponse"
      VISIT_ENDED_DETAIL = class com.ibm.ws.anno.targets.internal.AnnotationTargetsVisitor$VisitEnded@f85f08db
      VISIT_ENDED_DUPLICATE_CLASS = class com.ibm.ws.anno.targets.internal.AnnotationTargetsVisitor$VisitEnded@91ba42e4
      VISIT_ENDED_CLASS_MISMATCH = class com.ibm.ws.anno.targets.internal.AnnotationTargetsVisitor$VisitEnded@476a3cef
      VISIT_ENDED_DUPLICATE_PACKAGE = class com.ibm.ws.anno.targets.internal.AnnotationTargetsVisitor$VisitEnded@8cf4e155
      VISIT_ENDED_PACKAGE_MISMATCH = class com.ibm.ws.anno.targets.internal.AnnotationTargetsVisitor$VisitEnded@d181b548
      fieldVisitor = class com.ibm.ws.anno.targets.internal.AnnotationTargetsVisitor$AnnoFieldVisitor@3ddc3d04
      methodVisitor = class com.ibm.ws.anno.targets.internal.AnnotationTargetsVisitor$AnnoMethodVisitor@c4ab9cbb
      serialVersionUID = -3785108644137834388
      api = 458752
      cv = null
    i_unresolvedPackageNames = class java.util.IdentityHashMap@9c02058e
      DEFAULT_CAPACITY = 32
      MINIMUM_CAPACITY = 4
      MAXIMUM_CAPACITY = 536870912
      table = class java.lang.Object[64]
      size = 0
      modCount = 0
      NULL_KEY = class java.lang.Object@15e30441
      entrySet = null
      serialVersionUID = 8188218128353913216
      keySet = null
      values = null
    i_scannedClassNames = class java.util.IdentityHashMap@29307b24
      DEFAULT_CAPACITY = 32
      MINIMUM_CAPACITY = 4
      MAXIMUM_CAPACITY = 536870912
      table = class java.lang.Object[512]
      size = 132
      modCount = 132
      NULL_KEY = class java.lang.Object@15e30441
      entrySet = null
      serialVersionUID = 8188218128353913216
      keySet = null
      values = null
    i_referencedClassNames = class java.util.IdentityHashMap@7fe5100f
      DEFAULT_CAPACITY = 32
      MINIMUM_CAPACITY = 4
      MAXIMUM_CAPACITY = 536870912
      table = class java.lang.Object[64]
      size = 15
      modCount = 27
      NULL_KEY = class java.lang.Object@15e30441
      entrySet = null
      serialVersionUID = 8188218128353913216
      keySet = null
      values = null
    i_unresolvedClassNames = class java.util.IdentityHashMap@957c2648
      DEFAULT_CAPACITY = 32
      MINIMUM_CAPACITY = 4
      MAXIMUM_CAPACITY = 536870912
      table = class java.lang.Object[64]
      size = 0
      modCount = 0
      NULL_KEY = class java.lang.Object@15e30441
      entrySet = null
      serialVersionUID = 8188218128353913216
      keySet = null
      values = null
    classSourceClassData = class com.ibm.ws.anno.util.internal.UtilImpl_BidirectionalMap@8d198c3c
      tc = class com.ibm.websphere.ras.TraceComponent@4d3afc5e
      CLASS_NAME = "com.ibm.ws.anno.util.internal.UtilImpl_BidirectionalMap"
      hashText = "UtilImpl_BidirectionalMap@588401574(class source : class, enabled='true')"
      factory = class com.ibm.ws.anno.util.internal.UtilImpl_Factory@11e9482
      holderTag = "class source"
      heldTag = "class"
      holderInternMap = class com.ibm.ws.anno.util.internal.UtilImpl_InternMap@27e79a72
      heldInternMap = class com.ibm.ws.anno.util.internal.UtilImpl_InternMap@84c9b904
      isEnabled = true
      i_holderToHeldMap = class java.util.IdentityHashMap@2e311544
      i_heldToHoldersMap = class java.util.IdentityHashMap@1e7416dd
      serialVersionUID = -5120548021685902873
    i_superclassNameMap = class java.util.IdentityHashMap@b1a5309f
      DEFAULT_CAPACITY = 32
      MINIMUM_CAPACITY = 4
      MAXIMUM_CAPACITY = 536870912
      table = class java.lang.Object[512]
      size = 132
      modCount = 132
      NULL_KEY = class java.lang.Object@15e30441
      entrySet = null
      serialVersionUID = 8188218128353913216
      keySet = null
      values = null
    i_interfaceNameMap = class java.util.IdentityHashMap@d9156156
      DEFAULT_CAPACITY = 32
      MINIMUM_CAPACITY = 4
      MAXIMUM_CAPACITY = 536870912
      table = class java.lang.Object[64]
      size = 21
      modCount = 21
      NULL_KEY = class java.lang.Object@15e30441
      entrySet = null
      serialVersionUID = 8188218128353913216
      keySet = null
      values = null
    i_allImplementersMap = null
    i_descendantsMap = null
    isDetailEnabled = true
    seedData = class com.ibm.ws.anno.targets.internal.AnnotationTargetsImpl_PolicyData@8a1e752d
      targets = class com.ibm.ws.anno.targets.internal.AnnotationTargetsImpl_Targets@48346633
      scanPolicy = class com.ibm.wsspi.anno.classsource.ClassSource_Aggregate$ScanPolicy@f245bfc5
      i_classNames = class java.util.IdentityHashMap@f178ba0f
      packageAnnotationData = class com.ibm.ws.anno.util.internal.UtilImpl_BidirectionalMap@4c0eb2d3
      classAnnotationData = class com.ibm.ws.anno.util.internal.UtilImpl_BidirectionalMap@c5fd8e98
      fieldAnnotationData = class com.ibm.ws.anno.util.internal.UtilImpl_BidirectionalMap@9f744727
      methodAnnotationData = class com.ibm.ws.anno.util.internal.UtilImpl_BidirectionalMap@ad8446f2
      serialVersionUID = -5030791898751345539
      $$$tc$$$ = class com.ibm.websphere.ras.TraceComponent@55c2b6fb
    partialData = class com.ibm.ws.anno.targets.internal.AnnotationTargetsImpl_PolicyData@b3d08886
      targets = class com.ibm.ws.anno.targets.internal.AnnotationTargetsImpl_Targets@48346633
      scanPolicy = class com.ibm.wsspi.anno.classsource.ClassSource_Aggregate$ScanPolicy@198d278e
      i_classNames = class java.util.IdentityHashMap@7324efb6
      packageAnnotationData = class com.ibm.ws.anno.util.internal.UtilImpl_BidirectionalMap@a4f85751
      classAnnotationData = class com.ibm.ws.anno.util.internal.UtilImpl_BidirectionalMap@3213345a
      fieldAnnotationData = class com.ibm.ws.anno.util.internal.UtilImpl_BidirectionalMap@5e831038
      methodAnnotationData = class com.ibm.ws.anno.util.internal.UtilImpl_BidirectionalMap@89a6c2c3
      serialVersionUID = -5030791898751345539
      $$$tc$$$ = class com.ibm.websphere.ras.TraceComponent@55c2b6fb
    excludedData = class com.ibm.ws.anno.targets.internal.AnnotationTargetsImpl_PolicyData@43469f84
      targets = class com.ibm.ws.anno.targets.internal.AnnotationTargetsImpl_Targets@48346633
      scanPolicy = class com.ibm.wsspi.anno.classsource.ClassSource_Aggregate$ScanPolicy@57608e7b
      i_classNames = class java.util.IdentityHashMap@3d635b4b
      packageAnnotationData = class com.ibm.ws.anno.util.internal.UtilImpl_BidirectionalMap@52867aea
      classAnnotationData = class com.ibm.ws.anno.util.internal.UtilImpl_BidirectionalMap@95aea3c3
      fieldAnnotationData = class com.ibm.ws.anno.util.internal.UtilImpl_BidirectionalMap@c3822aa3
      methodAnnotationData = class com.ibm.ws.anno.util.internal.UtilImpl_BidirectionalMap@6f821278
      serialVersionUID = -5030791898751345539
      $$$tc$$$ = class com.ibm.websphere.ras.TraceComponent@55c2b6fb
    externalData = class com.ibm.ws.anno.targets.internal.AnnotationTargetsImpl_PolicyData@6e861f2c
      targets = class com.ibm.ws.anno.targets.internal.AnnotationTargetsImpl_Targets@48346633
      scanPolicy = class com.ibm.wsspi.anno.classsource.ClassSource_Aggregate$ScanPolicy@d5e3de36
      i_classNames = class java.util.IdentityHashMap@95d4ed63
      packageAnnotationData = class com.ibm.ws.anno.util.internal.UtilImpl_BidirectionalMap@fba706a9
      classAnnotationData = class com.ibm.ws.anno.util.internal.UtilImpl_BidirectionalMap@2f38a232
      fieldAnnotationData = class com.ibm.ws.anno.util.internal.UtilImpl_BidirectionalMap@d5ba341e
      methodAnnotationData = class com.ibm.ws.anno.util.internal.UtilImpl_BidirectionalMap@aa6c9050
      serialVersionUID = -5030791898751345539
      $$$tc$$$ = class com.ibm.websphere.ras.TraceComponent@55c2b6fb
    serialVersionUID = -3049218285772143434
  jandexConverter = class com.ibm.ws.anno.targets.internal.AnnotationTargetsImpl_JandexConverter@69df4150
    tc = class com.ibm.websphere.ras.TraceComponent@aea44efc
      strings[0] = "TraceComponent[com.ibm.ws.anno.targets.internal.AnnotationTargetsImpl_JandexConverter,class com.ibm.ws.anno.targets.internal.AnnotationTargetsImpl_JandexConverter,[com.ibm.ws.anno],com.ibm.ws.anno.resources.internal.AnnoMessages,null]"
    PACKAGE_INFO_CLASS_NAME = "package-info"
    hashText = "AnnotationTargetsImpl_JandexConverter@-1213558261"
    annotationTargets = class com.ibm.ws.anno.targets.internal.AnnotationTargetsImpl_Targets@48346633
    serialVersionUID = -3170324263873137875
  serialVersionUID = 7283666705768866665

Dump of objectArray[3]
Object type = java.util.HashSet
  serialVersionUID = -5024744406713321676
  map = class java.util.HashMap@d0180abe
    serialVersionUID = 362498820763181265
    DEFAULT_INITIAL_CAPACITY = 16
    MAXIMUM_CAPACITY = 1073741824
    DEFAULT_LOAD_FACTOR = 0.75
    TREEIFY_THRESHOLD = 8
    UNTREEIFY_THRESHOLD = 6
    MIN_TREEIFY_CAPACITY = 64
    table = class java.util.HashMap$Node[256]
      Node[0] = null
      Node[1] = class java.util.HashMap$Node@99dcc46
      Node[2] = null
      Node[3] = null
      Node[4] = class java.util.HashMap$Node@71bdb6a7
      Node[5] = null
      Node[6] = null
      Node[7] = null
      Node[8] = null
      Node[9] = null
      Node[10] = class java.util.HashMap$Node@49316202
      Node[11] = null
      Node[12] = class java.util.HashMap$Node@699656ae
      Node[13] = null
      Node[14] = null
      Node[15] = null
      Node[16] = class java.util.HashMap$Node@ddefc9ec
      Node[17] = class java.util.HashMap$Node@683de60f
      Node[18] = null
      Node[19] = class java.util.HashMap$Node@6fd0ee97
      Node[20] = null
      Node[21] = class java.util.HashMap$Node@e05dc4ff
      Node[22] = null
      Node[23] = class java.util.HashMap$Node@3e68cfd9
      Node[24] = null
      Node[25] = class java.util.HashMap$Node@3a7ffec6
      Node[26] = class java.util.HashMap$Node@98b80bf9
      Node[27] = null
      Node[28] = class java.util.HashMap$Node@6ffd20f4
      Node[29] = null
      Node[30] = null
      Node[31] = null
      Node[32] = class java.util.HashMap$Node@36d1d92c
      Node[33] = class java.util.HashMap$Node@d541bc47
      Node[34] = null
      Node[35] = null
      Node[36] = null
      Node[37] = null
      Node[38] = class java.util.HashMap$Node@dbf55d9a
      Node[39] = class java.util.HashMap$Node@9acc8a81
      Node[40] = null
      Node[41] = class java.util.HashMap$Node@54ab8a35
      Node[42] = null
      Node[43] = class java.util.HashMap$Node@db75012e
      Node[44] = null
      Node[45] = null
      Node[46] = class java.util.HashMap$Node@d2b83884
      Node[47] = class java.util.HashMap$Node@8f63555c
      Node[48] = class java.util.HashMap$Node@55ed9be9
      Node[49] = null
      Node[50] = null
      Node[51] = null
      Node[52] = class java.util.HashMap$Node@ef3ac5ef
      Node[53] = null
      Node[54] = null
      Node[55] = null
      Node[56] = null
      Node[57] = class java.util.HashMap$Node@bd5f075e
      Node[58] = null
      Node[59] = null
      Node[60] = null
      Node[61] = null
      Node[62] = class java.util.HashMap$Node@209abbd8
      Node[63] = class java.util.HashMap$Node@2af2d2ab
      Node[64] = null
      Node[65] = null
      Node[66] = class java.util.HashMap$Node@856a6b55
      Node[67] = class java.util.HashMap$Node@d4e6bc8c
      Node[68] = class java.util.HashMap$Node@b0465867
      Node[69] = null
      Node[70] = null
      Node[71] = null
      Node[72] = null
      Node[73] = class java.util.HashMap$Node@38b35ec2
      Node[74] = null
      Node[75] = null
      Node[76] = null
      Node[77] = null
      Node[78] = null
      Node[79] = null
      Node[80] = null
      Node[81] = null
      Node[82] = class java.util.HashMap$Node@a638fb04
      Node[83] = null
      Node[84] = null
      Node[85] = class java.util.HashMap$Node@1bc9bfc9
      Node[86] = class java.util.HashMap$Node@36117c3f
      Node[87] = class java.util.HashMap$Node@c18c19ad
      Node[88] = class java.util.HashMap$Node@df145d1a
      Node[89] = null
      Node[90] = class java.util.HashMap$Node@2debea2f
      Node[91] = class java.util.HashMap$Node@3090a970
      Node[92] = class java.util.HashMap$Node@e13ae430
      Node[93] = null
      Node[94] = null
      Node[95] = class java.util.HashMap$Node@6be93d6f
      Node[96] = null
      Node[97] = null
      Node[98] = class java.util.HashMap$Node@98ee7a3d
      Node[99] = null
      Node[100] = null
      Node[101] = null
      Node[102] = null
      Node[103] = null
      Node[104] = class java.util.HashMap$Node@3e529715
      Node[105] = null
      Node[106] = class java.util.HashMap$Node@86f3d0b
      Node[107] = class java.util.HashMap$Node@13e17e
      Node[108] = null
      Node[109] = class java.util.HashMap$Node@d170171c
      Node[110] = class java.util.HashMap$Node@bb9e5d0d
      Node[111] = class java.util.HashMap$Node@750c8a0a
      Node[112] = class java.util.HashMap$Node@34f83034
      Node[113] = null
      Node[114] = class java.util.HashMap$Node@b55f8933
      Node[115] = null
      Node[116] = null
      Node[117] = null
      Node[118] = null
      Node[119] = class java.util.HashMap$Node@28dfa4d
      Node[120] = class java.util.HashMap$Node@fed7fe5a
      Node[121] = null
      Node[122] = class java.util.HashMap$Node@1c9ac245
      Node[123] = null
      Node[124] = class java.util.HashMap$Node@32e21a0b
      Node[125] = class java.util.HashMap$Node@9766da94
      Node[126] = null
      Node[127] = class java.util.HashMap$Node@84979294
      Node[128] = null
      Node[129] = class java.util.HashMap$Node@8363f115
      Node[130] = class java.util.HashMap$Node@27b58953
      Node[131] = null
      Node[132] = class java.util.HashMap$Node@841e5c54
      Node[133] = class java.util.HashMap$Node@2fea6f31
      Node[134] = null
      Node[135] = class java.util.HashMap$Node@db13ae8
      Node[136] = null
      Node[137] = null
      Node[138] = null
      Node[139] = null
      Node[140] = null
      Node[141] = class java.util.HashMap$Node@1a7d321
      Node[142] = class java.util.HashMap$Node@9e57866f
      Node[143] = class java.util.HashMap$Node@d1dbf396
      Node[144] = class java.util.HashMap$Node@639299a
      Node[145] = null
      Node[146] = null
      Node[147] = null
      Node[148] = class java.util.HashMap$Node@a80eee56
      Node[149] = class java.util.HashMap$Node@18dfcc8d
      Node[150] = null
      Node[151] = null
      Node[152] = class java.util.HashMap$Node@73d6d793
      Node[153] = null
      Node[154] = null
      Node[155] = null
      Node[156] = null
      Node[157] = null
      Node[158] = null
      Node[159] = null
      Node[160] = class java.util.HashMap$Node@794de5c2
      Node[161] = class java.util.HashMap$Node@ddf73523
      Node[162] = class java.util.HashMap$Node@99d29dd6
      Node[163] = null
      Node[164] = class java.util.HashMap$Node@e79d9e20
      Node[165] = null
      Node[166] = null
      Node[167] = null
      Node[168] = class java.util.HashMap$Node@2c455190
      Node[169] = class java.util.HashMap$Node@8619dd2f
      Node[170] = class java.util.HashMap$Node@8d195a24
      Node[171] = null
      Node[172] = class java.util.HashMap$Node@9aea8931
      Node[173] = null
      Node[174] = null
      Node[175] = null
      Node[176] = null
      Node[177] = class java.util.HashMap$Node@4691962e
      Node[178] = null
      Node[179] = null
      Node[180] = null
      Node[181] = class java.util.HashMap$Node@8267683f
      Node[182] = null
      Node[183] = null
      Node[184] = null
      Node[185] = class java.util.HashMap$Node@58386f70
      Node[186] = class java.util.HashMap$Node@80229e47
      Node[187] = null
      Node[188] = class java.util.HashMap$Node@9adbc2de
      Node[189] = null
      Node[190] = class java.util.HashMap$Node@1785c019
      Node[191] = null
      Node[192] = null
      Node[193] = null
      Node[194] = class java.util.HashMap$Node@254972bc
      Node[195] = null
      Node[196] = class java.util.HashMap$Node@c2f38d3b
      Node[197] = class java.util.HashMap$Node@fb501cf9
      Node[198] = class java.util.HashMap$Node@2bf885e2
      Node[199] = class java.util.HashMap$Node@5aa01fff
      Node[200] = class java.util.HashMap$Node@c5a07c9e
      Node[201] = null
      Node[202] = null
      Node[203] = null
      Node[204] = null
      Node[205] = null
      Node[206] = class java.util.HashMap$Node@ace94806
      Node[207] = null
      Node[208] = null
      Node[209] = null
      Node[210] = null
      Node[211] = null
      Node[212] = class java.util.HashMap$Node@6fd3ac49
      Node[213] = null
      Node[214] = null
      Node[215] = null
      Node[216] = null
      Node[217] = class java.util.HashMap$Node@d5199dd2
      Node[218] = null
      Node[219] = class java.util.HashMap$Node@fb9b1c3c
      Node[220] = class java.util.HashMap$Node@634325bd
      Node[221] = null
      Node[222] = null
      Node[223] = null
      Node[224] = null
      Node[225] = class java.util.HashMap$Node@7685f359
      Node[226] = null
      Node[227] = class java.util.HashMap$Node@20eeadc1
      Node[228] = class java.util.HashMap$Node@9572703a
      Node[229] = null
      Node[230] = class java.util.HashMap$Node@df6931c0
      Node[231] = null
      Node[232] = null
      Node[233] = class java.util.HashMap$Node@36c84bfc
      Node[234] = class java.util.HashMap$Node@f6982a0a
      Node[235] = null
      Node[236] = null
      Node[237] = null
      Node[238] = class java.util.HashMap$Node@d6d53a07
      Node[239] = class java.util.HashMap$Node@fe92d272
      Node[240] = null
      Node[241] = null
      Node[242] = class java.util.HashMap$Node@200033fa
      Node[243] = null
      Node[244] = null
      Node[245] = null
      Node[246] = class java.util.HashMap$Node@8363453
      Node[247] = null
      Node[248] = class java.util.HashMap$Node@a116fe3c
      Node[249] = null
      Node[250] = class java.util.HashMap$Node@eab9fd22
      Node[251] = null
      Node[252] = null
      Node[253] = null
      Node[254] = null
      Node[255] = null
    entrySet = null
    size = 135
    modCount = 135
    threshold = 192
    loadFactor = 0.75
    keySet = null
    values = null
  PRESENT = class java.lang.Object@28e3cc5
  MAX_ARRAY_SIZE = 2147483639

Dump of objectArray[4]
Object type = com.ibm.ws.anno.classsource.internal.ClassSourceImpl_ScanCounts
  results = {12,11,0,1,0,0,11,0,2,9} /* array length = 10 */
  serialVersionUID = -8917709647280336091
  $$$tc$$$ = class com.ibm.websphere.ras.TraceComponent@57ba9abd
    strings[0] = "TraceComponent[com.ibm.ws.anno.classsource.internal.ClassSourceImpl_ScanCounts,class com.ibm.ws.anno.classsource.internal.ClassSourceImpl_ScanCounts,[com.ibm.ws.anno],com.ibm.ws.anno.resources.internal.AnnoMessages,null]"

Dump of objectArray[5]
Object type = com.ibm.wsspi.anno.classsource.ClassSource_Aggregate$ScanPolicy
  SEED = class com.ibm.wsspi.anno.classsource.ClassSource_Aggregate$ScanPolicy@f245bfc5
  PARTIAL = class com.ibm.wsspi.anno.classsource.ClassSource_Aggregate$ScanPolicy@198d278e
    SEED = class com.ibm.wsspi.anno.classsource.ClassSource_Aggregate$ScanPolicy@f245bfc5
    PARTIAL = class com.ibm.wsspi.anno.classsource.ClassSource_Aggregate$ScanPolicy@198d278e
    EXCLUDED = class com.ibm.wsspi.anno.classsource.ClassSource_Aggregate$ScanPolicy@57608e7b
    EXTERNAL = class com.ibm.wsspi.anno.classsource.ClassSource_Aggregate$ScanPolicy@d5e3de36
    value = 2
    ALL_EXCEPT_EXTERNAL = 7
    $VALUES = class com.ibm.wsspi.anno.classsource.ClassSource_Aggregate$ScanPolicy[4]
    $$$tc$$$ = class com.ibm.websphere.ras.TraceComponent@7a753b8d
    name = "PARTIAL"
    ordinal = 1
  EXCLUDED = class com.ibm.wsspi.anno.classsource.ClassSource_Aggregate$ScanPolicy@57608e7b
    SEED = class com.ibm.wsspi.anno.classsource.ClassSource_Aggregate$ScanPolicy@f245bfc5
    PARTIAL = class com.ibm.wsspi.anno.classsource.ClassSource_Aggregate$ScanPolicy@198d278e
    EXCLUDED = class com.ibm.wsspi.anno.classsource.ClassSource_Aggregate$ScanPolicy@57608e7b
    EXTERNAL = class com.ibm.wsspi.anno.classsource.ClassSource_Aggregate$ScanPolicy@d5e3de36
    value = 4
    ALL_EXCEPT_EXTERNAL = 7
    $VALUES = class com.ibm.wsspi.anno.classsource.ClassSource_Aggregate$ScanPolicy[4]
    $$$tc$$$ = class com.ibm.websphere.ras.TraceComponent@7a753b8d
    name = "EXCLUDED"
    ordinal = 2
  EXTERNAL = class com.ibm.wsspi.anno.classsource.ClassSource_Aggregate$ScanPolicy@d5e3de36
    SEED = class com.ibm.wsspi.anno.classsource.ClassSource_Aggregate$ScanPolicy@f245bfc5
    PARTIAL = class com.ibm.wsspi.anno.classsource.ClassSource_Aggregate$ScanPolicy@198d278e
    EXCLUDED = class com.ibm.wsspi.anno.classsource.ClassSource_Aggregate$ScanPolicy@57608e7b
    EXTERNAL = class com.ibm.wsspi.anno.classsource.ClassSource_Aggregate$ScanPolicy@d5e3de36
    value = 8
    ALL_EXCEPT_EXTERNAL = 7
    $VALUES = class com.ibm.wsspi.anno.classsource.ClassSource_Aggregate$ScanPolicy[4]
    $$$tc$$$ = class com.ibm.websphere.ras.TraceComponent@7a753b8d
    name = "EXTERNAL"
    ordinal = 3
  value = 1
  ALL_EXCEPT_EXTERNAL = 7
  $VALUES = class com.ibm.wsspi.anno.classsource.ClassSource_Aggregate$ScanPolicy[4]
    ScanPolicy[0] = class com.ibm.wsspi.anno.classsource.ClassSource_Aggregate$ScanPolicy@f245bfc5
    ScanPolicy[1] = class com.ibm.wsspi.anno.classsource.ClassSource_Aggregate$ScanPolicy@198d278e
    ScanPolicy[2] = class com.ibm.wsspi.anno.classsource.ClassSource_Aggregate$ScanPolicy@57608e7b
    ScanPolicy[3] = class com.ibm.wsspi.anno.classsource.ClassSource_Aggregate$ScanPolicy@d5e3de36
  $$$tc$$$ = class com.ibm.websphere.ras.TraceComponent@7a753b8d
    strings[0] = "TraceComponent[com.ibm.wsspi.anno.classsource.ClassSource_Aggregate$ScanPolicy,class com.ibm.wsspi.anno.classsource.ClassSource_Aggregate$ScanPolicy,[com.ibm.ws.anno],com.ibm.ws.anno.resources.internal.AnnoMessages,null]"
  name = "SEED"
  ordinal = 0

