------Start of DE processing------ = [9/20/19 0:50:27:292 UTC]
Exception = java.lang.NoClassDefFoundError
Source = com.ibm.ws.wsoc.LinkRead
probeid = 368
Stack Dump = java.lang.NoClassDefFoundError: com.roguecloud.actions.StepActionResponse$StepActionFailReason
	at com.roguecloud.client.ClientWorldState.processActionResponse(ClientWorldState.java:186)
	at com.roguecloud.client.ClientMessageReceiver.receiveMessage(ClientMessageReceiver.java:96)
	at com.roguecloud.client.ClientMessageReceiver.receiveJson(ClientMessageReceiver.java:55)
	at com.roguecloud.client.LibertySessionWrapper.receiveJson(LibertySessionWrapper.java:404)
	at com.roguecloud.client.LibertyClientEndpoint$BinaryMessageHandler.onMessage(LibertyClientEndpoint.java:134)
	at com.roguecloud.client.LibertyClientEndpoint$BinaryMessageHandler.onMessage(LibertyClientEndpoint.java:115)
	at com.ibm.ws.wsoc.LinkRead.processWithWholeMessageHandler(LinkRead.java:591)
	at com.ibm.ws.wsoc.LinkRead.processRead(LinkRead.java:335)
	at com.ibm.ws.wsoc.WsocConnLink.processRead(WsocConnLink.java:990)
	at com.ibm.ws.wsoc.WsocReadCallback.completeLogic(WsocReadCallback.java:61)
	at com.ibm.ws.wsoc.WsocReadCallback.complete(WsocReadCallback.java:47)
	at com.ibm.ws.tcpchannel.internal.WorkQueueManager.requestComplete(WorkQueueManager.java:503)
	at com.ibm.ws.tcpchannel.internal.WorkQueueManager.attemptIO(WorkQueueManager.java:573)
	at com.ibm.ws.tcpchannel.internal.WorkQueueManager.workerRun(WorkQueueManager.java:954)
	at com.ibm.ws.tcpchannel.internal.WorkQueueManager$Worker.run(WorkQueueManager.java:1043)
	at com.ibm.ws.threading.internal.ExecutorServiceImpl$RunnableWrapper.run(ExecutorServiceImpl.java:239)
	at java.util.concurrent.ThreadPoolExecutor.runWorker(ThreadPoolExecutor.java:1160)
	at java.util.concurrent.ThreadPoolExecutor$Worker.run(ThreadPoolExecutor.java:635)
	at java.lang.Thread.run(Thread.java:818)
Caused by: java.lang.ClassNotFoundException: com.roguecloud.actions.StepActionResponse$StepActionFailReason
	at com.ibm.ws.classloading.internal.AppClassLoader.findClassCommonLibraryClassLoaders(AppClassLoader.java:544)
	at com.ibm.ws.classloading.internal.AppClassLoader.findClass(AppClassLoader.java:286)
	at java.lang.ClassLoader.loadClassHelper(ClassLoader.java:935)
	at java.lang.ClassLoader.loadClass(ClassLoader.java:880)
	at com.ibm.ws.classloading.internal.AppClassLoader.findOrDelegateLoadClass(AppClassLoader.java:522)
	at com.ibm.ws.classloading.internal.AppClassLoader.loadClass(AppClassLoader.java:482)
	at java.lang.ClassLoader.loadClass(ClassLoader.java:863)
	... 19 more

Dump of callerThis
Object type = com.ibm.ws.wsoc.LinkRead
  tc = class com.ibm.websphere.ras.TraceComponent@1f441cfa
    strings[0] = "TraceComponent[com.ibm.ws.wsoc.LinkRead,class com.ibm.ws.wsoc.LinkRead,[websockets],com.ibm.ws.wsoc.internal.resources.WebSockets,null]"
  binaryDecoders = class java.util.HashMap@f29a2abe
    serialVersionUID = 362498820763181265
    DEFAULT_INITIAL_CAPACITY = 16
    MAXIMUM_CAPACITY = 1073741824
    DEFAULT_LOAD_FACTOR = 0.75
    TREEIFY_THRESHOLD = 8
    UNTREEIFY_THRESHOLD = 6
    MIN_TREEIFY_CAPACITY = 64
    table = null
    entrySet = null
    size = 0
    modCount = 0
    threshold = 0
    loadFactor = 0.75
    keySet = null
    values = null
  textDecoders = class java.util.HashMap@b906a98e
    serialVersionUID = 362498820763181265
    DEFAULT_INITIAL_CAPACITY = 16
    MAXIMUM_CAPACITY = 1073741824
    DEFAULT_LOAD_FACTOR = 0.75
    TREEIFY_THRESHOLD = 8
    UNTREEIFY_THRESHOLD = 6
    MIN_TREEIFY_CAPACITY = 64
    table = null
    entrySet = null
    size = 0
    modCount = 0
    threshold = 0
    loadFactor = 0.75
    keySet = null
    values = null
  binaryStreamDecoders = class java.util.HashMap@d703df5e
    serialVersionUID = 362498820763181265
    DEFAULT_INITIAL_CAPACITY = 16
    MAXIMUM_CAPACITY = 1073741824
    DEFAULT_LOAD_FACTOR = 0.75
    TREEIFY_THRESHOLD = 8
    UNTREEIFY_THRESHOLD = 6
    MIN_TREEIFY_CAPACITY = 64
    table = null
    entrySet = null
    size = 0
    modCount = 0
    threshold = 0
    loadFactor = 0.75
    keySet = null
    values = null
  textStreamDecoders = class java.util.HashMap@fa69cc00
    serialVersionUID = 362498820763181265
    DEFAULT_INITIAL_CAPACITY = 16
    MAXIMUM_CAPACITY = 1073741824
    DEFAULT_LOAD_FACTOR = 0.75
    TREEIFY_THRESHOLD = 8
    UNTREEIFY_THRESHOLD = 6
    MIN_TREEIFY_CAPACITY = 64
    table = null
    entrySet = null
    size = 0
    modCount = 0
    threshold = 0
    loadFactor = 0.75
    keySet = null
    values = null
  messageReader = class com.ibm.ws.wsoc.MessageReader@f1b97a8c
    tc = class com.ibm.websphere.ras.TraceComponent@b4bd266e
      strings[0] = "TraceComponent[com.ibm.ws.wsoc.MessageReader,class com.ibm.ws.wsoc.MessageReader,[websockets],com.ibm.ws.wsoc.internal.resources.WebSockets,null]"
    BUFFER_ARRAY_INITIAL_SIZE = 10
    BUFFER_ARRAY_GROWTH_SIZE = 10
    shouldReadMaskedData = false
    needNewFrameProcessor = true
    frameProcessor = class com.ibm.ws.wsoc.FrameReadProcessor@fe85ae3
      tc = class com.ibm.websphere.ras.TraceComponent@f5500aaa
      BUFFER_ARRAY_INITIAL_SIZE = 10
      BUFFER_ARRAY_GROWTH_SIZE = 10
      FIN_MASK = -128
      RSV_MASK = 112
      RSV_SHIFT = 4
      OPCODE_MASK = 15
      MASK_FLAG_MASK = -128
      FIRST_PAYLOAD_LEN_MASK = 127
      OPCODE_TEXT_DATA = 1
      OPCODE_BINARY_DATA = 2
      OPCODE_CLOSE = 8
      OPCODE_PING = 9
      OPCODE_PONG = 10
      SIZE_INIT = 2
      SIZE_16BIT_PAYLOAD_LENGTH = 2
      SIZE_64BIT_PAYLOAD_LENGTH = 8
      SIZE_MASK = 4
      fin = 1
      rsv = 0
      opcode = 2
      maskFlag = 0
      payloadLength7bit = 125
      mask = 0
      maskArray = {0,0,0,0} /* array length = 4 */
      payloadLength = 125
      frameState = class com.ibm.ws.wsoc.FrameState@e874a9f8
      currentBufferArrayIndex = 0
      countOfBuffers = 1
      controlByte1 = -126
      controlByte2 = 125
      binaryData = true
      textData = false
      controlFrame = false
      controlOpcodeType = null
      shouldReadMaskedData = false
      frameBuffers = interface com.ibm.wsspi.bytebuffer.WsByteBuffer[10]
      serialVersionUID = -6717461704884155705
    frameSequenceState = class com.ibm.ws.wsoc.MessageReader$FSeqState@b22537d3
      EXPECTING_NEW = class com.ibm.ws.wsoc.MessageReader$FSeqState@a13d3fe6
      EXPECTING_PARTIAL_OR_LAST = class com.ibm.ws.wsoc.MessageReader$FSeqState@1fdd9c0c
      FIRST_AND_LAST = class com.ibm.ws.wsoc.MessageReader$FSeqState@b22537d3
      FIRST_OF_MULTIPLE = class com.ibm.ws.wsoc.MessageReader$FSeqState@d51aedf3
      MIDDLE_OF_MULTIPLE = class com.ibm.ws.wsoc.MessageReader$FSeqState@2f25cc64
      LAST_OF_MULTIPLE = class com.ibm.ws.wsoc.MessageReader$FSeqState@eed22f97
      $VALUES = class com.ibm.ws.wsoc.MessageReader$FSeqState[6]
      $$$tc$$$ = class com.ibm.websphere.ras.TraceComponent@c85b5f4e
      name = "FIRST_AND_LAST"
      ordinal = 2
    nextMessageBuf = null
    firstFrameOpcodeType = class com.ibm.ws.wsoc.OpcodeType@530732ba
      TEXT_WHOLE = "<sensitive com.ibm.ws.wsoc.OpcodeType@86ed3de3>"
      TEXT_PARTIAL_FIRST = "<sensitive com.ibm.ws.wsoc.OpcodeType@afbdf410>"
      TEXT_PARTIAL_CONTINUATION = "<sensitive com.ibm.ws.wsoc.OpcodeType@eeda23c>"
      TEXT_PARTIAL_LAST = "<sensitive com.ibm.ws.wsoc.OpcodeType@29768037>"
      BINARY_WHOLE = "<sensitive com.ibm.ws.wsoc.OpcodeType@530732ba>"
      BINARY_PARTIAL_FIRST = "<sensitive com.ibm.ws.wsoc.OpcodeType@1dab3387>"
      BINARY_PARTIAL_CONTINUATION = "<sensitive com.ibm.ws.wsoc.OpcodeType@9598858f>"
      BINARY_PARTIAL_LAST = "<sensitive com.ibm.ws.wsoc.OpcodeType@13a108f8>"
      CONNECTION_CLOSE = "<sensitive com.ibm.ws.wsoc.OpcodeType@e1644cc>"
      PING = "<sensitive com.ibm.ws.wsoc.OpcodeType@c53bbf25>"
      PONG = "<sensitive com.ibm.ws.wsoc.OpcodeType@a7e27e77>"
      $VALUES = "<sensitive [Lcom.ibm.ws.wsoc.OpcodeType;@e5209643>"
      $$$tc$$$ = "<sensitive com.ibm.websphere.ras.TraceComponent@207aeb4b>"
      name = "<sensitive java.lang.String@4feecfa0>"
      ordinal = "<sensitive java.lang.Integer@866f756c>"
    payloadBuffers = interface com.ibm.wsspi.bytebuffer.WsByteBuffer[1]
      WsByteBuffer[0] = class com.ibm.ws.bytebuffer.internal.PooledWsByteBufferImpl@f947c58d
    payloadCountOfBuffers = 1
    messageCompletePayloadSize = 125
    payloadBuffers_Control = null
    payloadCountOfBuffers_Control = 0
    messageCompletePayloadSize_Control = 0
    controlOpcodeType = null
    fpList = class com.ibm.ws.wsoc.FrameReadProcessor[10]
      FrameReadProcessor[0] = class com.ibm.ws.wsoc.FrameReadProcessor@fe85ae3
      FrameReadProcessor[1] = null
      FrameReadProcessor[2] = null
      FrameReadProcessor[3] = null
      FrameReadProcessor[4] = null
      FrameReadProcessor[5] = null
      FrameReadProcessor[6] = null
      FrameReadProcessor[7] = null
      FrameReadProcessor[8] = null
      FrameReadProcessor[9] = null
    countOfIOFrames = 1
    callback = class com.ibm.ws.wsoc.WsocReadCallback@484dcec1
      tc = class com.ibm.websphere.ras.TraceComponent@49c778f0
      serialVersionUID = 3832887180984324499
      connLink = class com.ibm.ws.wsoc.WsocConnLink@32108c69
      it = null
      serialVersionUID = -1948109107065843749
      $$$tc$$$ = class com.ibm.websphere.ras.TraceComponent@55c15d10
    connLink = class com.ibm.ws.wsoc.WsocConnLink@32108c69
    serialVersionUID = 4590660918513883833
  appTextMessageHandler = null
  appBinaryMessageHandler = class com.roguecloud.client.LibertyClientEndpoint$BinaryMessageHandler@241554c0
    parent = class com.roguecloud.client.LibertyClientEndpoint@19fe81cd
      Failed to resolve fields for com.roguecloud.client.LibertyClientEndpoint = "java.lang.NoClassDefFoundError: com.roguecloud.client.utils.RCUtilLatencySim
	at java.lang.Class.getDeclaredFieldsImpl(Native Method)
	at java.lang.Class.getDeclaredFields(Class.java:868)
	at com.ibm.ws.logging.internal.impl.IntrospectionLevelMember$2.run(IntrospectionLevelMember.java:314)
	at com.ibm.ws.logging.internal.impl.IntrospectionLevelMember$2.run(IntrospectionLevelMember.java:310)
	at java.security.AccessController.doPrivileged(AccessController.java:678)
	at com.ibm.ws.logging.internal.impl.IntrospectionLevelMember.getFields(IntrospectionLevelMember.java:310)
	at com.ibm.ws.logging.internal.impl.IntrospectionLevelMember.introspectViaReflection(IntrospectionLevelMember.java:199)
	at com.ibm.ws.logging.internal.impl.IntrospectionLevelMember.getChildren(IntrospectionLevelMember.java:163)
	at com.ibm.ws.logging.internal.impl.IntrospectionLevel.getNextLevel(IntrospectionLevel.java:100)
	at com.ibm.ws.logging.internal.impl.IncidentStreamImpl.introspect(IncidentStreamImpl.java:437)
	at com.ibm.ws.logging.internal.impl.IncidentStreamImpl.introspectAndWrite(IncidentStreamImpl.java:129)
	at com.ibm.ws.logging.internal.impl.IncidentStreamImpl.introspectAndWriteLine(IncidentStreamImpl.java:164)
	at com.ibm.ws.logging.internal.impl.IncidentLogger.logIncident(IncidentLogger.java:97)
	at com.ibm.ws.logging.internal.impl.IncidentLogger.logIncident(IncidentLogger.java:35)
	at com.ibm.ws.logging.internal.impl.IncidentImpl.log(IncidentImpl.java:249)
	at com.ibm.ws.logging.internal.impl.BaseFFDCService.log(BaseFFDCService.java:239)
	at com.ibm.ws.logging.internal.impl.BaseFFDCService.processException(BaseFFDCService.java:216)
	at com.ibm.ws.ffdc.FFDCFilter.processException(FFDCFilter.java:94)
	at com.ibm.ws.wsoc.LinkRead.processRead(LinkRead.java:368)
	at com.ibm.ws.wsoc.WsocConnLink.processRead(WsocConnLink.java:990)
	at com.ibm.ws.wsoc.WsocReadCallback.completeLogic(WsocReadCallback.java:61)
	at com.ibm.ws.wsoc.WsocReadCallback.complete(WsocReadCallback.java:47)
	at com.ibm.ws.tcpchannel.internal.WorkQueueManager.requestComplete(WorkQueueManager.java:503)
	at com.ibm.ws.tcpchannel.internal.WorkQueueManager.attemptIO(WorkQueueManager.java:573)
	at com.ibm.ws.tcpchannel.internal.WorkQueueManager.workerRun(WorkQueueManager.java:954)
	at com.ibm.ws.tcpchannel.internal.WorkQueueManager$Worker.run(WorkQueueManager.java:1043)
	at com.ibm.ws.threading.internal.ExecutorServiceImpl$RunnableWrapper.run(ExecutorServiceImpl.java:239)
	at java.util.concurrent.ThreadPoolExecutor.runWorker(ThreadPoolExecutor.java:1160)
	at java.util.concurrent.ThreadPoolExecutor$Worker.run(ThreadPoolExecutor.java:635)
	at java.lang.Thread.run(Thread.java:818)
Caused by: java.lang.ClassNotFoundException: com.roguecloud.client.utils.RCUtilLatencySim
	at com.ibm.ws.classloading.internal.AppClassLoader.findClassCommonLibraryClassLoaders(AppClassLoader.java:544)
	at com.ibm.ws.classloading.internal.AppClassLoader.findClass(AppClassLoader.java:286)
	at java.lang.ClassLoader.loadClassHelper(ClassLoader.java:935)
	at java.lang.ClassLoader.loadClass(ClassLoader.java:880)
	at com.ibm.ws.classloading.internal.AppClassLoader.findOrDelegateLoadClass(AppClassLoader.java:522)
	at com.ibm.ws.classloading.internal.AppClassLoader.loadClass(AppClassLoader.java:482)
	at java.lang.ClassLoader.loadClass(ClassLoader.java:863)
	... 30 more
"
    session = class com.ibm.ws.wsoc.external.v11.SessionExtV11@8efa4994
      serialVersionUID = 9090656240353345712
      $$$tc$$$ = class com.ibm.websphere.ras.TraceComponent@a4f6788
      impl = class com.ibm.ws.wsoc.SessionImpl@d60d3172
      serialVersionUID = -7828201345767229276
      $$$tc$$$ = class com.ibm.websphere.ras.TraceComponent@bca91143
    sessionWrapper = class com.roguecloud.client.LibertySessionWrapper@a7863a4b
      Failed to resolve fields for com.roguecloud.client.LibertySessionWrapper = "java.lang.NoClassDefFoundError: com.roguecloud.client.utils.RCUtilLatencySim
	at java.lang.Class.getDeclaredFieldsImpl(Native Method)
	at java.lang.Class.getDeclaredFields(Class.java:868)
	at com.ibm.ws.logging.internal.impl.IntrospectionLevelMember$2.run(IntrospectionLevelMember.java:314)
	at com.ibm.ws.logging.internal.impl.IntrospectionLevelMember$2.run(IntrospectionLevelMember.java:310)
	at java.security.AccessController.doPrivileged(AccessController.java:678)
	at com.ibm.ws.logging.internal.impl.IntrospectionLevelMember.getFields(IntrospectionLevelMember.java:310)
	at com.ibm.ws.logging.internal.impl.IntrospectionLevelMember.introspectViaReflection(IntrospectionLevelMember.java:199)
	at com.ibm.ws.logging.internal.impl.IntrospectionLevelMember.getChildren(IntrospectionLevelMember.java:163)
	at com.ibm.ws.logging.internal.impl.IntrospectionLevel.getNextLevel(IntrospectionLevel.java:100)
	at com.ibm.ws.logging.internal.impl.IncidentStreamImpl.introspect(IncidentStreamImpl.java:437)
	at com.ibm.ws.logging.internal.impl.IncidentStreamImpl.introspectAndWrite(IncidentStreamImpl.java:129)
	at com.ibm.ws.logging.internal.impl.IncidentStreamImpl.introspectAndWriteLine(IncidentStreamImpl.java:164)
	at com.ibm.ws.logging.internal.impl.IncidentLogger.logIncident(IncidentLogger.java:97)
	at com.ibm.ws.logging.internal.impl.IncidentLogger.logIncident(IncidentLogger.java:35)
	at com.ibm.ws.logging.internal.impl.IncidentImpl.log(IncidentImpl.java:249)
	at com.ibm.ws.logging.internal.impl.BaseFFDCService.log(BaseFFDCService.java:239)
	at com.ibm.ws.logging.internal.impl.BaseFFDCService.processException(BaseFFDCService.java:216)
	at com.ibm.ws.ffdc.FFDCFilter.processException(FFDCFilter.java:94)
	at com.ibm.ws.wsoc.LinkRead.processRead(LinkRead.java:368)
	at com.ibm.ws.wsoc.WsocConnLink.processRead(WsocConnLink.java:990)
	at com.ibm.ws.wsoc.WsocReadCallback.completeLogic(WsocReadCallback.java:61)
	at com.ibm.ws.wsoc.WsocReadCallback.complete(WsocReadCallback.java:47)
	at com.ibm.ws.tcpchannel.internal.WorkQueueManager.requestComplete(WorkQueueManager.java:503)
	at com.ibm.ws.tcpchannel.internal.WorkQueueManager.attemptIO(WorkQueueManager.java:573)
	at com.ibm.ws.tcpchannel.internal.WorkQueueManager.workerRun(WorkQueueManager.java:954)
	at com.ibm.ws.tcpchannel.internal.WorkQueueManager$Worker.run(WorkQueueManager.java:1043)
	at com.ibm.ws.threading.internal.ExecutorServiceImpl$RunnableWrapper.run(ExecutorServiceImpl.java:239)
	at java.util.concurrent.ThreadPoolExecutor.runWorker(ThreadPoolExecutor.java:1160)
	at java.util.concurrent.ThreadPoolExecutor$Worker.run(ThreadPoolExecutor.java:635)
	at java.lang.Thread.run(Thread.java:818)
Caused by: java.lang.ClassNotFoundException: com.roguecloud.client.utils.RCUtilLatencySim
	at com.ibm.ws.classloading.internal.AppClassLoader.findClassCommonLibraryClassLoaders(AppClassLoader.java:544)
	at com.ibm.ws.classloading.internal.AppClassLoader.findClass(AppClassLoader.java:286)
	at java.lang.ClassLoader.loadClassHelper(ClassLoader.java:935)
	at java.lang.ClassLoader.loadClass(ClassLoader.java:880)
	at com.ibm.ws.classloading.internal.AppClassLoader.findOrDelegateLoadClass(AppClassLoader.java:522)
	at com.ibm.ws.classloading.internal.AppClassLoader.loadClass(AppClassLoader.java:482)
	at java.lang.ClassLoader.loadClass(ClassLoader.java:863)
	... 30 more
"
  appPongMessageHandler = null
  tcpReadContext = class com.ibm.ws.tcpchannel.internal.NioTCPReadRequestContextImpl@80740600
    strings[0] = "NioTCPReadRequestContextImpl@-2139879936: aborted=false"
    strings[1] = "NioTCPReadRequestContextImpl@-2139879936: forceQueue=false"
    strings[2] = "NioTCPReadRequestContextImpl@-2139879936: ioAmount=1"
    strings[3] = "NioTCPReadRequestContextImpl@-2139879936: ioCompleteAmt=127"
    strings[4] = "NioTCPReadRequestContextImpl@-2139879936: ioDoneAmt=0"
    strings[5] = "NioTCPReadRequestContextImpl@-2139879936: lastIOAmt=127"
    strings[6] = "NioTCPReadRequestContextImpl@-2139879936: isRead=true"
    strings[7] = "NioTCPReadRequestContextImpl@-2139879936: timeoutInterval=0"
    strings[8] = "NioTCPReadRequestContextImpl@-2139879936: timeoutTime=-1"
    strings[9] = "NioTCPReadRequestContextImpl@-2139879936: link=com.ibm.ws.tcpchannel.internal.TCPConnLink@c3871d97"
    strings[10] = "TCPConnLink@-1014555241: tcpChannel=com.ibm.ws.tcpchannel.internal.NioTCPChannel@ad475d7c"
    strings[11] = "TCPConnLink@-1014555241: closed=false"
    strings[12] = "TCPConnLink@-1014555241: socketIOChannel=com.ibm.ws.tcpchannel.internal.NioSocketIOChannel@d9134ad4"
    strings[13] = "NioSocketIOChannel@-653047084: closed=false"
    strings[14] = "NioSocketIOChannel@-653047084: processClose=true"
    strings[15] = "NioSocketIOChannel@-653047084: checkCancel=false"
    strings[16] = "NioSocketIOChannel@-653047084: tcpChannel=com.ibm.ws.tcpchannel.internal.NioTCPChannel@ad475d7c"
    strings[17] = "NioSocketIOChannel@-653047084: socket=Socket[addr=roguecloud.space/169.61.95.247,port=29080,localport=41822]"
    strings[18] = "NioSocketIOChannel@-653047084: remoteAddr=roguecloud.space/169.61.95.247"
    strings[19] = "NioSocketIOChannel@-653047084: remotePort=29080"
    strings[20] = "NioSocketIOChannel@-653047084: localAddr=/172.19.0.4"
    strings[21] = "NioSocketIOChannel@-653047084: localPort=41822"
    strings[22] = "NioSocketIOChannel@-653047084: channel=java.nio.channels.SocketChannel[connected local=/172.19.0.4:41822 remote=roguecloud.space/169.61.95.247:29080]"
    strings[23] = "TCPConnLink@-1014555241: numReads=96"
    strings[24] = "TCPConnLink@-1014555241: numWrites=39"
    strings[25] = "TCPConnLink@-1014555241: callCompleteLocal=false"
    strings[26] = "NioTCPReadRequestContextImpl@-2139879936: callback=com.ibm.ws.wsoc.WsocReadCallback@a1f7a3b5"
    strings[27] = "NioTCPReadRequestContextImpl@-2139879936: jitAllocateSize=8192"
    strings[28] = "NioTCPReadRequestContextImpl@-2139879936: jitAllocateAction=false"
  endpointConfig = class javax.websocket.DefaultClientEndpointConfig@7e69a71
    preferredSubprotocols = class java.util.Collections$UnmodifiableRandomAccessList@17287aba
      serialVersionUID = -2542308836966382001
      serialVersionUID = -283967356065247728
      list = class java.util.Collections$UnmodifiableRandomAccessList@b18f8c4f
      serialVersionUID = 1820017752578914078
      c = class java.util.Collections$UnmodifiableRandomAccessList@b18f8c4f
    extensions = class java.util.Collections$UnmodifiableRandomAccessList@f18a2256
      serialVersionUID = -2542308836966382001
      serialVersionUID = -283967356065247728
      list = class java.util.Collections$UnmodifiableRandomAccessList@2a4e2e3a
      serialVersionUID = 1820017752578914078
      c = class java.util.Collections$UnmodifiableRandomAccessList@2a4e2e3a
    encoders = class java.util.Collections$UnmodifiableRandomAccessList@b8535a0e
      serialVersionUID = -2542308836966382001
      serialVersionUID = -283967356065247728
      list = class java.util.Collections$UnmodifiableRandomAccessList@3f158580
      serialVersionUID = 1820017752578914078
      c = class java.util.Collections$UnmodifiableRandomAccessList@3f158580
    decoders = class java.util.Collections$UnmodifiableRandomAccessList@91c3d428
      serialVersionUID = -2542308836966382001
      serialVersionUID = -283967356065247728
      list = class java.util.Collections$UnmodifiableRandomAccessList@f2436d9b
      serialVersionUID = 1820017752578914078
      c = class java.util.Collections$UnmodifiableRandomAccessList@f2436d9b
    userProperties = class java.util.HashMap@d6c5b987
      serialVersionUID = 362498820763181265
      DEFAULT_INITIAL_CAPACITY = 16
      MAXIMUM_CAPACITY = 1073741824
      DEFAULT_LOAD_FACTOR = 0.75
      TREEIFY_THRESHOLD = 8
      UNTREEIFY_THRESHOLD = 6
      MIN_TREEIFY_CAPACITY = 64
      table = null
      entrySet = null
      size = 0
      modCount = 0
      threshold = 0
      loadFactor = 0.75
      keySet = null
      values = null
    clientEndpointConfigurator = class javax.websocket.ClientEndpointConfig$Builder$1@8e6179fb
      this$0 = class javax.websocket.ClientEndpointConfig$Builder@ce674d43
  appTextMessageHandlerClass = null
  appBinaryMessageHandlerClass = class java.lang.Class@3d207238
    serialVersionUID = 3206093459760846163
    AllPermissionsPD = null
    SYNTHETIC = 4096
    ANNOTATION = 8192
    ENUM = 16384
    MEMBER_INVALID_TYPE = -1
    EmptyParameters = class java.lang.Class[0]
    vmRef = 10464256
    protectionDomain = null
    classNameString = "[B"
    annotationVars = null
    annotationVarsOffset = 28
    classValueMap = null
    enumVars = null
    enumVarsOffset = 36
    initializationLock = class java.lang.J9VMInternals$ClassInitializationLock@b1f032d1
      theClass = class java.lang.Class@3d207238
    methodHandleCache = null
    classRepoHolder = null
    annotationCache = null
    annotationCacheOffset = 52
    reflectCacheEnabled = true
    reflectCacheDebug = false
    reflectCacheAppOnly = false
    cachedInterfaces = null
    cachedInterfacesOffset = 56
    cachedDeclaringClass = null
    cachedDeclaringClassOffset = 60
    cachedEnclosingClass = null
    cachedEnclosingClassOffset = 64
    EMPTY_ANNOTATION_ARRAY = interface java.lang.annotation.Annotation[0]
    implLookup = null
    unsafe = class sun.misc.Unsafe@b531906d
      theUnsafe = class sun.misc.Unsafe@b531906d
      INVALID_FIELD_OFFSET = -1
      ARRAY_BOOLEAN_BASE_OFFSET = 8
      ARRAY_BYTE_BASE_OFFSET = 8
      ARRAY_SHORT_BASE_OFFSET = 8
      ARRAY_CHAR_BASE_OFFSET = 8
      ARRAY_INT_BASE_OFFSET = 8
      ARRAY_LONG_BASE_OFFSET = 8
      ARRAY_FLOAT_BASE_OFFSET = 8
      ARRAY_DOUBLE_BASE_OFFSET = 8
      ARRAY_OBJECT_BASE_OFFSET = 8
      ARRAY_BOOLEAN_INDEX_SCALE = 1
      ARRAY_BYTE_INDEX_SCALE = 1
      ARRAY_SHORT_INDEX_SCALE = 2
      ARRAY_CHAR_INDEX_SCALE = 2
      ARRAY_INT_INDEX_SCALE = 4
      ARRAY_LONG_INDEX_SCALE = 8
      ARRAY_FLOAT_INDEX_SCALE = 4
      ARRAY_DOUBLE_INDEX_SCALE = 8
      ARRAY_OBJECT_INDEX_SCALE = 4
      ADDRESS_SIZE = 8
    copyMethod = class java.lang.reflect.Method@242d3b21
      clazz = class java.lang.Class@bf981f23
      slot = 4
      name = "copy"
      returnType = class java.lang.Class@bf981f23
      parameterTypes = class java.lang.Class[0]
      exceptionTypes = class java.lang.Class[0]
      modifiers = 0
      signature = null
      genericInfo = null
      annotations = null
      parameterAnnotations = null
      annotationDefault = null
      methodAccessor = class sun.reflect.DelegatingMethodAccessorImpl@6280fda
      root = null
      hasRealParameterData = false
      parameters = null
      declaredAnnotations = null
      ACCESS_PERMISSION = class java.lang.reflect.ReflectPermission@fdcfd51a
      override = true
      reflectionFactory = class sun.reflect.ReflectionFactory@8d1cfb43
      securityCheckCache = null
    copyField = class java.lang.reflect.Method@59083385
      clazz = class java.lang.Class@5870470e
      slot = 4
      name = "copy"
      returnType = class java.lang.Class@5870470e
      parameterTypes = class java.lang.Class[0]
      exceptionTypes = class java.lang.Class[0]
      modifiers = 0
      signature = null
      genericInfo = null
      annotations = null
      parameterAnnotations = null
      annotationDefault = null
      methodAccessor = class sun.reflect.DelegatingMethodAccessorImpl@8cbfcf47
      root = null
      hasRealParameterData = false
      parameters = null
      declaredAnnotations = null
      ACCESS_PERMISSION = class java.lang.reflect.ReflectPermission@fdcfd51a
      override = true
      reflectionFactory = class sun.reflect.ReflectionFactory@8d1cfb43
      securityCheckCache = null
    copyConstructor = class java.lang.reflect.Method@c6421e75
      clazz = class java.lang.Class@e9f142ce
      slot = 4
      name = "copy"
      returnType = class java.lang.Class@e9f142ce
      parameterTypes = class java.lang.Class[0]
      exceptionTypes = class java.lang.Class[0]
      modifiers = 0
      signature = "()Ljava/lang/reflect/Constructor<TT;>;"
      genericInfo = null
      annotations = null
      parameterAnnotations = null
      annotationDefault = null
      methodAccessor = class sun.reflect.DelegatingMethodAccessorImpl@73e3d86f
      root = null
      hasRealParameterData = false
      parameters = null
      declaredAnnotations = null
      ACCESS_PERMISSION = class java.lang.reflect.ReflectPermission@fdcfd51a
      override = true
      reflectionFactory = class sun.reflect.ReflectionFactory@8d1cfb43
      securityCheckCache = null
    methodParameterTypesField = class java.lang.reflect.Field@9ea531d0
      clazz = class java.lang.Class@bf981f23
      slot = 44
      name = "parameterTypes"
      type = class java.lang.Class@f5e9d0d3
      modifiers = 2
      signature = "[Ljava/lang/Class<*>;"
      genericInfo = null
      annotations = null
      fieldAccessor = null
      overrideFieldAccessor = class sun.reflect.UnsafeObjectFieldAccessorImpl@381b10b5
      root = null
      declaredAnnotations = null
      ACCESS_PERMISSION = class java.lang.reflect.ReflectPermission@fdcfd51a
      override = true
      reflectionFactory = class sun.reflect.ReflectionFactory@8d1cfb43
      securityCheckCache = null
    constructorParameterTypesField = class java.lang.reflect.Field@e826debb
      clazz = class java.lang.Class@e9f142ce
      slot = 40
      name = "parameterTypes"
      type = class java.lang.Class@f5e9d0d3
      modifiers = 2
      signature = "[Ljava/lang/Class<*>;"
      genericInfo = null
      annotations = null
      fieldAccessor = null
      overrideFieldAccessor = class sun.reflect.UnsafeObjectFieldAccessorImpl@7a55d599
      root = null
      declaredAnnotations = null
      ACCESS_PERMISSION = class java.lang.reflect.ReflectPermission@fdcfd51a
      override = true
      reflectionFactory = class sun.reflect.ReflectionFactory@8d1cfb43
      securityCheckCache = null
    NoArgs = class java.lang.Object[0]
    reflectCache = null
    reflectCacheOffset = 68
  appPongMessageHandlerClass = null
  appTextPartialMessageHandler = null
  appBinaryPartialMessageHandler = null
  appTextPartialMessageHandlerClass = null
  appBinaryPartialMessageHandlerClass = null
  annotatedTextMethodPresent = false
  annotatedBinaryMethodPresent = false
  annotatedPongMethodPresent = false
  connLink = class com.ibm.ws.wsoc.WsocConnLink@32108c69
    tc = class com.ibm.websphere.ras.TraceComponent@d15e0692
      strings[0] = "TraceComponent[com.ibm.ws.wsoc.WsocConnLink,class com.ibm.ws.wsoc.WsocConnLink,[websockets],com.ibm.ws.wsoc.internal.resources.WebSockets,null]"
    linkStatus = class com.ibm.ws.wsoc.WsocConnLink$LINK_STATUS@a2ad9494
      IO_OK = class com.ibm.ws.wsoc.WsocConnLink$LINK_STATUS@a2ad9494
      IO_NOT_OK = class com.ibm.ws.wsoc.WsocConnLink$LINK_STATUS@98f2c93c
      LOCAL_CLOSING = class com.ibm.ws.wsoc.WsocConnLink$LINK_STATUS@7656c6e8
      CLOSED = class com.ibm.ws.wsoc.WsocConnLink$LINK_STATUS@33d48aed
      $VALUES = class com.ibm.ws.wsoc.WsocConnLink$LINK_STATUS[4]
      name = "IO_OK"
      ordinal = 0
    readLinkStatus = class com.ibm.ws.wsoc.WsocConnLink$READ_LINK_STATUS@f2d01f70
      OK_TO_READ = class com.ibm.ws.wsoc.WsocConnLink$READ_LINK_STATUS@b63d49ce
      BEFORE_READ_ON_WIRE = class com.ibm.ws.wsoc.WsocConnLink$READ_LINK_STATUS@2d7dd065
      READ_ON_WIRE = class com.ibm.ws.wsoc.WsocConnLink$READ_LINK_STATUS@164842ad
      CLOSE_REQUESTED = class com.ibm.ws.wsoc.WsocConnLink$READ_LINK_STATUS@4c1935c1
      CLOSE_REQUESTED_FROM_IDLE_TIMEOUT = class com.ibm.ws.wsoc.WsocConnLink$READ_LINK_STATUS@68107227
      ON_READ_THREAD = class com.ibm.ws.wsoc.WsocConnLink$READ_LINK_STATUS@f2d01f70
      READ_NOT_OK = class com.ibm.ws.wsoc.WsocConnLink$READ_LINK_STATUS@f7f6a9c8
      $VALUES = class com.ibm.ws.wsoc.WsocConnLink$READ_LINK_STATUS[7]
      name = "ON_READ_THREAD"
      ordinal = 5
    writeLinkStatus = class com.ibm.ws.wsoc.WsocConnLink$WRITE_LINK_STATUS@7b0e81f5
      OK_TO_WRITE = class com.ibm.ws.wsoc.WsocConnLink$WRITE_LINK_STATUS@7b0e81f5
      WRITING = class com.ibm.ws.wsoc.WsocConnLink$WRITE_LINK_STATUS@87eaf2f9
      WRITING_PONG = class com.ibm.ws.wsoc.WsocConnLink$WRITE_LINK_STATUS@16bf000c
      WRITE_NOT_OK = class com.ibm.ws.wsoc.WsocConnLink$WRITE_LINK_STATUS@d8c62d82
      $VALUES = class com.ibm.ws.wsoc.WsocConnLink$WRITE_LINK_STATUS[4]
      name = "OK_TO_WRITE"
      ordinal = 0
    closeFrameState = class com.ibm.ws.wsoc.WsocConnLink$CLOSE_FRAME_STATE@a58c1fb5
      NOT_SET = class com.ibm.ws.wsoc.WsocConnLink$CLOSE_FRAME_STATE@a58c1fb5
      ANTICIPATING = class com.ibm.ws.wsoc.WsocConnLink$CLOSE_FRAME_STATE@99200095
      RECEIVED = class com.ibm.ws.wsoc.WsocConnLink$CLOSE_FRAME_STATE@d5294a55
      $VALUES = class com.ibm.ws.wsoc.WsocConnLink$CLOSE_FRAME_STATE[3]
      name = "NOT_SET"
      ordinal = 0
    closeFrameReadTimeout = 30000
    WAIT_ON_WRITE_TO_CLOSE = 5500
    linkSync = class com.ibm.ws.wsoc.WsocConnLink$1@1d88844e
      this$0 = class com.ibm.ws.wsoc.WsocConnLink@32108c69
      serialVersionUID = 2374407620509092400
      $$$tc$$$ = class com.ibm.websphere.ras.TraceComponent@2200e8ea
    readNotifyTriggered = false
    writeNotifyTriggered = true
    appEndPoint = class com.roguecloud.client.LibertyClientEndpoint@19fe81cd
    wsocSession = class com.ibm.ws.wsoc.external.v11.SessionExtV11@8efa4994
    vConnection = class com.ibm.ws.channelfw.internal.OutboundVirtualConnectionImpl@41b68d2c
      appSideChannelLink = class com.ibm.ws.http.channel.internal.outbound.HttpOutboundLink@89b99a99
      appCallback = null
      tc = class com.ibm.websphere.ras.TraceComponent@e43331ef
      ONE_MILLISECOND_IN_NANOSECONDS = 1000000
      stateStore = class java.util.HashMap@e78d10ab
      READ_PENDING = 4097
      READ_WAITING = 4098
      READ_FINISHING = 4100
      WRITE_PENDING = 4112
      WRITE_WAITING = 4128
      WRITE_FINISHING = 4160
      CLOSE_PENDING = 4352
      IN_USE_MASK = 4096
      IN_USE_MASK_CLEAR_OUT = -4097
      READ_PENDING_CLEAR_OUT = -7
      READ_FINISHING_CLEAR_OUT = -4
      READ_WAITING_CLEAR_OUT = -6
      READ_DONE_CLEAR_OUT = -8
      WRITE_PENDING_CLEAR_OUT = -97
      WRITE_FINISHING_CLEAR_OUT = -49
      WRITE_WAITING_CLEAR_OUT = -81
      WRITE_DONE_CLEAR_OUT = -113
      CLOSE_NOT_ALLOWED_MASK = 341
      FINISH_NOT_ALLOWED_MASK = 256
      READ_NOT_ALLOWED_MASK = 263
      WRITE_NOT_ALLOWED_MASK = 368
      READ_OUTSTANDING = 7
      WRITE_OUTSTANDING = 112
      closeWaiting = false
      currentState = 0
      readOutWithClosePending = false
      writeOutWithClosePending = false
      inetAddressingValid = true
      connDesc = class com.ibm.ws.channelfw.internal.ConnectionDescriptorImpl@a02531ae
      fileChannelCapable = 2
    tcpConnection = class com.ibm.ws.tcpchannel.internal.TCPConnLink@c3871d97
      strings[0] = "TCPConnLink@-1014555241: tcpChannel=com.ibm.ws.tcpchannel.internal.NioTCPChannel@ad475d7c"
      strings[1] = "TCPConnLink@-1014555241: closed=false"
      strings[2] = "TCPConnLink@-1014555241: socketIOChannel=com.ibm.ws.tcpchannel.internal.NioSocketIOChannel@d9134ad4"
      strings[3] = "NioSocketIOChannel@-653047084: closed=false"
      strings[4] = "NioSocketIOChannel@-653047084: processClose=true"
      strings[5] = "NioSocketIOChannel@-653047084: checkCancel=false"
      strings[6] = "NioSocketIOChannel@-653047084: tcpChannel=com.ibm.ws.tcpchannel.internal.NioTCPChannel@ad475d7c"
      strings[7] = "NioSocketIOChannel@-653047084: socket=Socket[addr=roguecloud.space/169.61.95.247,port=29080,localport=41822]"
      strings[8] = "NioSocketIOChannel@-653047084: remoteAddr=roguecloud.space/169.61.95.247"
      strings[9] = "NioSocketIOChannel@-653047084: remotePort=29080"
      strings[10] = "NioSocketIOChannel@-653047084: localAddr=/172.19.0.4"
      strings[11] = "NioSocketIOChannel@-653047084: localPort=41822"
      strings[12] = "NioSocketIOChannel@-653047084: channel=java.nio.channels.SocketChannel[connected local=/172.19.0.4:41822 remote=roguecloud.space/169.61.95.247:29080]"
      strings[13] = "TCPConnLink@-1014555241: numReads=96"
      strings[14] = "TCPConnLink@-1014555241: numWrites=39"
      strings[15] = "TCPConnLink@-1014555241: callCompleteLocal=false"
    deviceConnLink = class com.ibm.ws.http.channel.internal.outbound.HttpOutboundLink@89b99a99
      tc = class com.ibm.websphere.ras.TraceComponent@4392eae7
      myInterface = class com.ibm.ws.http.channel.internal.outbound.HttpOutboundServiceContextImpl@f282c61a
      myChannel = class com.ibm.ws.http.channel.internal.outbound.HttpOutboundChannel@1a783f4b
      bAllowReconnect = true
      bEnableReconnect = true
      targetAddress = class com.ibm.ws.wsoc.outbound.WsocAddress@b38e577
      bIsActive = true
      reconnecting = false
      reconnectException = null
      earlyReconnectDestroy = false
      tc = class com.ibm.websphere.ras.TraceComponent@57d2ccc6
      linkOnDeviceSide = class com.ibm.ws.tcpchannel.internal.TCPConnLink@c3871d97
      linkOnApplicationSide = null
      vc = class com.ibm.ws.channelfw.internal.OutboundVirtualConnectionImpl@41b68d2c
    tcpReadContext = class com.ibm.ws.tcpchannel.internal.NioTCPReadRequestContextImpl@80740600
    wrc = class com.ibm.ws.wsoc.WsocReadCallback@a1f7a3b5
      tc = class com.ibm.websphere.ras.TraceComponent@49c778f0
      serialVersionUID = 3832887180984324499
      connLink = class com.ibm.ws.wsoc.WsocConnLink@32108c69
      it = class com.ibm.ws.wsoc.injection.InjectionThings@4fbd111f
      serialVersionUID = -1948109107065843749
      $$$tc$$$ = class com.ibm.websphere.ras.TraceComponent@55c15d10
    linkRead = class com.ibm.ws.wsoc.LinkRead@f0aa2c05
    linkWrite = class com.ibm.ws.wsoc.LinkWrite@45f7cdd8
      tc = class com.ibm.websphere.ras.TraceComponent@2b168bcc
      binaryEncoders = null
      textEncoders = null
      binaryStreamEncoders = null
      textStreamEncoders = null
      tcpWriteContext = class com.ibm.ws.tcpchannel.internal.NioTCPWriteRequestContextImpl@4274b83e
      messageWriter = class com.ibm.ws.wsoc.MessageWriter@6c24d100
      wsocSendOutstanding = false
      wsocSendHandler = null
      SendResultGood = class javax.websocket.SendResult@9aca15ca
      endpointConfig = class javax.websocket.DefaultClientEndpointConfig@7e69a71
      shouldMaskData = true
      connLink = class com.ibm.ws.wsoc.WsocConnLink@32108c69
      serialVersionUID = -4500812965031525076
    endpointManager = null
    things = class com.ibm.ws.wsoc.ParametersOfInterest@5aef4e31
      requestURI = class java.net.URI@d9d74823
      queryString = null
      sessionID = "i3TxHfwkhLZX_iBsT_ak21o"
      wsocProtocolVersion = "13"
      userPrincipal = null
      userProperties = class java.util.HashMap@ade281c4
      parameterMap = null
      agreedSubProtocol = null
      localSubProtocolList = class java.util.Collections$UnmodifiableRandomAccessList@17287aba
      negotiatedExtensions = class java.util.Collections$EmptyList@e7905e5e
      endpointManager = null
      tccl = class com.ibm.ws.classloading.internal.ThreadContextClassLoader@d6063ada
      cmd = null
      isSecure = false
      httpSession = null
      executor = null
      serialVersionUID = -618670033123537855
      $$$tc$$$ = class com.ibm.websphere.ras.TraceComponent@9caa628e
    readWrite = true
    SyncReadPushPop = class java.lang.Object@1602b068
    readPush = 1
    SyncWritePushPop = class java.lang.Object@cba08543
    writePush = 0
    writeBufferToRelease = null
    READ_BUFFER_SIZE = 8192
    idleTimeoutCloseReason = null
    serialVersionUID = -3381064050939791473
  shouldReadMaskedData = false
  partialProcessingState = class com.ibm.ws.wsoc.LinkRead$PartialState@62adef81
    NOT_ATTEMPTED = class com.ibm.ws.wsoc.LinkRead$PartialState@62adef81
    MESSAGE_HANDLER_ATTEMPTED = class com.ibm.ws.wsoc.LinkRead$PartialState@706c7410
      NOT_ATTEMPTED = class com.ibm.ws.wsoc.LinkRead$PartialState@62adef81
      MESSAGE_HANDLER_ATTEMPTED = class com.ibm.ws.wsoc.LinkRead$PartialState@706c7410
      AE_TEXT_ATTEMPTED = class com.ibm.ws.wsoc.LinkRead$PartialState@972f3913
      AE_BINARY_ATTEMPTED = class com.ibm.ws.wsoc.LinkRead$PartialState@3df32b92
      OFF = class com.ibm.ws.wsoc.LinkRead$PartialState@5986f9b1
      $VALUES = class com.ibm.ws.wsoc.LinkRead$PartialState[5]
      $$$tc$$$ = class com.ibm.websphere.ras.TraceComponent@1cf1c728
      name = "MESSAGE_HANDLER_ATTEMPTED"
      ordinal = 1
    AE_TEXT_ATTEMPTED = class com.ibm.ws.wsoc.LinkRead$PartialState@972f3913
      NOT_ATTEMPTED = class com.ibm.ws.wsoc.LinkRead$PartialState@62adef81
      MESSAGE_HANDLER_ATTEMPTED = class com.ibm.ws.wsoc.LinkRead$PartialState@706c7410
      AE_TEXT_ATTEMPTED = class com.ibm.ws.wsoc.LinkRead$PartialState@972f3913
      AE_BINARY_ATTEMPTED = class com.ibm.ws.wsoc.LinkRead$PartialState@3df32b92
      OFF = class com.ibm.ws.wsoc.LinkRead$PartialState@5986f9b1
      $VALUES = class com.ibm.ws.wsoc.LinkRead$PartialState[5]
      $$$tc$$$ = class com.ibm.websphere.ras.TraceComponent@1cf1c728
      name = "AE_TEXT_ATTEMPTED"
      ordinal = 2
    AE_BINARY_ATTEMPTED = class com.ibm.ws.wsoc.LinkRead$PartialState@3df32b92
      NOT_ATTEMPTED = class com.ibm.ws.wsoc.LinkRead$PartialState@62adef81
      MESSAGE_HANDLER_ATTEMPTED = class com.ibm.ws.wsoc.LinkRead$PartialState@706c7410
      AE_TEXT_ATTEMPTED = class com.ibm.ws.wsoc.LinkRead$PartialState@972f3913
      AE_BINARY_ATTEMPTED = class com.ibm.ws.wsoc.LinkRead$PartialState@3df32b92
      OFF = class com.ibm.ws.wsoc.LinkRead$PartialState@5986f9b1
      $VALUES = class com.ibm.ws.wsoc.LinkRead$PartialState[5]
      $$$tc$$$ = class com.ibm.websphere.ras.TraceComponent@1cf1c728
      name = "AE_BINARY_ATTEMPTED"
      ordinal = 3
    OFF = class com.ibm.ws.wsoc.LinkRead$PartialState@5986f9b1
      NOT_ATTEMPTED = class com.ibm.ws.wsoc.LinkRead$PartialState@62adef81
      MESSAGE_HANDLER_ATTEMPTED = class com.ibm.ws.wsoc.LinkRead$PartialState@706c7410
      AE_TEXT_ATTEMPTED = class com.ibm.ws.wsoc.LinkRead$PartialState@972f3913
      AE_BINARY_ATTEMPTED = class com.ibm.ws.wsoc.LinkRead$PartialState@3df32b92
      OFF = class com.ibm.ws.wsoc.LinkRead$PartialState@5986f9b1
      $VALUES = class com.ibm.ws.wsoc.LinkRead$PartialState[5]
      $$$tc$$$ = class com.ibm.websphere.ras.TraceComponent@1cf1c728
      name = "OFF"
      ordinal = 4
    $VALUES = class com.ibm.ws.wsoc.LinkRead$PartialState[5]
      PartialState[0] = class com.ibm.ws.wsoc.LinkRead$PartialState@62adef81
      PartialState[1] = class com.ibm.ws.wsoc.LinkRead$PartialState@706c7410
      PartialState[2] = class com.ibm.ws.wsoc.LinkRead$PartialState@972f3913
      PartialState[3] = class com.ibm.ws.wsoc.LinkRead$PartialState@3df32b92
      PartialState[4] = class com.ibm.ws.wsoc.LinkRead$PartialState@5986f9b1
    $$$tc$$$ = class com.ibm.websphere.ras.TraceComponent@1cf1c728
      strings[0] = "TraceComponent[com.ibm.ws.wsoc.LinkRead$PartialState,class com.ibm.ws.wsoc.LinkRead$PartialState,[websockets],com.ibm.ws.wsoc.internal.resources.WebSockets,null]"
    name = "NOT_ATTEMPTED"
    ordinal = 0
  serialVersionUID = 7928995429435769344

Dump of objectArray[0]
Object type = com.ibm.ws.tcpchannel.internal.NioTCPReadRequestContextImpl
  strings[0] = "NioTCPReadRequestContextImpl@-2139879936: aborted=false"
  strings[1] = "NioTCPReadRequestContextImpl@-2139879936: forceQueue=false"
  strings[2] = "NioTCPReadRequestContextImpl@-2139879936: ioAmount=1"
  strings[3] = "NioTCPReadRequestContextImpl@-2139879936: ioCompleteAmt=127"
  strings[4] = "NioTCPReadRequestContextImpl@-2139879936: ioDoneAmt=0"
  strings[5] = "NioTCPReadRequestContextImpl@-2139879936: lastIOAmt=127"
  strings[6] = "NioTCPReadRequestContextImpl@-2139879936: isRead=true"
  strings[7] = "NioTCPReadRequestContextImpl@-2139879936: timeoutInterval=0"
  strings[8] = "NioTCPReadRequestContextImpl@-2139879936: timeoutTime=-1"
  strings[9] = "NioTCPReadRequestContextImpl@-2139879936: link=com.ibm.ws.tcpchannel.internal.TCPConnLink@c3871d97"
  strings[10] = "TCPConnLink@-1014555241: tcpChannel=com.ibm.ws.tcpchannel.internal.NioTCPChannel@ad475d7c"
  strings[11] = "TCPConnLink@-1014555241: closed=false"
  strings[12] = "TCPConnLink@-1014555241: socketIOChannel=com.ibm.ws.tcpchannel.internal.NioSocketIOChannel@d9134ad4"
  strings[13] = "NioSocketIOChannel@-653047084: closed=false"
  strings[14] = "NioSocketIOChannel@-653047084: processClose=true"
  strings[15] = "NioSocketIOChannel@-653047084: checkCancel=false"
  strings[16] = "NioSocketIOChannel@-653047084: tcpChannel=com.ibm.ws.tcpchannel.internal.NioTCPChannel@ad475d7c"
  strings[17] = "NioSocketIOChannel@-653047084: socket=Socket[addr=roguecloud.space/169.61.95.247,port=29080,localport=41822]"
  strings[18] = "NioSocketIOChannel@-653047084: remoteAddr=roguecloud.space/169.61.95.247"
  strings[19] = "NioSocketIOChannel@-653047084: remotePort=29080"
  strings[20] = "NioSocketIOChannel@-653047084: localAddr=/172.19.0.4"
  strings[21] = "NioSocketIOChannel@-653047084: localPort=41822"
  strings[22] = "NioSocketIOChannel@-653047084: channel=java.nio.channels.SocketChannel[connected local=/172.19.0.4:41822 remote=roguecloud.space/169.61.95.247:29080]"
  strings[23] = "TCPConnLink@-1014555241: numReads=96"
  strings[24] = "TCPConnLink@-1014555241: numWrites=39"
  strings[25] = "TCPConnLink@-1014555241: callCompleteLocal=false"
  strings[26] = "NioTCPReadRequestContextImpl@-2139879936: callback=com.ibm.ws.wsoc.WsocReadCallback@a1f7a3b5"
  strings[27] = "NioTCPReadRequestContextImpl@-2139879936: jitAllocateSize=8192"
  strings[28] = "NioTCPReadRequestContextImpl@-2139879936: jitAllocateAction=false"

Dump of objectArray[1]
Object type = com.roguecloud.client.LibertyClientEndpoint
  Failed to resolve fields for com.roguecloud.client.LibertyClientEndpoint = "java.lang.NoClassDefFoundError: com.roguecloud.client.utils.RCUtilLatencySim
	at java.lang.Class.getDeclaredFieldsImpl(Native Method)
	at java.lang.Class.getDeclaredFields(Class.java:868)
	at com.ibm.ws.logging.internal.impl.IntrospectionLevelMember$2.run(IntrospectionLevelMember.java:314)
	at com.ibm.ws.logging.internal.impl.IntrospectionLevelMember$2.run(IntrospectionLevelMember.java:310)
	at java.security.AccessController.doPrivileged(AccessController.java:678)
	at com.ibm.ws.logging.internal.impl.IntrospectionLevelMember.getFields(IntrospectionLevelMember.java:310)
	at com.ibm.ws.logging.internal.impl.IntrospectionLevelMember.introspectViaReflection(IntrospectionLevelMember.java:199)
	at com.ibm.ws.logging.internal.impl.IntrospectionLevelMember.getChildren(IntrospectionLevelMember.java:163)
	at com.ibm.ws.logging.internal.impl.IntrospectionLevel.getNextLevel(IntrospectionLevel.java:100)
	at com.ibm.ws.logging.internal.impl.IncidentStreamImpl.introspect(IncidentStreamImpl.java:430)
	at com.ibm.ws.logging.internal.impl.IncidentStreamImpl.introspectAndWrite(IncidentStreamImpl.java:129)
	at com.ibm.ws.logging.internal.impl.IncidentStreamImpl.introspectAndWriteLine(IncidentStreamImpl.java:164)
	at com.ibm.ws.logging.internal.impl.IncidentLogger.logIncident(IncidentLogger.java:102)
	at com.ibm.ws.logging.internal.impl.IncidentLogger.logIncident(IncidentLogger.java:35)
	at com.ibm.ws.logging.internal.impl.IncidentImpl.log(IncidentImpl.java:249)
	at com.ibm.ws.logging.internal.impl.BaseFFDCService.log(BaseFFDCService.java:239)
	at com.ibm.ws.logging.internal.impl.BaseFFDCService.processException(BaseFFDCService.java:216)
	at com.ibm.ws.ffdc.FFDCFilter.processException(FFDCFilter.java:94)
	at com.ibm.ws.wsoc.LinkRead.processRead(LinkRead.java:368)
	at com.ibm.ws.wsoc.WsocConnLink.processRead(WsocConnLink.java:990)
	at com.ibm.ws.wsoc.WsocReadCallback.completeLogic(WsocReadCallback.java:61)
	at com.ibm.ws.wsoc.WsocReadCallback.complete(WsocReadCallback.java:47)
	at com.ibm.ws.tcpchannel.internal.WorkQueueManager.requestComplete(WorkQueueManager.java:503)
	at com.ibm.ws.tcpchannel.internal.WorkQueueManager.attemptIO(WorkQueueManager.java:573)
	at com.ibm.ws.tcpchannel.internal.WorkQueueManager.workerRun(WorkQueueManager.java:954)
	at com.ibm.ws.tcpchannel.internal.WorkQueueManager$Worker.run(WorkQueueManager.java:1043)
	at com.ibm.ws.threading.internal.ExecutorServiceImpl$RunnableWrapper.run(ExecutorServiceImpl.java:239)
	at java.util.concurrent.ThreadPoolExecutor.runWorker(ThreadPoolExecutor.java:1160)
	at java.util.concurrent.ThreadPoolExecutor$Worker.run(ThreadPoolExecutor.java:635)
	at java.lang.Thread.run(Thread.java:818)
Caused by: java.lang.ClassNotFoundException: com.roguecloud.client.utils.RCUtilLatencySim
	at com.ibm.ws.classloading.internal.AppClassLoader.findClassCommonLibraryClassLoaders(AppClassLoader.java:544)
	at com.ibm.ws.classloading.internal.AppClassLoader.findClass(AppClassLoader.java:286)
	at java.lang.ClassLoader.loadClassHelper(ClassLoader.java:935)
	at java.lang.ClassLoader.loadClass(ClassLoader.java:880)
	at com.ibm.ws.classloading.internal.AppClassLoader.findOrDelegateLoadClass(AppClassLoader.java:522)
	at com.ibm.ws.classloading.internal.AppClassLoader.loadClass(AppClassLoader.java:482)
	at java.lang.ClassLoader.loadClass(ClassLoader.java:863)
	... 30 more
"

