------Start of DE processing------ = [9/20/19 3:18:37:836 UTC]
Exception = java.net.ConnectException
Source = com.ibm.ws.wsoc.outbound.ClientConnector
probeid = 81
Stack Dump = java.net.ConnectException: Connection refused
	at sun.nio.ch.SocketChannelImpl.checkConnect(Native Method)
	at sun.nio.ch.SocketChannelImpl.finishConnect(SocketChannelImpl.java:731)
	at com.ibm.ws.tcpchannel.internal.WorkQueueManager.attemptConnectWork(WorkQueueManager.java:841)
	at com.ibm.ws.tcpchannel.internal.ConnectionManager.getConnection(ConnectionManager.java:111)
	at com.ibm.ws.tcpchannel.internal.TCPConnLink.connectCommon(TCPConnLink.java:205)
	at com.ibm.ws.tcpchannel.internal.TCPConnLink.connect(TCPConnLink.java:157)
	at com.ibm.wsspi.channelfw.base.OutboundProtocolLink.connect(OutboundProtocolLink.java:130)
	at com.ibm.ws.http.channel.internal.outbound.HttpOutboundLink.connect(HttpOutboundLink.java:241)
	at com.ibm.ws.channelfw.internal.OutboundVirtualConnectionImpl.connect(OutboundVirtualConnectionImpl.java:76)
	at com.ibm.ws.wsoc.outbound.HttpRequestor.connect(HttpRequestor.java:89)
	at com.ibm.ws.wsoc.outbound.ClientConnector.connectClass(ClientConnector.java:76)
	at com.ibm.ws.wsoc.external.WebSocketContainerExt.connectToServer(WebSocketContainerExt.java:137)
	at com.roguecloud.client.LibertySessionWrapper.connect(LibertySessionWrapper.java:143)
	at com.roguecloud.client.LibertySessionWrapper.initialConnect(LibertySessionWrapper.java:124)
	at com.roguecloud.client.ClientState.initialConnect(ClientState.java:131)
	at com.roguecloud.client.container.StartAgentServlet.doInitialConnectInner(StartAgentServlet.java:266)
	at com.roguecloud.client.container.StartAgentServlet.access$200(StartAgentServlet.java:55)
	at com.roguecloud.client.container.StartAgentServlet$1.run(StartAgentServlet.java:242)

Dump of callerThis
Object type = com.ibm.ws.wsoc.outbound.ClientConnector
  tc = class com.ibm.websphere.ras.TraceComponent@34b44de7
    strings[0] = "TraceComponent[com.ibm.ws.wsoc.outbound.ClientConnector,class com.ibm.ws.wsoc.outbound.ClientConnector,[websockets],com.ibm.ws.wsoc.internal.resources.WebSockets,null]"
  serialVersionUID = -9102252972738122641

Dump of objectArray[0]
Object type = com.roguecloud.client.LibertyClientEndpoint
  log = class com.roguecloud.utils.Logger@5006690d
    CLIENT_SENT = false
    CLIENT_RECEIVED = false
    logger = class com.roguecloud.utils.Logger@5006690d
    lock = class java.lang.Object@98ab1950
    currentLogLevel = class com.roguecloud.utils.Logger$Level@6c34bd84
      DISABLED = class com.roguecloud.utils.Logger$Level@9ce29663
      SEVERE = class com.roguecloud.utils.Logger$Level@2b04c5c0
      ERROR = class com.roguecloud.utils.Logger$Level@3d150fb5
      INTERESTING = class com.roguecloud.utils.Logger$Level@6c34bd84
      INFO = class com.roguecloud.utils.Logger$Level@8a3eef67
      value = 3
      $VALUES = class com.roguecloud.utils.Logger$Level[5]
      name = "INTERESTING"
      ordinal = 3
    lc = class com.roguecloud.utils.Logger$LoggerCache@27d3d426
      MAX_LAST_MSGS_SIZE = 500
      lastMessages = class java.util.ArrayList@9c36aebe
      cacheMap = class java.util.HashMap@68bdd495
      this$0 = class com.roguecloud.utils.Logger@5006690d
    dateFormat = class java.text.SimpleDateFormat@ad7c703a
      serialVersionUID = 4774881970558875024
      currentSerialVersion = 1
      serialVersionOnStream = 1
      pattern = "MMM-d HH:mm:ss.SSS"
      originalNumberFormat = null
      originalNumberPattern = null
      minusSign = -
      hasFollowingMinusSign = false
      forceStandaloneForm = false
      compiledPattern = {???????????} /* array length = 11 */
      TAG_QUOTE_ASCII_CHAR = 100
      TAG_QUOTE_CHARS = 101
      zeroDigit = 0
      formatData = class java.text.DateFormatSymbols@a3050d5d
      defaultCenturyStart = class java.util.Date@ecd7425
      defaultCenturyStartYear = 1939
      MILLIS_PER_MINUTE = 60000
      GMT = "GMT"
      cachedNumberFormatData = class java.util.concurrent.ConcurrentHashMap@e08bc58d
      locale = class java.util.Locale@b8ea6b5e
      useDateFormatSymbols = false
      PATTERN_INDEX_TO_CALENDAR_FIELD = {0,1,2,5,11,11,12,13,14,7,6,8,3,4,9,10,10,15,15,17,1000,15,2} /* array length = 23 */
      PATTERN_INDEX_TO_DATE_FORMAT_FIELD = {0,1,2,3,4,5,6,7,8,9,10,11,12,13,14,15,16,17,17,1,9,17,2} /* array length = 23 */
      PATTERN_INDEX_TO_DATE_FORMAT_FIELD_ID = class java.text.DateFormat$Field[23]
      REST_OF_STYLES = {32769,2,32770} /* array length = 3 */
      $assertionsDisabled = true
      calendar = class java.util.GregorianCalendar@8ca4eff6
      numberFormat = class java.text.DecimalFormat@efad5a91
      ERA_FIELD = 0
      YEAR_FIELD = 1
      MONTH_FIELD = 2
      DATE_FIELD = 3
      HOUR_OF_DAY1_FIELD = 4
      HOUR_OF_DAY0_FIELD = 5
      MINUTE_FIELD = 6
      SECOND_FIELD = 7
      MILLISECOND_FIELD = 8
      DAY_OF_WEEK_FIELD = 9
      DAY_OF_YEAR_FIELD = 10
      DAY_OF_WEEK_IN_MONTH_FIELD = 11
      WEEK_OF_YEAR_FIELD = 12
      WEEK_OF_MONTH_FIELD = 13
      AM_PM_FIELD = 14
      HOUR1_FIELD = 15
      HOUR0_FIELD = 16
      TIMEZONE_FIELD = 17
      serialVersionUID = 7218322306649953788
      FULL = 0
      LONG = 1
      MEDIUM = 2
      SHORT = 3
      DEFAULT = 2
      serialVersionUID = -299282585814624189
  clientState = class com.roguecloud.client.ClientState@cf89d46e
    log = class com.roguecloud.utils.Logger@5006690d
    username = "sfonseca"
    password = "password1234"
    uuid = "48318726-0049-4ae7-bf6f-f9f802a03af8"
    lock = class java.lang.Object@4973d64d
    messageReceiver = class com.roguecloud.client.ClientMessageReceiver@775c28c0
      log = class com.roguecloud.utils.Logger@5006690d
    logContext = class com.roguecloud.utils.LogContext@e8c884c5
      serverInstance = -1
      clientId = -1
      clientUuid = "48318726-0049-4ae7-bf6f-f9f802a03af8"
    clientWorldState = class com.roguecloud.client.ClientWorldState@1b143fab
      log = class com.roguecloud.utils.Logger@5006690d
      lock = class java.lang.Object@ec39c3fc
      lc = class com.roguecloud.utils.LogContext@e8c884c5
      clientState = class com.roguecloud.client.ClientState@cf89d46e
      selfState_synch_lock = null
      unprocessedFrames_synch_lock = class java.util.HashMap@beb322af
      nextFrame_synch_lock = 1
      map_synch_lock = null
      playerDb_sync_lock = class java.util.HashMap@fb1c4822
      monsterDb_synch_lock = class java.util.HashMap@55a44346
      objectDb_synch_lock = class java.util.HashMap@aeca875e
      event_log_synch_lock = class com.roguecloud.client.EventLog@e2a9dee2
      clientMap = null
      worldState = null
      disposed = false
    remoteClient = class com.roguecloud.client.ai.SimpleAIStable@13e235c6
      currentState = class com.roguecloud.client.ai.SimpleAIStable$State@613920ba
      wanderingStateDate = null
      attackingStateData = null
      pickUpItemData = null
      waitingForActionResponse = null
      log = class com.roguecloud.utils.Logger@5006690d
      selfState = null
      worldState = null
      clientState = class com.roguecloud.client.ClientState@cf89d46e
      eventLog = null
      disposed = false
    nextSynchronousMessageId_synch_lock = 0
    mapMessageIdToFuture_synch = class java.util.HashMap@6e87d8d7
      serialVersionUID = 362498820763181265
      DEFAULT_INITIAL_CAPACITY = 16
      MAXIMUM_CAPACITY = 1073741824
      DEFAULT_LOAD_FACTOR = 0.75
      TREEIFY_THRESHOLD = 8
      UNTREEIFY_THRESHOLD = 6
      MIN_TREEIFY_CAPACITY = 64
      table = null
      entrySet = null
      size = 0
      modCount = 0
      threshold = 0
      loadFactor = 0.75
      keySet = null
      values = null
    sessionWrapper = class com.roguecloud.client.LibertySessionWrapper@6139fc16
    currentRound_synch_lock = null
    roundComplete_synch_lock = false
    clientInterrupted_synch_lock = false
    factory = class com.roguecloud.client.LibertyWebsocketFactory@db5c656d
    nextRoundInXSeconds_synch_lock = null
    keyValueStore = class com.roguecloud.client.utils.PersistentKeyValueStore@ad211972
      dir = class java.io.File@1b1df32c
    numberOfTimesPreviouslyInterrupted = 1
  sessionWrapper = class com.roguecloud.client.LibertySessionWrapper@6139fc16
    log = class com.roguecloud.utils.Logger@5006690d
    lock = class java.lang.Object@3cd679f3
    parent = class com.roguecloud.client.ClientState@cf89d46e
    thread = class com.roguecloud.client.LibertySessionWrapper$ClientStateOutputThread@2b81862
      threadLock = class java.lang.Object@2e36c033
      messagesToSend_synch_threadLock = class java.util.ArrayList@13cfdd0a
      last100Messages_synch_threadLock = class java.util.ArrayList@75a37007
      this$0 = class com.roguecloud.client.LibertySessionWrapper@6139fc16
      MAX_PRIORITY = 10
      MIN_PRIORITY = 1
      NORM_PRIORITY = 5
      createCount = 182
      tidLock = class java.lang.Thread$TidLock@58650ed5
      tidCount = 5244
      NANOS_MAX = 999999
      INITIAL_LOCAL_STORAGE_CAPACITY = 5
      NO_REF = 0
      threadRef = 39461632
      stackSize = 0
      started = true
      name = "com.roguecloud.client.LibertySessionWrapper$ClientStateOutputThread"
      priority = 5
      isDaemon = true
      group = class java.lang.ThreadGroup@bb35d9fe
      runnable = null
      stopCalled = false
      contextClassLoader = class com.ibm.ws.classloading.internal.ThreadContextClassLoader@c537f2a5
      threadLocals = null
      inheritedAccessControlContext = class java.security.AccessControlContext@1b5a1fe4
      lock = class java.lang.Thread$ThreadLock@bee132e8
      inheritableThreadLocals = class java.lang.ThreadLocal$ThreadLocalMap@7f6a147
      blockOn = null
      threadLocalsIndex = 0
      inheritableThreadLocalsIndex = 0
      exceptionHandler = null
      tid = 5243
      parkBlocker = null
      systemThreadGroup = class java.lang.ThreadGroup@ef454d35
      mainGroup = class java.lang.ThreadGroup@5e45c3a6
      defaultExceptionHandler = null
      threadLocalRandomSeed = 0
      threadLocalRandomProbe = 0
      threadLocalRandomSecondarySeed = 0
    sessionRestartedNew_synch = class java.util.HashMap@b5029361
      serialVersionUID = 362498820763181265
      DEFAULT_INITIAL_CAPACITY = 16
      MAXIMUM_CAPACITY = 1073741824
      DEFAULT_LOAD_FACTOR = 0.75
      TREEIFY_THRESHOLD = 8
      UNTREEIFY_THRESHOLD = 6
      MIN_TREEIFY_CAPACITY = 64
      table = null
      entrySet = null
      size = 0
      modCount = 0
      threshold = 0
      loadFactor = 0.75
      keySet = null
      values = null
    state_synch_lock = null
    INITIAL_TIME_TO_WAIT_BETWEEN_CONN_FAILURES = 100
    timeToWaitBetweenConnectFailuresInMsecs = 100
    MAX_TIME_TO_WAIT_BETWEEN_CONN_FAILURES = 10000
    hce = class com.roguecloud.client.LibertyClientEndpoint@479b9596
    session_synch_lock = null
    basicRemote_synch_lock = null
    disposed = false
    url_synch_lock = "ws://roguecloud.space:29080/RogueCloudServer/api/client"
    isInitialConnect_synch_lock = true
    latencySim = null
  latencySim = null

Dump of objectArray[1]
Object type = java.net.URI
  serialVersionUID = -6052424284110960213
  scheme = "ws"
  fragment = null
  authority = "roguecloud.space:29080"
  userInfo = null
  host = "roguecloud.space"
  port = 29080
  path = "/RogueCloudServer/api/client"
  query = null
  schemeSpecificPart = "//roguecloud.space:29080/RogueCloudServer/api/client"
  hash = 0
  decodedUserInfo = null
  decodedAuthority = null
  decodedPath = null
  decodedQuery = null
  decodedFragment = null
  decodedSchemeSpecificPart = null
  string = "ws://roguecloud.space:29080/RogueCloudServer/api/client"
  L_DIGIT = 287948901175001088
  H_DIGIT = 0
  L_UPALPHA = 0
  H_UPALPHA = 134217726
  L_LOWALPHA = 0
  H_LOWALPHA = 576460743713488896
  L_ALPHA = 0
  H_ALPHA = 576460743847706622
  L_ALPHANUM = 287948901175001088
  H_ALPHANUM = 576460743847706622
  L_HEX = 287948901175001088
  H_HEX = 541165879422
  L_MARK = 113808043409408
  H_MARK = 4611686020574871552
  L_UNRESERVED = 288062709218410496
  H_UNRESERVED = 5188146764422578174
  L_RESERVED = -6052670429821140992
  H_RESERVED = 671088641
  L_ESCAPED = 1
  H_ESCAPED = 0
  L_URIC = -5764607720602730495
  H_URIC = 5188146765093666815
  L_PCHAR = 2882162826460266497
  H_PCHAR = 5188146764422578175
  L_PATH = 3458764316252045313
  H_PATH = 5188146764422578175
  L_DASH = 35184372088832
  H_DASH = 0
  L_DOT = 70368744177664
  H_DOT = 0
  L_USERINFO = 3458623578763689985
  H_USERINFO = 5188146764422578174
  L_REG_NAME = 3458623578763689985
  H_REG_NAME = 5188146764422578175
  L_SERVER = 3458623578763689985
  H_SERVER = 5188146765093666815
  L_SERVER_PERCENT = 3458623716202643457
  H_SERVER_PERCENT = 5188146765093666815
  L_LEFT_BRACKET = 0
  H_LEFT_BRACKET = 134217728
  L_SCHEME = 288063250384289792
  H_SCHEME = 576460743847706622
  L_URIC_NO_SLASH = -5764748458091085823
  H_URIC_NO_SLASH = 5188146764422578175
  hexDigits = {0123456789ABCDEF} /* array length = 16 */
  $assertionsDisabled = true

Dump of objectArray[2]
Object type = javax.websocket.DefaultClientEndpointConfig
  preferredSubprotocols = class java.util.Collections$UnmodifiableRandomAccessList@30d46757
    serialVersionUID = -2542308836966382001
    serialVersionUID = -283967356065247728
    list = class java.util.Collections$UnmodifiableRandomAccessList@f84a186d
      serialVersionUID = -2542308836966382001
      serialVersionUID = -283967356065247728
      list = class java.util.Collections$EmptyList@49176db
      serialVersionUID = 1820017752578914078
      c = class java.util.Collections$EmptyList@49176db
    serialVersionUID = 1820017752578914078
    c = class java.util.Collections$UnmodifiableRandomAccessList@f84a186d
  extensions = class java.util.Collections$UnmodifiableRandomAccessList@7927a5cc
    serialVersionUID = -2542308836966382001
    serialVersionUID = -283967356065247728
    list = class java.util.Collections$UnmodifiableRandomAccessList@c3cc3fd8
      serialVersionUID = -2542308836966382001
      serialVersionUID = -283967356065247728
      list = class java.util.Collections$EmptyList@49176db
      serialVersionUID = 1820017752578914078
      c = class java.util.Collections$EmptyList@49176db
    serialVersionUID = 1820017752578914078
    c = class java.util.Collections$UnmodifiableRandomAccessList@c3cc3fd8
  encoders = class java.util.Collections$UnmodifiableRandomAccessList@6ec91e3b
    serialVersionUID = -2542308836966382001
    serialVersionUID = -283967356065247728
    list = class java.util.Collections$UnmodifiableRandomAccessList@1b45d3b0
      serialVersionUID = -2542308836966382001
      serialVersionUID = -283967356065247728
      list = class java.util.Collections$EmptyList@49176db
      serialVersionUID = 1820017752578914078
      c = class java.util.Collections$EmptyList@49176db
    serialVersionUID = 1820017752578914078
    c = class java.util.Collections$UnmodifiableRandomAccessList@1b45d3b0
  decoders = class java.util.Collections$UnmodifiableRandomAccessList@e7c57bf4
    serialVersionUID = -2542308836966382001
    serialVersionUID = -283967356065247728
    list = class java.util.Collections$UnmodifiableRandomAccessList@3e6d9657
      serialVersionUID = -2542308836966382001
      serialVersionUID = -283967356065247728
      list = class java.util.Collections$EmptyList@49176db
      serialVersionUID = 1820017752578914078
      c = class java.util.Collections$EmptyList@49176db
    serialVersionUID = 1820017752578914078
    c = class java.util.Collections$UnmodifiableRandomAccessList@3e6d9657
  userProperties = class java.util.HashMap@e3f248aa
    serialVersionUID = 362498820763181265
    DEFAULT_INITIAL_CAPACITY = 16
    MAXIMUM_CAPACITY = 1073741824
    DEFAULT_LOAD_FACTOR = 0.75
    TREEIFY_THRESHOLD = 8
    UNTREEIFY_THRESHOLD = 6
    MIN_TREEIFY_CAPACITY = 64
    table = null
    entrySet = null
    size = 0
    modCount = 0
    threshold = 0
    loadFactor = 0.75
    keySet = null
    values = null
  clientEndpointConfigurator = class javax.websocket.ClientEndpointConfig$Builder$1@5490f783
    this$0 = class javax.websocket.ClientEndpointConfig$Builder@c78a5014
      preferredSubprotocols = class java.util.Collections$EmptyList@49176db
      extensions = class java.util.Collections$EmptyList@49176db
      encoders = class java.util.Collections$EmptyList@49176db
      decoders = class java.util.Collections$EmptyList@49176db
      clientEndpointConfigurator = class javax.websocket.ClientEndpointConfig$Builder$1@5490f783

Dump of objectArray[3]
Object type = com.ibm.ws.wsoc.external.WebSocketContainerExt
  tc = class com.ibm.websphere.ras.TraceComponent@b8068ccc
    strings[0] = "TraceComponent[com.ibm.ws.wsoc.external.WebSocketContainerExt,class com.ibm.ws.wsoc.external.WebSocketContainerExt,[websockets],com.ibm.ws.wsoc.internal.resources.WebSockets,null]"
  defaultAsyncSendTimeout = 0
  defaultMaxSessionIdleTimeout = 1200000
  defaultMaxBinaryMessageBufferSize = -1
  defaultMaxTextMessageBufferSize = 1048576
  serialVersionUID = 5874031882803516089

