------Start of DE processing------ = [9/20/19 2:30:53:585 UTC]
Exception = java.nio.channels.UnresolvedAddressException
Source = com.ibm.ws.wsoc.outbound.ClientConnector
probeid = 87
Stack Dump = java.nio.channels.UnresolvedAddressException
	at sun.nio.ch.Net.checkAddress(Net.java:121)
	at sun.nio.ch.SocketChannelImpl.connect(SocketChannelImpl.java:636)
	at com.ibm.ws.tcpchannel.internal.SocketIOChannel$PrivConnect.run(SocketIOChannel.java:87)
	at com.ibm.ws.tcpchannel.internal.SocketIOChannel$PrivConnect.run(SocketIOChannel.java:67)
	at java.security.AccessController.doPrivileged(AccessController.java:734)
	at com.ibm.ws.tcpchannel.internal.SocketIOChannel.connect(SocketIOChannel.java:97)
	at com.ibm.ws.tcpchannel.internal.ConnectionManager.getConnection(ConnectionManager.java:77)
	at com.ibm.ws.tcpchannel.internal.TCPConnLink.connectCommon(TCPConnLink.java:205)
	at com.ibm.ws.tcpchannel.internal.TCPConnLink.connect(TCPConnLink.java:157)
	at com.ibm.wsspi.channelfw.base.OutboundProtocolLink.connect(OutboundProtocolLink.java:130)
	at com.ibm.ws.http.channel.internal.outbound.HttpOutboundLink.connect(HttpOutboundLink.java:241)
	at com.ibm.ws.channelfw.internal.OutboundVirtualConnectionImpl.connect(OutboundVirtualConnectionImpl.java:76)
	at com.ibm.ws.wsoc.outbound.HttpRequestor.connect(HttpRequestor.java:89)
	at com.ibm.ws.wsoc.outbound.ClientConnector.connectClass(ClientConnector.java:76)
	at com.ibm.ws.wsoc.external.WebSocketContainerExt.connectToServer(WebSocketContainerExt.java:137)
	at com.roguecloud.client.LibertySessionWrapper.connect(LibertySessionWrapper.java:143)
	at com.roguecloud.client.LibertySessionWrapper.access$300(LibertySessionWrapper.java:59)
	at com.roguecloud.client.LibertySessionWrapper$4.run(LibertySessionWrapper.java:350)

Dump of callerThis
Object type = com.ibm.ws.wsoc.outbound.ClientConnector
  tc = class com.ibm.websphere.ras.TraceComponent@34b44de7
    strings[0] = "TraceComponent[com.ibm.ws.wsoc.outbound.ClientConnector,class com.ibm.ws.wsoc.outbound.ClientConnector,[websockets],com.ibm.ws.wsoc.internal.resources.WebSockets,null]"
  serialVersionUID = -9102252972738122641

Dump of objectArray[0]
Object type = com.roguecloud.client.LibertyClientEndpoint
  log = class com.roguecloud.utils.Logger@5006690d
    CLIENT_SENT = false
    CLIENT_RECEIVED = false
    logger = class com.roguecloud.utils.Logger@5006690d
    lock = class java.lang.Object@98ab1950
    currentLogLevel = class com.roguecloud.utils.Logger$Level@6c34bd84
      DISABLED = class com.roguecloud.utils.Logger$Level@9ce29663
      SEVERE = class com.roguecloud.utils.Logger$Level@2b04c5c0
      ERROR = class com.roguecloud.utils.Logger$Level@3d150fb5
      INTERESTING = class com.roguecloud.utils.Logger$Level@6c34bd84
      INFO = class com.roguecloud.utils.Logger$Level@8a3eef67
      value = 3
      $VALUES = class com.roguecloud.utils.Logger$Level[5]
      name = "INTERESTING"
      ordinal = 3
    lc = class com.roguecloud.utils.Logger$LoggerCache@27d3d426
      MAX_LAST_MSGS_SIZE = 500
      lastMessages = class java.util.ArrayList@9c36aebe
      cacheMap = class java.util.HashMap@68bdd495
      this$0 = class com.roguecloud.utils.Logger@5006690d
    dateFormat = class java.text.SimpleDateFormat@ad7c703a
      serialVersionUID = 4774881970558875024
      currentSerialVersion = 1
      serialVersionOnStream = 1
      pattern = "MMM-d HH:mm:ss.SSS"
      originalNumberFormat = null
      originalNumberPattern = null
      minusSign = -
      hasFollowingMinusSign = false
      forceStandaloneForm = false
      compiledPattern = {???????????} /* array length = 11 */
      TAG_QUOTE_ASCII_CHAR = 100
      TAG_QUOTE_CHARS = 101
      zeroDigit = 0
      formatData = class java.text.DateFormatSymbols@a3050d5d
      defaultCenturyStart = class java.util.Date@ecd7425
      defaultCenturyStartYear = 1939
      MILLIS_PER_MINUTE = 60000
      GMT = "GMT"
      cachedNumberFormatData = class java.util.concurrent.ConcurrentHashMap@e08bc58d
      locale = class java.util.Locale@b8ea6b5e
      useDateFormatSymbols = false
      PATTERN_INDEX_TO_CALENDAR_FIELD = {0,1,2,5,11,11,12,13,14,7,6,8,3,4,9,10,10,15,15,17,1000,15,2} /* array length = 23 */
      PATTERN_INDEX_TO_DATE_FORMAT_FIELD = {0,1,2,3,4,5,6,7,8,9,10,11,12,13,14,15,16,17,17,1,9,17,2} /* array length = 23 */
      PATTERN_INDEX_TO_DATE_FORMAT_FIELD_ID = class java.text.DateFormat$Field[23]
      REST_OF_STYLES = {32769,2,32770} /* array length = 3 */
      $assertionsDisabled = true
      calendar = class java.util.GregorianCalendar@8ca4eff6
      numberFormat = class java.text.DecimalFormat@efad5a91
      ERA_FIELD = 0
      YEAR_FIELD = 1
      MONTH_FIELD = 2
      DATE_FIELD = 3
      HOUR_OF_DAY1_FIELD = 4
      HOUR_OF_DAY0_FIELD = 5
      MINUTE_FIELD = 6
      SECOND_FIELD = 7
      MILLISECOND_FIELD = 8
      DAY_OF_WEEK_FIELD = 9
      DAY_OF_YEAR_FIELD = 10
      DAY_OF_WEEK_IN_MONTH_FIELD = 11
      WEEK_OF_YEAR_FIELD = 12
      WEEK_OF_MONTH_FIELD = 13
      AM_PM_FIELD = 14
      HOUR1_FIELD = 15
      HOUR0_FIELD = 16
      TIMEZONE_FIELD = 17
      serialVersionUID = 7218322306649953788
      FULL = 0
      LONG = 1
      MEDIUM = 2
      SHORT = 3
      DEFAULT = 2
      serialVersionUID = -299282585814624189
  clientState = class com.roguecloud.client.ClientState@c383f5a7
    log = class com.roguecloud.utils.Logger@5006690d
    username = "sfonseca"
    password = "password1234"
    uuid = "48318726-0049-4ae7-bf6f-f9f802a03af8"
    lock = class java.lang.Object@87fad677
    messageReceiver = class com.roguecloud.client.ClientMessageReceiver@def2ffa3
      log = class com.roguecloud.utils.Logger@5006690d
    logContext = class com.roguecloud.utils.LogContext@d584a60
      serverInstance = -1
      clientId = -1
      clientUuid = "48318726-0049-4ae7-bf6f-f9f802a03af8"
    clientWorldState = class com.roguecloud.client.ClientWorldState@651e04ee
      log = class com.roguecloud.utils.Logger@5006690d
      lock = class java.lang.Object@b3f0bdca
      lc = class com.roguecloud.utils.LogContext@d584a60
      clientState = class com.roguecloud.client.ClientState@c383f5a7
      selfState_synch_lock = class com.roguecloud.client.SelfState@66a05211
      unprocessedFrames_synch_lock = class java.util.HashMap@ac61e6bf
      nextFrame_synch_lock = 465
      map_synch_lock = class com.roguecloud.map.RCCloneMap@93d78236
      playerDb_sync_lock = class java.util.HashMap@33ce4a44
      monsterDb_synch_lock = class java.util.HashMap@51addf83
      objectDb_synch_lock = class java.util.HashMap@30ca4036
      event_log_synch_lock = class com.roguecloud.client.EventLog@d31c6d82
      clientMap = class com.roguecloud.client.ClientMap@9f9c1dd1
      worldState = class com.roguecloud.client.WorldState@c335679f
      disposed = false
    remoteClient = class com.roguecloud.client.ai.SimpleAIStable@516a0652
      currentState = class com.roguecloud.client.ai.SimpleAIStable$State@6403e2c0
      wanderingStateDate = null
      attackingStateData = null
      pickUpItemData = class com.roguecloud.client.ai.SimpleAIStable$PickUpItemData@12b56a72
      waitingForActionResponse = class com.roguecloud.ActionResponseFuture@70f6e5e9
      log = class com.roguecloud.utils.Logger@5006690d
      selfState = class com.roguecloud.client.SelfState@66a05211
      worldState = class com.roguecloud.client.WorldState@c335679f
      clientState = class com.roguecloud.client.ClientState@c383f5a7
      eventLog = class com.roguecloud.client.EventLog@d31c6d82
      disposed = false
    nextSynchronousMessageId_synch_lock = 229
    mapMessageIdToFuture_synch = class java.util.HashMap@ce635539
      serialVersionUID = 362498820763181265
      DEFAULT_INITIAL_CAPACITY = 16
      MAXIMUM_CAPACITY = 1073741824
      DEFAULT_LOAD_FACTOR = 0.75
      TREEIFY_THRESHOLD = 8
      UNTREEIFY_THRESHOLD = 6
      MIN_TREEIFY_CAPACITY = 64
      table = class java.util.HashMap$Node[16]
      entrySet = null
      size = 1
      modCount = 457
      threshold = 12
      loadFactor = 0.75
      keySet = null
      values = null
    sessionWrapper = class com.roguecloud.client.LibertySessionWrapper@431719bc
    currentRound_synch_lock = 105099
    roundComplete_synch_lock = false
    clientInterrupted_synch_lock = false
    factory = class com.roguecloud.client.LibertyWebsocketFactory@f6643890
    nextRoundInXSeconds_synch_lock = null
    keyValueStore = class com.roguecloud.client.utils.PersistentKeyValueStore@d88f7640
      dir = class java.io.File@6ec94cfe
    numberOfTimesPreviouslyInterrupted = 1
  sessionWrapper = class com.roguecloud.client.LibertySessionWrapper@431719bc
    log = class com.roguecloud.utils.Logger@5006690d
    lock = class java.lang.Object@704e709e
    parent = class com.roguecloud.client.ClientState@c383f5a7
    thread = class com.roguecloud.client.LibertySessionWrapper$ClientStateOutputThread@1181c80c
      threadLock = class java.lang.Object@18d8b75
      messagesToSend_synch_threadLock = class java.util.ArrayList@5cd35bf
      last100Messages_synch_threadLock = class java.util.ArrayList@dce897b2
      this$0 = class com.roguecloud.client.LibertySessionWrapper@431719bc
      MAX_PRIORITY = 10
      MIN_PRIORITY = 1
      NORM_PRIORITY = 5
      createCount = 91
      tidLock = class java.lang.Thread$TidLock@58650ed5
      tidCount = 1994
      NANOS_MAX = 999999
      INITIAL_LOCAL_STORAGE_CAPACITY = 5
      NO_REF = 0
      threadRef = 39345152
      stackSize = 0
      started = true
      name = "com.roguecloud.client.LibertySessionWrapper$ClientStateOutputThread"
      priority = 5
      isDaemon = true
      group = class java.lang.ThreadGroup@bb35d9fe
      runnable = null
      stopCalled = false
      contextClassLoader = class com.ibm.ws.classloading.internal.ThreadContextClassLoader@c537f2a5
      threadLocals = class java.lang.ThreadLocal$ThreadLocalMap@c33bee2d
      inheritedAccessControlContext = class java.security.AccessControlContext@1d1ef8c3
      lock = class java.lang.Thread$ThreadLock@b2e3c5c6
      inheritableThreadLocals = class java.lang.ThreadLocal$ThreadLocalMap@d3820411
      blockOn = null
      threadLocalsIndex = 0
      inheritableThreadLocalsIndex = 0
      exceptionHandler = null
      tid = 1934
      parkBlocker = null
      systemThreadGroup = class java.lang.ThreadGroup@ef454d35
      mainGroup = class java.lang.ThreadGroup@5e45c3a6
      defaultExceptionHandler = null
      threadLocalRandomSeed = 0
      threadLocalRandomProbe = 0
      threadLocalRandomSecondarySeed = 0
    sessionRestartedNew_synch = class java.util.HashMap@4868366c
      serialVersionUID = 362498820763181265
      DEFAULT_INITIAL_CAPACITY = 16
      MAXIMUM_CAPACITY = 1073741824
      DEFAULT_LOAD_FACTOR = 0.75
      TREEIFY_THRESHOLD = 8
      UNTREEIFY_THRESHOLD = 6
      MIN_TREEIFY_CAPACITY = 64
      table = class java.util.HashMap$Node[16]
      entrySet = null
      size = 1
      modCount = 1
      threshold = 12
      loadFactor = 0.75
      keySet = null
      values = null
    state_synch_lock = class com.roguecloud.client.LibertySessionWrapper$WrapperState@3bc85479
      INITIAL = class com.roguecloud.client.LibertySessionWrapper$WrapperState@3bc85479
      WAITING_FOR_CONFIRMATION = class com.roguecloud.client.LibertySessionWrapper$WrapperState@146a4799
      WAITING_FOR_RESEND = class com.roguecloud.client.LibertySessionWrapper$WrapperState@e84c4fda
      ACTIVE = class com.roguecloud.client.LibertySessionWrapper$WrapperState@196757a1
      COMPLETE = class com.roguecloud.client.LibertySessionWrapper$WrapperState@8cf4c251
      $VALUES = class com.roguecloud.client.LibertySessionWrapper$WrapperState[5]
      name = "INITIAL"
      ordinal = 0
    INITIAL_TIME_TO_WAIT_BETWEEN_CONN_FAILURES = 100
    timeToWaitBetweenConnectFailuresInMsecs = 200
    MAX_TIME_TO_WAIT_BETWEEN_CONN_FAILURES = 10000
    hce = class com.roguecloud.client.LibertyClientEndpoint@2d484d0b
    session_synch_lock = class com.ibm.ws.wsoc.external.v11.SessionExtV11@a036e1fc
      serialVersionUID = 9090656240353345712
      $$$tc$$$ = class com.ibm.websphere.ras.TraceComponent@362d283a
      impl = class com.ibm.ws.wsoc.SessionImpl@2145597a
      serialVersionUID = -7828201345767229276
      $$$tc$$$ = class com.ibm.websphere.ras.TraceComponent@f9d81b79
    basicRemote_synch_lock = class com.ibm.ws.wsoc.external.RemoteEndpointBasicExt@580d0f9b
      impl = class com.ibm.ws.wsoc.RemoteEndpointBasicImpl@f6a030c4
      serialVersionUID = -8647834002680828421
      $$$tc$$$ = class com.ibm.websphere.ras.TraceComponent@d92ebde2
    disposed = false
    url_synch_lock = "ws://roguecloud.space:29080/RogueCloudServer/api/client"
    isInitialConnect_synch_lock = false
    latencySim = null
  latencySim = null

Dump of objectArray[1]
Object type = java.net.URI
  serialVersionUID = -6052424284110960213
  scheme = "ws"
  fragment = null
  authority = "roguecloud.space:29080"
  userInfo = null
  host = "roguecloud.space"
  port = 29080
  path = "/RogueCloudServer/api/client"
  query = null
  schemeSpecificPart = "//roguecloud.space:29080/RogueCloudServer/api/client"
  hash = 0
  decodedUserInfo = null
  decodedAuthority = null
  decodedPath = null
  decodedQuery = null
  decodedFragment = null
  decodedSchemeSpecificPart = null
  string = "ws://roguecloud.space:29080/RogueCloudServer/api/client"
  L_DIGIT = 287948901175001088
  H_DIGIT = 0
  L_UPALPHA = 0
  H_UPALPHA = 134217726
  L_LOWALPHA = 0
  H_LOWALPHA = 576460743713488896
  L_ALPHA = 0
  H_ALPHA = 576460743847706622
  L_ALPHANUM = 287948901175001088
  H_ALPHANUM = 576460743847706622
  L_HEX = 287948901175001088
  H_HEX = 541165879422
  L_MARK = 113808043409408
  H_MARK = 4611686020574871552
  L_UNRESERVED = 288062709218410496
  H_UNRESERVED = 5188146764422578174
  L_RESERVED = -6052670429821140992
  H_RESERVED = 671088641
  L_ESCAPED = 1
  H_ESCAPED = 0
  L_URIC = -5764607720602730495
  H_URIC = 5188146765093666815
  L_PCHAR = 2882162826460266497
  H_PCHAR = 5188146764422578175
  L_PATH = 3458764316252045313
  H_PATH = 5188146764422578175
  L_DASH = 35184372088832
  H_DASH = 0
  L_DOT = 70368744177664
  H_DOT = 0
  L_USERINFO = 3458623578763689985
  H_USERINFO = 5188146764422578174
  L_REG_NAME = 3458623578763689985
  H_REG_NAME = 5188146764422578175
  L_SERVER = 3458623578763689985
  H_SERVER = 5188146765093666815
  L_SERVER_PERCENT = 3458623716202643457
  H_SERVER_PERCENT = 5188146765093666815
  L_LEFT_BRACKET = 0
  H_LEFT_BRACKET = 134217728
  L_SCHEME = 288063250384289792
  H_SCHEME = 576460743847706622
  L_URIC_NO_SLASH = -5764748458091085823
  H_URIC_NO_SLASH = 5188146764422578175
  hexDigits = {0123456789ABCDEF} /* array length = 16 */
  $assertionsDisabled = true

Dump of objectArray[2]
Object type = javax.websocket.DefaultClientEndpointConfig
  preferredSubprotocols = class java.util.Collections$UnmodifiableRandomAccessList@fc7a25a8
    serialVersionUID = -2542308836966382001
    serialVersionUID = -283967356065247728
    list = class java.util.Collections$UnmodifiableRandomAccessList@36ebfc2b
      serialVersionUID = -2542308836966382001
      serialVersionUID = -283967356065247728
      list = class java.util.Collections$EmptyList@49176db
      serialVersionUID = 1820017752578914078
      c = class java.util.Collections$EmptyList@49176db
    serialVersionUID = 1820017752578914078
    c = class java.util.Collections$UnmodifiableRandomAccessList@36ebfc2b
  extensions = class java.util.Collections$UnmodifiableRandomAccessList@50204807
    serialVersionUID = -2542308836966382001
    serialVersionUID = -283967356065247728
    list = class java.util.Collections$UnmodifiableRandomAccessList@dfe29ea5
      serialVersionUID = -2542308836966382001
      serialVersionUID = -283967356065247728
      list = class java.util.Collections$EmptyList@49176db
      serialVersionUID = 1820017752578914078
      c = class java.util.Collections$EmptyList@49176db
    serialVersionUID = 1820017752578914078
    c = class java.util.Collections$UnmodifiableRandomAccessList@dfe29ea5
  encoders = class java.util.Collections$UnmodifiableRandomAccessList@720cfeae
    serialVersionUID = -2542308836966382001
    serialVersionUID = -283967356065247728
    list = class java.util.Collections$UnmodifiableRandomAccessList@52ba6834
      serialVersionUID = -2542308836966382001
      serialVersionUID = -283967356065247728
      list = class java.util.Collections$EmptyList@49176db
      serialVersionUID = 1820017752578914078
      c = class java.util.Collections$EmptyList@49176db
    serialVersionUID = 1820017752578914078
    c = class java.util.Collections$UnmodifiableRandomAccessList@52ba6834
  decoders = class java.util.Collections$UnmodifiableRandomAccessList@2dacf423
    serialVersionUID = -2542308836966382001
    serialVersionUID = -283967356065247728
    list = class java.util.Collections$UnmodifiableRandomAccessList@79addbd4
      serialVersionUID = -2542308836966382001
      serialVersionUID = -283967356065247728
      list = class java.util.Collections$EmptyList@49176db
      serialVersionUID = 1820017752578914078
      c = class java.util.Collections$EmptyList@49176db
    serialVersionUID = 1820017752578914078
    c = class java.util.Collections$UnmodifiableRandomAccessList@79addbd4
  userProperties = class java.util.HashMap@a1caa44
    serialVersionUID = 362498820763181265
    DEFAULT_INITIAL_CAPACITY = 16
    MAXIMUM_CAPACITY = 1073741824
    DEFAULT_LOAD_FACTOR = 0.75
    TREEIFY_THRESHOLD = 8
    UNTREEIFY_THRESHOLD = 6
    MIN_TREEIFY_CAPACITY = 64
    table = null
    entrySet = null
    size = 0
    modCount = 0
    threshold = 0
    loadFactor = 0.75
    keySet = null
    values = null
  clientEndpointConfigurator = class javax.websocket.ClientEndpointConfig$Builder$1@1dc46e47
    this$0 = class javax.websocket.ClientEndpointConfig$Builder@f3f85e75
      preferredSubprotocols = class java.util.Collections$EmptyList@49176db
      extensions = class java.util.Collections$EmptyList@49176db
      encoders = class java.util.Collections$EmptyList@49176db
      decoders = class java.util.Collections$EmptyList@49176db
      clientEndpointConfigurator = class javax.websocket.ClientEndpointConfig$Builder$1@1dc46e47

Dump of objectArray[3]
Object type = com.ibm.ws.wsoc.external.WebSocketContainerExt
  tc = class com.ibm.websphere.ras.TraceComponent@b8068ccc
    strings[0] = "TraceComponent[com.ibm.ws.wsoc.external.WebSocketContainerExt,class com.ibm.ws.wsoc.external.WebSocketContainerExt,[websockets],com.ibm.ws.wsoc.internal.resources.WebSockets,null]"
  defaultAsyncSendTimeout = 0
  defaultMaxSessionIdleTimeout = 1200000
  defaultMaxBinaryMessageBufferSize = -1
  defaultMaxTextMessageBufferSize = 1048576
  serialVersionUID = 5874031882803516089

