********************************************************************************
product = WebSphere Application Server 19.0.0.3 (wlp-1.0.26.cl190320190321-1636)
wlp.install.dir = /opt/ibm/wlp/
server.config.dir = /home/default/app/mc-target/liberty/wlp/usr/servers/defaultServer/
java.home = /home/default/java/jre
java.version = 1.8.0_221
java.runtime = Java(TM) SE Runtime Environment (8.0.5.40 - pxa6480sr5fp40-20190807_01(SR5 FP40))
os = Linux (4.9.184-linuxkit; amd64) (en_US)
process = 320@18288880a618
********************************************************************************
[9/20/19 15:49:08:451 UTC] 00000001 com.ibm.ws.kernel.launch.internal.FrameworkManager           A CWWKE0001I: The server defaultServer has been launched.
[9/20/19 15:49:08:475 UTC] 00000001 com.ibm.ws.kernel.launch.internal.FrameworkManager           A CWWKE0100I: This product is licensed for development, and limited production use. The full license terms can be viewed here: https://public.dhe.ibm.com/ibmdl/export/pub/software/websphere/wasdev/license/base_ilan/ilan/19.0.0.3/lafiles/en.html
[9/20/19 15:49:10:340 UTC] 00000001 com.ibm.ws.kernel.launch.internal.FrameworkManager           I CWWKE0002I: The kernel started after 2.27 seconds
[9/20/19 15:49:10:492 UTC] 00000032 com.ibm.ws.kernel.feature.internal.FeatureManager            I CWWKF0007I: Feature update started.
[9/20/19 15:49:13:284 UTC] 00000026 com.ibm.ws.security.ready.internal.SecurityReadyServiceImpl  I CWWKS0007I: The security service is starting...
[9/20/19 15:49:13:775 UTC] 0000003b com.ibm.ws.tcpchannel.internal.TCPChannel                    I CWWKO0219I: TCP Channel defaultHttpEndpoint has been started and is now listening for requests on host *  (IPv4) port 9080.
[9/20/19 15:49:13:798 UTC] 00000026 com.ibm.ws.app.manager.internal.monitor.DropinMonitor        A CWWKZ0058I: Monitoring dropins for applications.
[9/20/19 15:49:14:007 UTC] 0000002c com.ibm.ws.ssl.config.WSKeyStore                             A CWPKI0820A: The default keystore has been created using the 'keystore_password' environment variable.
[9/20/19 15:49:14:417 UTC] 00000026 ibm.ws.security.authentication.internal.jaas.JAASServiceImpl I CWWKS1123I: The collective authentication plugin with class name NullCollectiveAuthenticationPlugin has been activated. 
[9/20/19 15:49:14:729 UTC] 00000044 com.ibm.ws.security.token.ltpa.internal.LTPAKeyCreateTask    I CWWKS4105I: LTPA configuration is ready after 0.372 seconds.
[9/20/19 15:49:15:063 UTC] 00000026 com.ibm.ws.cache.ServerCache                                 I DYNA1001I: WebSphere Dynamic Cache instance named baseCache initialized successfully.
[9/20/19 15:49:15:067 UTC] 00000026 com.ibm.ws.cache.ServerCache                                 I DYNA1071I: The cache provider default is being used.
[9/20/19 15:49:15:070 UTC] 00000026 com.ibm.ws.cache.CacheServiceImpl                            I DYNA1056I: Dynamic Cache (object cache) initialized successfully.
[9/20/19 15:49:15:151 UTC] 0000002c com.ibm.ws.ssl.config.WSKeyStore                             I Successfully loaded default keystore: /home/default/app/mc-target/liberty/wlp/usr/servers/defaultServer/resources/security/key.p12 of type: PKCS12
[9/20/19 15:49:15:183 UTC] 00000036 com.ibm.ws.tcpchannel.internal.TCPChannel                    I CWWKO0219I: TCP Channel defaultHttpEndpoint-ssl has been started and is now listening for requests on host *  (IPv4) port 9443.
[9/20/19 15:49:15:322 UTC] 00000033 com.ibm.ws.app.manager.AppMessageHelper                      I CWWKZ0018I: Starting application javametrics-dash.
[9/20/19 15:49:15:322 UTC] 0000004b com.ibm.ws.app.manager.AppMessageHelper                      I CWWKZ0018I: Starting application gameclient.
[9/20/19 15:49:15:322 UTC] 00000035 com.ibm.ws.app.manager.AppMessageHelper                      I CWWKZ0018I: Starting application javametrics-rest.
[9/20/19 15:49:17:062 UTC] 00000035 com.ibm.ws.session.WASSessionCore                            I SESN8501I: The session manager did not find a persistent storage location; HttpSession objects will be stored in the local application server's memory.
[9/20/19 15:49:17:093 UTC] 00000035 com.ibm.ws.webcontainer.osgi.webapp.WebGroup                 I SRVE0169I: Loading Web Module: javametrics-api.
[9/20/19 15:49:17:096 UTC] 00000035 com.ibm.ws.webcontainer                                      I SRVE0250I: Web Module javametrics-api has been bound to default_host.
[9/20/19 15:49:17:098 UTC] 00000035 com.ibm.ws.http.internal.VirtualHostImpl                     A CWWKT0016I: Web application available (default_host): http://18288880a618:9080/javametrics/
[9/20/19 15:49:17:104 UTC] 00000035 com.ibm.ws.app.manager.AppMessageHelper                      A CWWKZ0001I: Application javametrics-rest started in 1.783 seconds.
[9/20/19 15:49:17:364 UTC] 00000049 com.ibm.ws.webcontainer.osgi.mbeans.PluginGenerator          I SRVE9103I: A configuration file for a web server plugin was automatically generated for this server at /home/default/app/mc-target/liberty/wlp/usr/servers/defaultServer/logs/state/plugin-cfg.xml.
[9/20/19 15:49:17:497 UTC] 00000033 com.ibm.ws.webcontainer.osgi.webapp.WebGroup                 I SRVE0169I: Loading Web Module: javametrics.web.
[9/20/19 15:49:17:498 UTC] 00000033 com.ibm.ws.webcontainer                                      I SRVE0250I: Web Module javametrics.web has been bound to default_host.
[9/20/19 15:49:17:500 UTC] 00000033 com.ibm.ws.http.internal.VirtualHostImpl                     A CWWKT0016I: Web application available (default_host): http://18288880a618:9080/javametrics-dash/
[9/20/19 15:49:17:502 UTC] 00000033 com.ibm.ws.app.manager.AppMessageHelper                      A CWWKZ0001I: Application javametrics-dash started in 2.181 seconds.
[9/20/19 15:49:17:548 UTC] 00000041 com.ibm.ws.webcontainer.osgi.mbeans.PluginGenerator          I SRVE9103I: A configuration file for a web server plugin was automatically generated for this server at /home/default/app/mc-target/liberty/wlp/usr/servers/defaultServer/logs/state/plugin-cfg.xml.
[9/20/19 15:49:17:860 UTC] 00000048 com.ibm.ws.session.WASSessionCore                            I SESN0176I: A new session context will be created for application key default_host/javametrics
[9/20/19 15:49:17:860 UTC] 00000042 com.ibm.ws.session.WASSessionCore                            I SESN0176I: A new session context will be created for application key default_host/javametrics-dash
[9/20/19 15:49:17:885 UTC] 00000048 com.ibm.ws.util                                              I SESN0172I: The session manager is using the Java default SecureRandom implementation for session ID generation.
[9/20/19 15:49:17:895 UTC] 00000042 com.ibm.ws.util                                              I SESN0172I: The session manager is using the Java default SecureRandom implementation for session ID generation.
[9/20/19 15:49:18:190 UTC] 00000042 com.ibm.ws.cache.CacheServiceImpl                            I DYNA1056I: Dynamic Cache (object cache) initialized successfully.
[9/20/19 15:49:18:273 UTC] 00000042 com.ibm.ws.wsoc.EndpointManager                              I CWWKH0046I: Adding a WebSocket ServerEndpoint with the following URI: /javametrics-socket
[9/20/19 15:49:22:891 UTC] 0000004b com.ibm.ws.webcontainer.osgi.webapp.WebGroup                 I SRVE0169I: Loading Web Module: gameclient-1.0-SNAPSHOT.
[9/20/19 15:49:22:892 UTC] 0000004b com.ibm.ws.webcontainer                                      I SRVE0250I: Web Module gameclient-1.0-SNAPSHOT has been bound to default_host.
[9/20/19 15:49:22:894 UTC] 0000004b com.ibm.ws.http.internal.VirtualHostImpl                     A CWWKT0016I: Web application available (default_host): http://18288880a618:9080/
[9/20/19 15:49:22:897 UTC] 0000004b com.ibm.ws.app.manager.AppMessageHelper                      A CWWKZ0001I: Application gameclient started in 7.576 seconds.
[9/20/19 15:49:22:950 UTC] 00000041 com.ibm.ws.webcontainer.osgi.mbeans.PluginGenerator          I SRVE9103I: A configuration file for a web server plugin was automatically generated for this server at /home/default/app/mc-target/liberty/wlp/usr/servers/defaultServer/logs/state/plugin-cfg.xml.
[9/20/19 15:49:23:331 UTC] 00000032 com.ibm.ws.kernel.feature.internal.FeatureManager            A CWWKF0015I: The server has the following interim fixes active in the runtime: PH06340. For a full listing of installed fixes run: productInfo version --ifixes
[9/20/19 15:49:23:333 UTC] 00000032 com.ibm.ws.kernel.feature.internal.FeatureManager            A CWWKF0012I: The server installed the following features: [appSecurity-2.0, distributedMap-1.0, el-3.0, jaxrs-2.0, jaxrsClient-2.0, jndi-1.0, json-1.0, jsonp-1.0, jsp-2.3, servlet-3.1, ssl-1.0, transportSecurity-1.0, websocket-1.1].
[9/20/19 15:49:23:336 UTC] 00000032 com.ibm.ws.kernel.feature.internal.FeatureManager            I CWWKF0008I: Feature update completed in 13.016 seconds.
[9/20/19 15:49:23:337 UTC] 00000032 com.ibm.ws.kernel.feature.internal.FeatureManager            A CWWKF0011I: The server defaultServer is ready to run a smarter planet.
[9/20/19 15:49:26:531 UTC] 0000003c com.ibm.ws.session.WASSessionCore                            I SESN0176I: A new session context will be created for application key default_host/
[9/20/19 15:49:26:532 UTC] 0000003c com.ibm.ws.util                                              I SESN0172I: The session manager is using the Java default SecureRandom implementation for session ID generation.
[9/20/19 15:49:28:897 UTC] 0000003c com.ibm.ws.wsoc.EndpointManager                              I CWWKH0046I: Adding a WebSocket ServerEndpoint with the following URI: /api/browser
[9/20/19 15:49:28:940 UTC] 0000003c SystemOut                                                    O [ci:2a459524-1f94-4f80-876f-92342a1c3995] Client instance started. 
[9/20/19 15:49:28:943 UTC] 0000003c SystemOut                                                    O [ci:2a459524-1f94-4f80-876f-92342a1c3995] Instance informed of start.
[9/20/19 15:49:29:649 UTC] 0000003c SystemOut                                                    O ***********************************************************************************************
[9/20/19 15:49:29:651 UTC] 0000003c SystemOut                                                    O *                                                                                             *
[9/20/19 15:49:29:653 UTC] 0000003c SystemOut                                                    O *    Agent has started. Watch at: http://localhost:9080/                                   *
[9/20/19 15:49:29:654 UTC] 0000003c SystemOut                                                    O *                                                                                             *
[9/20/19 15:49:29:656 UTC] 0000003c SystemOut                                                    O ***********************************************************************************************
[9/20/19 15:49:29:728 UTC] 00000043 com.ibm.ws.webcontainer.servlet                              I SRVE0242I: [gameclient] [/] [com.roguecloud.client.container.StartAgentServlet]: Initialization successful.
[9/20/19 15:49:29:919 UTC] 00000066 SystemOut                                                    O [client: 80caaeac-ccbd-4ae9-ad7b-b7f71acbd705][inter] [Sep-20 15:49:29.901] Attempting to connect
[9/20/19 15:49:30:035 UTC] 00000066 SystemOut                                                    O [client: 80caaeac-ccbd-4ae9-ad7b-b7f71acbd705][inter] [Sep-20 15:49:30.035] Websocket session Br7O2RcwSocyNQpMHvRPXNM opened with client instance 2a459524-1f94-4f80-876f-92342a1c3995
[9/20/19 15:49:31:669 UTC] 00000057 SystemOut                                                    O shouldIAttackCreature
[9/20/19 15:49:31:693 UTC] 00000057 SystemOut                                                    O Encountered Armour: CHEST, 6
[9/20/19 15:49:34:514 UTC] 00000047 SystemOut                                                    O shouldIAttackCreature
[9/20/19 15:49:34:517 UTC] 00000047 SystemOut                                                    O Main Player HP: 100
[9/20/19 15:49:34:519 UTC] 00000047 SystemOut                                                    O Main Player Level: 1
[9/20/19 15:49:34:521 UTC] 00000047 SystemOut                                                    O Enemy Level: 6
[9/20/19 15:49:34:525 UTC] 00000047 SystemOut                                                    O Encountered Armour: CHEST, 6
[9/20/19 15:49:34:693 UTC] 00000060 SystemOut                                                    O shouldIAttackCreature
[9/20/19 15:49:34:696 UTC] 00000060 SystemOut                                                    O Main Player HP: 100
[9/20/19 15:49:34:698 UTC] 00000060 SystemOut                                                    O Main Player Level: 1
[9/20/19 15:49:34:700 UTC] 00000060 SystemOut                                                    O Enemy Level: 6
[9/20/19 15:49:34:704 UTC] 00000060 SystemOut                                                    O Encountered Armour: CHEST, 6
[9/20/19 15:49:34:892 UTC] 00000053 SystemOut                                                    O shouldIAttackCreature
[9/20/19 15:49:34:895 UTC] 00000053 SystemOut                                                    O Main Player HP: 100
[9/20/19 15:49:34:897 UTC] 00000053 SystemOut                                                    O Main Player Level: 1
[9/20/19 15:49:34:899 UTC] 00000053 SystemOut                                                    O Enemy Level: 6
[9/20/19 15:49:34:903 UTC] 00000053 SystemOut                                                    O Encountered Armour: CHEST, 6
[9/20/19 15:49:35:096 UTC] 00000072 SystemOut                                                    O shouldIAttackCreature
[9/20/19 15:49:35:098 UTC] 00000072 SystemOut                                                    O Main Player HP: 100
[9/20/19 15:49:35:100 UTC] 00000072 SystemOut                                                    O Main Player Level: 1
[9/20/19 15:49:35:102 UTC] 00000072 SystemOut                                                    O Enemy Level: 6
[9/20/19 15:49:35:106 UTC] 00000072 SystemOut                                                    O Encountered Armour: CHEST, 6
[9/20/19 15:49:35:404 UTC] 00000049 SystemOut                                                    O shouldIAttackCreature
[9/20/19 15:49:35:407 UTC] 00000049 SystemOut                                                    O Main Player HP: 100
[9/20/19 15:49:35:409 UTC] 00000049 SystemOut                                                    O Main Player Level: 1
[9/20/19 15:49:35:411 UTC] 00000049 SystemOut                                                    O Enemy Level: 6
[9/20/19 15:49:35:415 UTC] 00000049 SystemOut                                                    O Previous Weapon Attack Range: 1
[9/20/19 15:49:35:417 UTC] 00000049 SystemOut                                                    O New Weapon Attack Range: 2
[9/20/19 15:49:35:497 UTC] 00000053 SystemOut                                                    O shouldIAttackCreature
[9/20/19 15:49:35:499 UTC] 00000053 SystemOut                                                    O Main Player HP: 100
[9/20/19 15:49:35:500 UTC] 00000053 SystemOut                                                    O Main Player Level: 1
[9/20/19 15:49:35:502 UTC] 00000053 SystemOut                                                    O Enemy Level: 6
[9/20/19 15:49:35:506 UTC] 00000053 SystemOut                                                    O Previous Weapon Attack Range: 1
[9/20/19 15:49:35:508 UTC] 00000053 SystemOut                                                    O New Weapon Attack Range: 2
[9/20/19 15:49:37:507 UTC] 00000060 SystemOut                                                    O shouldIAttackCreature
[9/20/19 15:49:37:509 UTC] 00000060 SystemOut                                                    O Main Player HP: 100
[9/20/19 15:49:37:511 UTC] 00000060 SystemOut                                                    O Main Player Level: 1
[9/20/19 15:49:37:512 UTC] 00000060 SystemOut                                                    O Enemy Level: 6
[9/20/19 15:49:37:514 UTC] 00000060 SystemOut                                                    O Main Player HP: 100
[9/20/19 15:49:37:515 UTC] 00000060 SystemOut                                                    O Main Player Level: 1
[9/20/19 15:49:37:517 UTC] 00000060 SystemOut                                                    O Enemy Level: 5
[9/20/19 15:49:37:519 UTC] 00000060 SystemOut                                                    O Main Player HP: 100
[9/20/19 15:49:37:521 UTC] 00000060 SystemOut                                                    O Main Player Level: 1
[9/20/19 15:49:37:522 UTC] 00000060 SystemOut                                                    O Enemy Level: 9
[9/20/19 15:49:37:531 UTC] 00000060 SystemOut                                                    O Previous Weapon Hit Rating: 20
[9/20/19 15:49:37:533 UTC] 00000060 SystemOut                                                    O New Weapon Hit Rating: 20
[9/20/19 15:49:43:094 UTC] 00000043 SystemOut                                                    O shouldIAttackCreature
[9/20/19 15:49:43:096 UTC] 00000043 SystemOut                                                    O Main Player HP: 99
[9/20/19 15:49:43:098 UTC] 00000043 SystemOut                                                    O Main Player Level: 1
[9/20/19 15:49:43:100 UTC] 00000043 SystemOut                                                    O Enemy Level: 5
[9/20/19 15:49:43:101 UTC] 00000043 SystemOut                                                    O Main Player HP: 99
[9/20/19 15:49:43:103 UTC] 00000043 SystemOut                                                    O Main Player Level: 1
[9/20/19 15:49:43:104 UTC] 00000043 SystemOut                                                    O Enemy Level: 6
[9/20/19 15:49:43:106 UTC] 00000043 SystemOut                                                    O Main Player HP: 99
[9/20/19 15:49:43:107 UTC] 00000043 SystemOut                                                    O Main Player Level: 1
[9/20/19 15:49:43:109 UTC] 00000043 SystemOut                                                    O Enemy Level: 6
[9/20/19 15:49:43:110 UTC] 00000043 SystemOut                                                    O Main Player HP: 99
[9/20/19 15:49:43:112 UTC] 00000043 SystemOut                                                    O Main Player Level: 1
[9/20/19 15:49:43:113 UTC] 00000043 SystemOut                                                    O Enemy Level: 9
[9/20/19 15:49:43:116 UTC] 00000043 SystemOut                                                    O Main Player HP: 99
[9/20/19 15:49:43:117 UTC] 00000043 SystemOut                                                    O Main Player Level: 1
[9/20/19 15:49:43:119 UTC] 00000043 SystemOut                                                    O Enemy Level: 5
[9/20/19 15:49:43:123 UTC] 00000043 SystemOut                                                    O Previous Weapon Hit Rating: 20
[9/20/19 15:49:43:125 UTC] 00000043 SystemOut                                                    O New Weapon Hit Rating: 20
[9/20/19 15:49:43:404 UTC] 0000004a SystemOut                                                    O unprovokedAttackShouldIAttackBack
[9/20/19 15:49:43:408 UTC] 0000004a SystemOut                                                    O Main Player HP: 97
[9/20/19 15:49:43:411 UTC] 0000004a SystemOut                                                    O Main Player Level: 1
[9/20/19 15:49:43:413 UTC] 0000004a SystemOut                                                    O Enemy Level: 6
[9/20/19 15:49:43:415 UTC] 0000004a SystemOut                                                    O Defense attack!!!
[9/20/19 15:49:43:773 UTC] 00000033 SystemOut                                                    O unprovokedAttackShouldIAttackBack
[9/20/19 15:49:43:775 UTC] 00000033 SystemOut                                                    O Main Player HP: 92
[9/20/19 15:49:43:777 UTC] 00000033 SystemOut                                                    O Main Player Level: 1
[9/20/19 15:49:43:779 UTC] 00000033 SystemOut                                                    O Enemy Level: 5
[9/20/19 15:49:43:781 UTC] 00000033 SystemOut                                                    O Defense attack!!!
[9/20/19 15:49:44:672 UTC] 00000087 SystemOut                                                    O shouldIAttackCreature
[9/20/19 15:49:44:674 UTC] 00000087 SystemOut                                                    O Main Player HP: 87
[9/20/19 15:49:44:676 UTC] 00000087 SystemOut                                                    O Main Player Level: 1
[9/20/19 15:49:44:678 UTC] 00000087 SystemOut                                                    O Enemy Level: 9
[9/20/19 15:49:44:679 UTC] 00000087 SystemOut                                                    O Main Player HP: 87
[9/20/19 15:49:44:681 UTC] 00000087 SystemOut                                                    O Main Player Level: 1
[9/20/19 15:49:44:682 UTC] 00000087 SystemOut                                                    O Enemy Level: 5
[9/20/19 15:49:47:225 UTC] 00000071 SystemOut                                                    O shouldIAttackCreature
[9/20/19 15:49:47:228 UTC] 00000071 SystemOut                                                    O Main Player HP: 87
[9/20/19 15:49:47:230 UTC] 00000071 SystemOut                                                    O Main Player Level: 1
[9/20/19 15:49:47:231 UTC] 00000071 SystemOut                                                    O Enemy Level: 6
[9/20/19 15:49:47:233 UTC] 00000071 SystemOut                                                    O Main Player HP: 87
[9/20/19 15:49:47:234 UTC] 00000071 SystemOut                                                    O Main Player Level: 1
[9/20/19 15:49:47:236 UTC] 00000071 SystemOut                                                    O Enemy Level: 5
[9/20/19 15:49:47:237 UTC] 00000071 SystemOut                                                    O Main Player HP: 87
[9/20/19 15:49:47:239 UTC] 00000071 SystemOut                                                    O Main Player Level: 1
[9/20/19 15:49:47:240 UTC] 00000071 SystemOut                                                    O Enemy Level: 9
[9/20/19 15:49:47:429 UTC] 00000062 SystemOut                                                    O shouldIAttackCreature
[9/20/19 15:49:47:431 UTC] 00000062 SystemOut                                                    O Main Player HP: 87
[9/20/19 15:49:47:433 UTC] 00000062 SystemOut                                                    O Main Player Level: 1
[9/20/19 15:49:47:435 UTC] 00000062 SystemOut                                                    O Enemy Level: 6
[9/20/19 15:49:47:436 UTC] 00000062 SystemOut                                                    O Main Player HP: 87
[9/20/19 15:49:47:438 UTC] 00000062 SystemOut                                                    O Main Player Level: 1
[9/20/19 15:49:47:440 UTC] 00000062 SystemOut                                                    O Enemy Level: 5
[9/20/19 15:49:47:442 UTC] 00000062 SystemOut                                                    O Main Player HP: 87
[9/20/19 15:49:47:444 UTC] 00000062 SystemOut                                                    O Main Player Level: 1
[9/20/19 15:49:47:445 UTC] 00000062 SystemOut                                                    O Enemy Level: 9
[9/20/19 15:49:51:359 UTC] 00000092 SystemOut                                                    O shouldIAttackCreature
[9/20/19 15:49:51:362 UTC] 00000092 SystemOut                                                    O Main Player HP: 87
[9/20/19 15:49:51:364 UTC] 00000092 SystemOut                                                    O Main Player Level: 1
[9/20/19 15:49:51:366 UTC] 00000092 SystemOut                                                    O Enemy Level: 6
[9/20/19 15:49:51:367 UTC] 00000092 SystemOut                                                    O Main Player HP: 87
[9/20/19 15:49:51:369 UTC] 00000092 SystemOut                                                    O Main Player Level: 1
[9/20/19 15:49:51:371 UTC] 00000092 SystemOut                                                    O Enemy Level: 5
[9/20/19 15:49:51:373 UTC] 00000092 SystemOut                                                    O Encountered Armour: SHIELD, 4
[9/20/19 15:49:57:605 UTC] 00000071 SystemOut                                                    O unprovokedAttackShouldIAttackBack
[9/20/19 15:49:57:608 UTC] 00000071 SystemOut                                                    O Main Player HP: 85
[9/20/19 15:49:57:610 UTC] 00000071 SystemOut                                                    O Main Player Level: 1
[9/20/19 15:49:57:611 UTC] 00000071 SystemOut                                                    O Enemy Level: 6
[9/20/19 15:49:57:613 UTC] 00000071 SystemOut                                                    O Defense attack!!!
[9/20/19 15:49:58:212 UTC] 000000a4 SystemOut                                                    O unprovokedAttackShouldIAttackBack
[9/20/19 15:49:58:215 UTC] 000000a4 SystemOut                                                    O Main Player HP: 72
[9/20/19 15:49:58:217 UTC] 000000a4 SystemOut                                                    O Main Player Level: 1
[9/20/19 15:49:58:219 UTC] 000000a4 SystemOut                                                    O Enemy Level: 6
[9/20/19 15:49:58:221 UTC] 000000a4 SystemOut                                                    O Defense attack!!!
[9/20/19 15:49:59:224 UTC] 0000006f SystemOut                                                    O unprovokedAttackShouldIAttackBack
[9/20/19 15:49:59:250 UTC] 0000006f SystemOut                                                    O Main Player HP: 64
[9/20/19 15:49:59:253 UTC] 0000006f SystemOut                                                    O Main Player Level: 1
[9/20/19 15:49:59:255 UTC] 0000006f SystemOut                                                    O Enemy Level: 5
[9/20/19 15:49:59:258 UTC] 0000006f SystemOut                                                    O Defense attack!!!
[9/20/19 15:50:00:245 UTC] 000000a6 SystemOut                                                    O shouldIAttackCreature
[9/20/19 15:50:00:249 UTC] 000000a6 SystemOut                                                    O Main Player HP: 60
[9/20/19 15:50:00:252 UTC] 000000a6 SystemOut                                                    O Main Player Level: 1
[9/20/19 15:50:00:255 UTC] 000000a6 SystemOut                                                    O Enemy Level: 5
[9/20/19 15:50:00:259 UTC] 000000a6 SystemOut                                                    O Main Player HP: 60
[9/20/19 15:50:00:262 UTC] 000000a6 SystemOut                                                    O Main Player Level: 1
[9/20/19 15:50:00:265 UTC] 000000a6 SystemOut                                                    O Enemy Level: 1
[9/20/19 15:50:00:268 UTC] 000000a6 SystemOut                                                    O Attack creature!!!
[9/20/19 15:50:03:643 UTC] 00000062 SystemOut                                                    O shouldIAttackCreature
[9/20/19 15:50:03:670 UTC] 00000062 SystemOut                                                    O Main Player HP: 60
[9/20/19 15:50:03:675 UTC] 00000062 SystemOut                                                    O Main Player Level: 1
[9/20/19 15:50:03:679 UTC] 00000062 SystemOut                                                    O Enemy Level: 5
[9/20/19 15:50:03:857 UTC] 00000062 SystemOut                                                    O whereShouldIGo
[9/20/19 15:50:03:864 UTC] 00000062 SystemOut                                                    O Going to (130, 3)
[9/20/19 15:50:03:902 UTC] 00000062 SystemOut                                                    O shouldIAttackCreature
[9/20/19 15:50:03:912 UTC] 00000062 SystemOut                                                    O Main Player HP: 60
[9/20/19 15:50:03:918 UTC] 00000062 SystemOut                                                    O Main Player Level: 1
[9/20/19 15:50:03:924 UTC] 00000062 SystemOut                                                    O Enemy Level: 5
[9/20/19 15:50:03:997 UTC] 00000092 SystemOut                                                    O shouldIAttackCreature
[9/20/19 15:50:04:015 UTC] 00000092 SystemOut                                                    O Main Player HP: 60
[9/20/19 15:50:04:077 UTC] 00000092 SystemOut                                                    O Main Player Level: 1
[9/20/19 15:50:04:086 UTC] 00000092 SystemOut                                                    O Enemy Level: 5
[9/20/19 15:50:04:126 UTC] 00000092 SystemOut                                                    O shouldIAttackCreature
[9/20/19 15:50:04:130 UTC] 00000092 SystemOut                                                    O Main Player HP: 60
[9/20/19 15:50:04:135 UTC] 00000092 SystemOut                                                    O Main Player Level: 1
[9/20/19 15:50:04:139 UTC] 00000092 SystemOut                                                    O Enemy Level: 5
[9/20/19 15:50:04:278 UTC] 00000092 SystemOut                                                    O shouldIAttackCreature
[9/20/19 15:50:04:295 UTC] 00000092 SystemOut                                                    O Main Player HP: 60
[9/20/19 15:50:04:305 UTC] 00000092 SystemOut                                                    O Main Player Level: 1
[9/20/19 15:50:04:312 UTC] 00000092 SystemOut                                                    O Enemy Level: 5
[9/20/19 15:50:04:373 UTC] 00000092 SystemOut                                                    O shouldIAttackCreature
[9/20/19 15:50:04:382 UTC] 00000092 SystemOut                                                    O Main Player HP: 60
[9/20/19 15:50:04:389 UTC] 00000092 SystemOut                                                    O Main Player Level: 1
[9/20/19 15:50:04:396 UTC] 00000092 SystemOut                                                    O Enemy Level: 5
[9/20/19 15:50:04:463 UTC] 00000092 SystemOut                                                    O shouldIAttackCreature
[9/20/19 15:50:04:468 UTC] 00000092 SystemOut                                                    O Main Player HP: 60
[9/20/19 15:50:04:474 UTC] 00000092 SystemOut                                                    O Main Player Level: 1
[9/20/19 15:50:04:477 UTC] 00000092 SystemOut                                                    O Enemy Level: 5
[9/20/19 15:50:04:504 UTC] 00000092 SystemOut                                                    O shouldIAttackCreature
[9/20/19 15:50:04:507 UTC] 00000092 SystemOut                                                    O Main Player HP: 60
[9/20/19 15:50:04:510 UTC] 00000092 SystemOut                                                    O Main Player Level: 1
[9/20/19 15:50:04:516 UTC] 00000092 SystemOut                                                    O Enemy Level: 5
[9/20/19 15:50:04:542 UTC] 00000043 SystemOut                                                    O shouldIAttackCreature
[9/20/19 15:50:04:549 UTC] 00000043 SystemOut                                                    O Main Player HP: 60
[9/20/19 15:50:04:553 UTC] 00000043 SystemOut                                                    O Main Player Level: 1
[9/20/19 15:50:04:557 UTC] 00000043 SystemOut                                                    O Enemy Level: 5
[9/20/19 15:50:04:600 UTC] 00000043 SystemOut                                                    O shouldIAttackCreature
[9/20/19 15:50:04:607 UTC] 00000043 SystemOut                                                    O Main Player HP: 60
[9/20/19 15:50:04:611 UTC] 00000043 SystemOut                                                    O Main Player Level: 1
[9/20/19 15:50:04:617 UTC] 00000043 SystemOut                                                    O Enemy Level: 5
[9/20/19 15:50:04:648 UTC] 00000043 SystemOut                                                    O shouldIAttackCreature
[9/20/19 15:50:04:695 UTC] 00000043 SystemOut                                                    O Main Player HP: 60
[9/20/19 15:50:04:735 UTC] 00000043 SystemOut                                                    O Main Player Level: 1
[9/20/19 15:50:04:780 UTC] 00000043 SystemOut                                                    O Enemy Level: 5
[9/20/19 15:50:04:870 UTC] 00000043 SystemOut                                                    O shouldIAttackCreature
[9/20/19 15:50:04:882 UTC] 00000043 SystemOut                                                    O Main Player HP: 60
[9/20/19 15:50:04:891 UTC] 00000043 SystemOut                                                    O Main Player Level: 1
[9/20/19 15:50:04:900 UTC] 00000043 SystemOut                                                    O Enemy Level: 5
[9/20/19 15:50:05:163 UTC] 00000043 SystemOut                                                    O shouldIAttackCreature
[9/20/19 15:50:05:185 UTC] 00000043 SystemOut                                                    O Main Player HP: 60
[9/20/19 15:50:05:190 UTC] 00000043 SystemOut                                                    O Main Player Level: 1
[9/20/19 15:50:05:196 UTC] 00000043 SystemOut                                                    O Enemy Level: 5
[9/20/19 15:50:05:261 UTC] 00000043 SystemOut                                                    O shouldIAttackCreature
[9/20/19 15:50:05:457 UTC] 00000092 SystemOut                                                    O shouldIAttackCreature
[9/20/19 15:50:05:512 UTC] 00000092 SystemOut                                                    O shouldIAttackCreature
[9/20/19 15:50:05:629 UTC] 00000092 SystemOut                                                    O shouldIAttackCreature
[9/20/19 15:50:05:685 UTC] 00000092 SystemOut                                                    O shouldIAttackCreature
[9/20/19 15:50:05:751 UTC] 00000092 SystemOut                                                    O shouldIAttackCreature
[9/20/19 15:50:05:945 UTC] 00000092 SystemOut                                                    O shouldIAttackCreature
[9/20/19 15:50:05:983 UTC] 00000062 SystemOut                                                    O shouldIAttackCreature
[9/20/19 15:50:06:099 UTC] 00000062 SystemOut                                                    O shouldIAttackCreature
[9/20/19 15:50:06:193 UTC] 00000062 SystemOut                                                    O shouldIAttackCreature
[9/20/19 15:50:06:332 UTC] 00000062 SystemOut                                                    O shouldIAttackCreature
[9/20/19 15:50:06:430 UTC] 00000062 SystemOut                                                    O shouldIAttackCreature
[9/20/19 15:50:06:507 UTC] 00000062 SystemOut                                                    O shouldIAttackCreature
[9/20/19 15:50:06:537 UTC] 00000062 SystemOut                                                    O shouldIAttackCreature
[9/20/19 15:50:06:566 UTC] 000000ae SystemOut                                                    O shouldIAttackCreature
[9/20/19 15:50:06:619 UTC] 000000ae SystemOut                                                    O shouldIAttackCreature
[9/20/19 15:50:06:651 UTC] 000000ae SystemOut                                                    O shouldIAttackCreature
[9/20/19 15:50:06:685 UTC] 000000ae SystemOut                                                    O shouldIAttackCreature
[9/20/19 15:50:06:746 UTC] 000000ae SystemOut                                                    O shouldIAttackCreature
[9/20/19 15:50:06:783 UTC] 000000ae SystemOut                                                    O shouldIAttackCreature
[9/20/19 15:50:06:814 UTC] 000000ae SystemOut                                                    O shouldIAttackCreature
[9/20/19 15:50:06:859 UTC] 00000043 SystemOut                                                    O shouldIAttackCreature
[9/20/19 15:50:06:894 UTC] 00000043 SystemOut                                                    O shouldIAttackCreature
[9/20/19 15:50:06:927 UTC] 00000043 SystemOut                                                    O shouldIAttackCreature
[9/20/19 15:50:06:964 UTC] 00000043 SystemOut                                                    O shouldIAttackCreature
[9/20/19 15:50:07:031 UTC] 000000a4 SystemOut                                                    O shouldIAttackCreature
[9/20/19 15:50:07:113 UTC] 0000007e SystemOut                                                    O shouldIAttackCreature
[9/20/19 15:50:07:222 UTC] 00000092 SystemOut                                                    O shouldIAttackCreature
[9/20/19 15:50:07:332 UTC] 000000a6 SystemOut                                                    O shouldIAttackCreature
[9/20/19 15:50:07:421 UTC] 000000a1 SystemOut                                                    O shouldIAttackCreature
[9/20/19 15:50:07:517 UTC] 000000a4 SystemOut                                                    O shouldIAttackCreature
[9/20/19 15:50:07:694 UTC] 0000007e SystemOut                                                    O shouldIAttackCreature
[9/20/19 15:50:07:701 UTC] 0000007e SystemOut                                                    O Main Player HP: 60
[9/20/19 15:50:07:707 UTC] 0000007e SystemOut                                                    O Main Player Level: 1
[9/20/19 15:50:07:714 UTC] 0000007e SystemOut                                                    O Enemy Level: 5
[9/20/19 15:50:07:722 UTC] 0000007e SystemOut                                                    O whereShouldIGo
[9/20/19 15:50:07:732 UTC] 0000007e SystemOut                                                    O Going to (187, 320)
[9/20/19 15:50:07:886 UTC] 00000092 SystemOut                                                    O shouldIAttackCreature
[9/20/19 15:50:07:891 UTC] 00000092 SystemOut                                                    O Main Player HP: 60
[9/20/19 15:50:07:896 UTC] 00000092 SystemOut                                                    O Main Player Level: 1
[9/20/19 15:50:07:900 UTC] 00000092 SystemOut                                                    O Enemy Level: 5
[9/20/19 15:50:07:933 UTC] 00000092 SystemOut                                                    O shouldIAttackCreature
[9/20/19 15:50:07:938 UTC] 00000092 SystemOut                                                    O Main Player HP: 60
[9/20/19 15:50:07:942 UTC] 00000092 SystemOut                                                    O Main Player Level: 1
[9/20/19 15:50:07:947 UTC] 00000092 SystemOut                                                    O Enemy Level: 5
[9/20/19 15:50:08:001 UTC] 000000ae SystemOut                                                    O shouldIAttackCreature
[9/20/19 15:50:08:004 UTC] 000000ae SystemOut                                                    O Main Player HP: 60
[9/20/19 15:50:08:009 UTC] 000000ae SystemOut                                                    O Main Player Level: 1
[9/20/19 15:50:08:013 UTC] 000000ae SystemOut                                                    O Enemy Level: 5
[9/20/19 15:50:08:038 UTC] 0000006f SystemOut                                                    O shouldIAttackCreature
[9/20/19 15:50:08:043 UTC] 0000006f SystemOut                                                    O Main Player HP: 60
[9/20/19 15:50:08:048 UTC] 0000006f SystemOut                                                    O Main Player Level: 1
[9/20/19 15:50:08:051 UTC] 0000006f SystemOut                                                    O Enemy Level: 5
[9/20/19 15:50:08:056 UTC] 0000006f SystemOut                                                    O Main Player HP: 60
[9/20/19 15:50:08:061 UTC] 0000006f SystemOut                                                    O Main Player Level: 1
[9/20/19 15:50:08:067 UTC] 0000006f SystemOut                                                    O Enemy Level: 5
[9/20/19 15:50:08:137 UTC] 000000a4 SystemOut                                                    O shouldIAttackCreature
[9/20/19 15:50:08:144 UTC] 000000a4 SystemOut                                                    O Main Player HP: 60
[9/20/19 15:50:08:154 UTC] 000000a4 SystemOut                                                    O Main Player Level: 1
[9/20/19 15:50:08:164 UTC] 000000a4 SystemOut                                                    O Enemy Level: 5
[9/20/19 15:50:08:175 UTC] 000000a4 SystemOut                                                    O Main Player HP: 60
[9/20/19 15:50:08:181 UTC] 000000a4 SystemOut                                                    O Main Player Level: 1
[9/20/19 15:50:08:184 UTC] 000000a4 SystemOut                                                    O Enemy Level: 5
[9/20/19 15:50:08:190 UTC] 000000a4 SystemOut                                                    O Main Player HP: 60
[9/20/19 15:50:08:195 UTC] 000000a4 SystemOut                                                    O Main Player Level: 1
[9/20/19 15:50:08:203 UTC] 000000a4 SystemOut                                                    O Enemy Level: 5
[9/20/19 15:50:08:257 UTC] 000000b4 SystemOut                                                    O shouldIAttackCreature
[9/20/19 15:50:08:262 UTC] 000000b4 SystemOut                                                    O Main Player HP: 60
[9/20/19 15:50:08:265 UTC] 000000b4 SystemOut                                                    O Main Player Level: 1
[9/20/19 15:50:08:269 UTC] 000000b4 SystemOut                                                    O Enemy Level: 5
[9/20/19 15:50:08:274 UTC] 000000b4 SystemOut                                                    O Main Player HP: 60
[9/20/19 15:50:08:277 UTC] 000000b4 SystemOut                                                    O Main Player Level: 1
[9/20/19 15:50:08:282 UTC] 000000b4 SystemOut                                                    O Enemy Level: 5
[9/20/19 15:50:08:285 UTC] 000000b4 SystemOut                                                    O Main Player HP: 60
[9/20/19 15:50:08:289 UTC] 000000b4 SystemOut                                                    O Main Player Level: 1
[9/20/19 15:50:08:293 UTC] 000000b4 SystemOut                                                    O Enemy Level: 5
[9/20/19 15:50:08:296 UTC] 000000b4 SystemOut                                                    O Main Player HP: 60
[9/20/19 15:50:08:301 UTC] 000000b4 SystemOut                                                    O Main Player Level: 1
[9/20/19 15:50:08:306 UTC] 000000b4 SystemOut                                                    O Enemy Level: 5
[9/20/19 15:50:08:336 UTC] 0000009e SystemOut                                                    O shouldIAttackCreature
[9/20/19 15:50:08:341 UTC] 0000009e SystemOut                                                    O Main Player HP: 60
[9/20/19 15:50:08:346 UTC] 0000009e SystemOut                                                    O Main Player Level: 1
[9/20/19 15:50:08:350 UTC] 0000009e SystemOut                                                    O Enemy Level: 5
[9/20/19 15:50:08:355 UTC] 0000009e SystemOut                                                    O Main Player HP: 60
[9/20/19 15:50:08:360 UTC] 0000009e SystemOut                                                    O Main Player Level: 1
[9/20/19 15:50:08:364 UTC] 0000009e SystemOut                                                    O Enemy Level: 5
[9/20/19 15:50:08:368 UTC] 0000009e SystemOut                                                    O Main Player HP: 60
[9/20/19 15:50:08:372 UTC] 0000009e SystemOut                                                    O Main Player Level: 1
[9/20/19 15:50:08:375 UTC] 0000009e SystemOut                                                    O Enemy Level: 5
[9/20/19 15:50:08:426 UTC] 00000092 SystemOut                                                    O shouldIAttackCreature
[9/20/19 15:50:08:429 UTC] 00000092 SystemOut                                                    O Main Player HP: 60
[9/20/19 15:50:08:435 UTC] 00000092 SystemOut                                                    O Main Player Level: 1
[9/20/19 15:50:08:438 UTC] 00000092 SystemOut                                                    O Enemy Level: 5
[9/20/19 15:50:08:442 UTC] 00000092 SystemOut                                                    O Main Player HP: 60
[9/20/19 15:50:08:447 UTC] 00000092 SystemOut                                                    O Main Player Level: 1
[9/20/19 15:50:08:451 UTC] 00000092 SystemOut                                                    O Enemy Level: 5
[9/20/19 15:50:08:547 UTC] 0000004a SystemOut                                                    O shouldIAttackCreature
[9/20/19 15:50:08:639 UTC] 0000004a SystemOut                                                    O Main Player HP: 60
[9/20/19 15:50:08:643 UTC] 0000004a SystemOut                                                    O Main Player Level: 1
[9/20/19 15:50:08:646 UTC] 0000004a SystemOut                                                    O Enemy Level: 5
[9/20/19 15:50:08:676 UTC] 00000085 SystemOut                                                    O shouldIAttackCreature
[9/20/19 15:50:08:681 UTC] 00000085 SystemOut                                                    O Main Player HP: 60
[9/20/19 15:50:08:685 UTC] 00000085 SystemOut                                                    O Main Player Level: 1
[9/20/19 15:50:08:688 UTC] 00000085 SystemOut                                                    O Enemy Level: 5
[9/20/19 15:50:08:752 UTC] 000000b9 SystemOut                                                    O shouldIAttackCreature
[9/20/19 15:50:08:762 UTC] 000000b9 SystemOut                                                    O Main Player HP: 60
[9/20/19 15:50:08:767 UTC] 000000b9 SystemOut                                                    O Main Player Level: 1
[9/20/19 15:50:08:772 UTC] 000000b9 SystemOut                                                    O Enemy Level: 5
[9/20/19 15:50:08:855 UTC] 000000bd SystemOut                                                    O shouldIAttackCreature
[9/20/19 15:50:08:862 UTC] 000000bd SystemOut                                                    O Main Player HP: 60
[9/20/19 15:50:08:865 UTC] 000000bd SystemOut                                                    O Main Player Level: 1
[9/20/19 15:50:08:870 UTC] 000000bd SystemOut                                                    O Enemy Level: 5
[9/20/19 15:50:08:944 UTC] 000000bf SystemOut                                                    O shouldIAttackCreature
[9/20/19 15:50:08:948 UTC] 000000bf SystemOut                                                    O Main Player HP: 60
[9/20/19 15:50:08:951 UTC] 000000bf SystemOut                                                    O Main Player Level: 1
[9/20/19 15:50:08:953 UTC] 000000bf SystemOut                                                    O Enemy Level: 5
[9/20/19 15:50:09:031 UTC] 000000a4 SystemOut                                                    O shouldIAttackCreature
[9/20/19 15:50:09:034 UTC] 000000a4 SystemOut                                                    O Main Player HP: 60
[9/20/19 15:50:09:037 UTC] 000000a4 SystemOut                                                    O Main Player Level: 1
[9/20/19 15:50:09:039 UTC] 000000a4 SystemOut                                                    O Enemy Level: 5
[9/20/19 15:50:09:159 UTC] 00000033 SystemOut                                                    O shouldIAttackCreature
[9/20/19 15:50:09:162 UTC] 00000033 SystemOut                                                    O Main Player HP: 60
[9/20/19 15:50:09:164 UTC] 00000033 SystemOut                                                    O Main Player Level: 1
[9/20/19 15:50:09:166 UTC] 00000033 SystemOut                                                    O Enemy Level: 5
[9/20/19 15:50:09:247 UTC] 000000a1 SystemOut                                                    O shouldIAttackCreature
[9/20/19 15:50:09:250 UTC] 000000a1 SystemOut                                                    O Main Player HP: 60
[9/20/19 15:50:09:254 UTC] 000000a1 SystemOut                                                    O Main Player Level: 1
[9/20/19 15:50:09:256 UTC] 000000a1 SystemOut                                                    O Enemy Level: 5
[9/20/19 15:50:09:331 UTC] 0000004a SystemOut                                                    O shouldIAttackCreature
[9/20/19 15:50:09:333 UTC] 0000004a SystemOut                                                    O Main Player HP: 60
[9/20/19 15:50:09:336 UTC] 0000004a SystemOut                                                    O Main Player Level: 1
[9/20/19 15:50:09:338 UTC] 0000004a SystemOut                                                    O Enemy Level: 5
[9/20/19 15:50:09:454 UTC] 00000085 SystemOut                                                    O shouldIAttackCreature
[9/20/19 15:50:09:457 UTC] 00000085 SystemOut                                                    O Main Player HP: 60
[9/20/19 15:50:09:460 UTC] 00000085 SystemOut                                                    O Main Player Level: 1
[9/20/19 15:50:09:463 UTC] 00000085 SystemOut                                                    O Enemy Level: 5
[9/20/19 15:50:09:542 UTC] 000000b8 SystemOut                                                    O shouldIAttackCreature
[9/20/19 15:50:09:545 UTC] 000000b8 SystemOut                                                    O Main Player HP: 60
[9/20/19 15:50:09:548 UTC] 000000b8 SystemOut                                                    O Main Player Level: 1
[9/20/19 15:50:09:551 UTC] 000000b8 SystemOut                                                    O Enemy Level: 5
[9/20/19 15:50:09:630 UTC] 000000bd SystemOut                                                    O shouldIAttackCreature
[9/20/19 15:50:09:633 UTC] 000000bd SystemOut                                                    O Main Player HP: 60
[9/20/19 15:50:09:635 UTC] 000000bd SystemOut                                                    O Main Player Level: 1
[9/20/19 15:50:09:637 UTC] 000000bd SystemOut                                                    O Enemy Level: 5
[9/20/19 15:50:09:639 UTC] 000000bd SystemOut                                                    O Main Player HP: 60
[9/20/19 15:50:09:641 UTC] 000000bd SystemOut                                                    O Main Player Level: 1
[9/20/19 15:50:09:642 UTC] 000000bd SystemOut                                                    O Enemy Level: 5
[9/20/19 15:50:09:755 UTC] 000000bf SystemOut                                                    O shouldIAttackCreature
[9/20/19 15:50:09:758 UTC] 000000bf SystemOut                                                    O Main Player HP: 60
[9/20/19 15:50:09:760 UTC] 000000bf SystemOut                                                    O Main Player Level: 1
[9/20/19 15:50:09:763 UTC] 000000bf SystemOut                                                    O Enemy Level: 5
[9/20/19 15:50:09:766 UTC] 000000bf SystemOut                                                    O Main Player HP: 60
[9/20/19 15:50:09:768 UTC] 000000bf SystemOut                                                    O Main Player Level: 1
[9/20/19 15:50:09:771 UTC] 000000bf SystemOut                                                    O Enemy Level: 5
[9/20/19 15:50:09:843 UTC] 00000098 SystemOut                                                    O shouldIAttackCreature
[9/20/19 15:50:09:846 UTC] 00000098 SystemOut                                                    O Main Player HP: 60
[9/20/19 15:50:09:848 UTC] 00000098 SystemOut                                                    O Main Player Level: 1
[9/20/19 15:50:09:851 UTC] 00000098 SystemOut                                                    O Enemy Level: 5
[9/20/19 15:50:09:854 UTC] 00000098 SystemOut                                                    O Main Player HP: 60
[9/20/19 15:50:09:857 UTC] 00000098 SystemOut                                                    O Main Player Level: 1
[9/20/19 15:50:09:863 UTC] 00000098 SystemOut                                                    O Enemy Level: 5
[9/20/19 15:50:09:942 UTC] 000000b4 SystemOut                                                    O shouldIAttackCreature
[9/20/19 15:50:09:945 UTC] 000000b4 SystemOut                                                    O Main Player HP: 60
[9/20/19 15:50:09:948 UTC] 000000b4 SystemOut                                                    O Main Player Level: 1
[9/20/19 15:50:09:952 UTC] 000000b4 SystemOut                                                    O Enemy Level: 5
[9/20/19 15:50:10:048 UTC] 00000092 SystemOut                                                    O shouldIAttackCreature
[9/20/19 15:50:10:052 UTC] 00000092 SystemOut                                                    O Main Player HP: 60
[9/20/19 15:50:10:056 UTC] 00000092 SystemOut                                                    O Main Player Level: 1
[9/20/19 15:50:10:060 UTC] 00000092 SystemOut                                                    O Enemy Level: 5
[9/20/19 15:50:10:157 UTC] 000000b8 SystemOut                                                    O shouldIAttackCreature
[9/20/19 15:50:10:160 UTC] 000000b8 SystemOut                                                    O Main Player HP: 60
[9/20/19 15:50:10:162 UTC] 000000b8 SystemOut                                                    O Main Player Level: 1
[9/20/19 15:50:10:165 UTC] 000000b8 SystemOut                                                    O Enemy Level: 5
[9/20/19 15:50:10:243 UTC] 000000be SystemOut                                                    O shouldIAttackCreature
[9/20/19 15:50:10:247 UTC] 000000be SystemOut                                                    O Main Player HP: 60
[9/20/19 15:50:10:250 UTC] 000000be SystemOut                                                    O Main Player Level: 1
[9/20/19 15:50:10:254 UTC] 000000be SystemOut                                                    O Enemy Level: 5
[9/20/19 15:50:10:344 UTC] 000000c0 SystemOut                                                    O shouldIAttackCreature
[9/20/19 15:50:10:347 UTC] 000000c0 SystemOut                                                    O Main Player HP: 60
[9/20/19 15:50:10:350 UTC] 000000c0 SystemOut                                                    O Main Player Level: 1
[9/20/19 15:50:10:353 UTC] 000000c0 SystemOut                                                    O Enemy Level: 5
[9/20/19 15:50:10:454 UTC] 00000082 SystemOut                                                    O shouldIAttackCreature
[9/20/19 15:50:10:459 UTC] 00000082 SystemOut                                                    O Main Player HP: 60
[9/20/19 15:50:10:462 UTC] 00000082 SystemOut                                                    O Main Player Level: 1
[9/20/19 15:50:10:464 UTC] 00000082 SystemOut                                                    O Enemy Level: 5
[9/20/19 15:50:10:546 UTC] 000000a4 SystemOut                                                    O unprovokedAttackShouldIAttackBack
[9/20/19 15:50:10:549 UTC] 000000a4 SystemOut                                                    O Main Player HP: 59
[9/20/19 15:50:10:552 UTC] 000000a4 SystemOut                                                    O Main Player Level: 1
[9/20/19 15:50:10:555 UTC] 000000a4 SystemOut                                                    O Enemy Level: 5
[9/20/19 15:50:10:557 UTC] 000000a4 SystemOut                                                    O Defense attack!!!
[9/20/19 15:50:11:457 UTC] 000000a1 SystemOut                                                    O shouldIAttackCreature
[9/20/19 15:50:11:461 UTC] 000000a1 SystemOut                                                    O whereShouldIGo
[9/20/19 15:50:11:465 UTC] 000000a1 SystemOut                                                    O Going to (14, 158)
[9/20/19 15:50:11:560 UTC] 0000004a SystemOut                                                    O shouldIAttackCreature
[9/20/19 15:50:11:669 UTC] 000000ba SystemOut                                                    O shouldIAttackCreature
[9/20/19 15:50:11:768 UTC] 000000ae SystemOut                                                    O shouldIAttackCreature
[9/20/19 15:50:11:862 UTC] 000000bf SystemOut                                                    O shouldIAttackCreature
[9/20/19 15:50:11:979 UTC] 0000009e SystemOut                                                    O shouldIAttackCreature
[9/20/19 15:50:12:057 UTC] 00000071 SystemOut                                                    O shouldIAttackCreature
[9/20/19 15:50:12:159 UTC] 00000085 SystemOut                                                    O shouldIAttackCreature
[9/20/19 15:50:12:291 UTC] 000000ba SystemOut                                                    O shouldIAttackCreature
[9/20/19 15:50:12:295 UTC] 000000ba SystemOut                                                    O Main Player HP: 57
[9/20/19 15:50:12:299 UTC] 000000ba SystemOut                                                    O Main Player Level: 1
[9/20/19 15:50:12:302 UTC] 000000ba SystemOut                                                    O Enemy Level: 6
[9/20/19 15:50:12:377 UTC] 000000bd SystemOut                                                    O shouldIAttackCreature
[9/20/19 15:50:12:382 UTC] 000000bd SystemOut                                                    O Main Player HP: 57
[9/20/19 15:50:12:385 UTC] 000000bd SystemOut                                                    O Main Player Level: 1
[9/20/19 15:50:12:389 UTC] 000000bd SystemOut                                                    O Enemy Level: 6
[9/20/19 15:50:12:487 UTC] 000000c0 SystemOut                                                    O shouldIAttackCreature
[9/20/19 15:50:12:492 UTC] 000000c0 SystemOut                                                    O Main Player HP: 57
[9/20/19 15:50:12:497 UTC] 000000c0 SystemOut                                                    O Main Player Level: 1
[9/20/19 15:50:12:500 UTC] 000000c0 SystemOut                                                    O Enemy Level: 6
[9/20/19 15:50:12:578 UTC] 0000009e SystemOut                                                    O shouldIAttackCreature
[9/20/19 15:50:12:613 UTC] 0000009e SystemOut                                                    O Main Player HP: 57
[9/20/19 15:50:12:618 UTC] 0000009e SystemOut                                                    O Main Player Level: 1
[9/20/19 15:50:12:622 UTC] 0000009e SystemOut                                                    O Enemy Level: 6
[9/20/19 15:50:12:697 UTC] 00000033 SystemOut                                                    O shouldIAttackCreature
[9/20/19 15:50:12:704 UTC] 00000033 SystemOut                                                    O Main Player HP: 57
[9/20/19 15:50:12:710 UTC] 00000033 SystemOut                                                    O Main Player Level: 1
[9/20/19 15:50:12:717 UTC] 00000033 SystemOut                                                    O Enemy Level: 6
[9/20/19 15:50:12:796 UTC] 00000071 SystemOut                                                    O shouldIAttackCreature
[9/20/19 15:50:12:803 UTC] 00000071 SystemOut                                                    O Main Player HP: 57
[9/20/19 15:50:12:809 UTC] 00000071 SystemOut                                                    O Main Player Level: 1
[9/20/19 15:50:12:814 UTC] 00000071 SystemOut                                                    O Enemy Level: 6
[9/20/19 15:50:12:883 UTC] 000000a1 SystemOut                                                    O shouldIAttackCreature
[9/20/19 15:50:12:891 UTC] 000000a1 SystemOut                                                    O Main Player HP: 57
[9/20/19 15:50:12:897 UTC] 000000a1 SystemOut                                                    O Main Player Level: 1
[9/20/19 15:50:12:904 UTC] 000000a1 SystemOut                                                    O Enemy Level: 6
[9/20/19 15:50:12:989 UTC] 00000036 SystemOut                                                    O shouldIAttackCreature
[9/20/19 15:50:12:993 UTC] 00000036 SystemOut                                                    O Main Player HP: 57
[9/20/19 15:50:12:996 UTC] 00000036 SystemOut                                                    O Main Player Level: 1
[9/20/19 15:50:12:999 UTC] 00000036 SystemOut                                                    O Enemy Level: 6
[9/20/19 15:50:13:078 UTC] 000000ae SystemOut                                                    O shouldIAttackCreature
[9/20/19 15:50:13:082 UTC] 000000ae SystemOut                                                    O Main Player HP: 57
[9/20/19 15:50:13:087 UTC] 000000ae SystemOut                                                    O Main Player Level: 1
[9/20/19 15:50:13:091 UTC] 000000ae SystemOut                                                    O Enemy Level: 6
[9/20/19 15:50:13:182 UTC] 000000a4 SystemOut                                                    O shouldIAttackCreature
[9/20/19 15:50:13:186 UTC] 000000a4 SystemOut                                                    O Main Player HP: 57
[9/20/19 15:50:13:190 UTC] 000000a4 SystemOut                                                    O Main Player Level: 1
[9/20/19 15:50:13:194 UTC] 000000a4 SystemOut                                                    O Enemy Level: 6
[9/20/19 15:50:13:306 UTC] 000000a6 SystemOut                                                    O shouldIAttackCreature
[9/20/19 15:50:13:311 UTC] 000000a6 SystemOut                                                    O Main Player HP: 57
[9/20/19 15:50:13:315 UTC] 000000a6 SystemOut                                                    O Main Player Level: 1
[9/20/19 15:50:13:320 UTC] 000000a6 SystemOut                                                    O Enemy Level: 6
[9/20/19 15:50:13:381 UTC] 00000062 SystemOut                                                    O shouldIAttackCreature
[9/20/19 15:50:13:424 UTC] 00000062 SystemOut                                                    O Main Player HP: 57
[9/20/19 15:50:13:426 UTC] 00000062 SystemOut                                                    O Main Player Level: 1
[9/20/19 15:50:13:429 UTC] 00000062 SystemOut                                                    O Enemy Level: 6
[9/20/19 15:50:13:479 UTC] 00000082 SystemOut                                                    O shouldIAttackCreature
[9/20/19 15:50:13:483 UTC] 00000082 SystemOut                                                    O Main Player HP: 57
[9/20/19 15:50:13:486 UTC] 00000082 SystemOut                                                    O Main Player Level: 1
[9/20/19 15:50:13:489 UTC] 00000082 SystemOut                                                    O Enemy Level: 6
[9/20/19 15:50:13:492 UTC] 00000082 SystemOut                                                    O Main Player HP: 57
[9/20/19 15:50:13:496 UTC] 00000082 SystemOut                                                    O Main Player Level: 1
[9/20/19 15:50:13:499 UTC] 00000082 SystemOut                                                    O Enemy Level: 1
[9/20/19 15:50:13:503 UTC] 00000082 SystemOut                                                    O Attack creature!!!
[9/20/19 15:50:16:210 UTC] 00000036 SystemOut                                                    O unprovokedAttackShouldIAttackBack
[9/20/19 15:50:16:215 UTC] 00000036 SystemOut                                                    O Main Player HP: 55
[9/20/19 15:50:16:218 UTC] 00000036 SystemOut                                                    O Main Player Level: 1
[9/20/19 15:50:16:222 UTC] 00000036 SystemOut                                                    O Enemy Level: 6
[9/20/19 15:50:16:225 UTC] 00000036 SystemOut                                                    O Defense attack!!!
[9/20/19 15:50:16:693 UTC] 0000006f SystemOut                                                    O shouldIAttackCreature
[9/20/19 15:50:16:698 UTC] 0000006f SystemOut                                                    O Main Player HP: 52
[9/20/19 15:50:16:701 UTC] 0000006f SystemOut                                                    O Main Player Level: 1
[9/20/19 15:50:16:705 UTC] 0000006f SystemOut                                                    O Enemy Level: 1
[9/20/19 15:50:16:710 UTC] 0000006f SystemOut                                                    O Attack creature!!!
